[1.767s] DEBUG:colcon:Command line arguments: ['/usr/bin/colcon', 'build']
[1.767s] DEBUG:colcon:Parsed command line arguments: Namespace(ament_cmake_args=None, base_paths=['.'], build_base='build', catkin_cmake_args=None, catkin_skip_building_tests=False, cmake_args=None, cmake_clean_cache=False, cmake_clean_first=False, cmake_force_configure=False, cmake_target=None, cmake_target_skip_unavailable=False, continue_on_error=False, event_handlers=None, executor='parallel', ignore_user_meta=False, install_base='install', log_base=None, log_level=None, main=<bound method BuildVerb.main of <colcon_core.verb.build.BuildVerb object at 0x7fae7f322978>>, merge_install=False, metas=['./colcon.meta'], mixin=None, mixin_files=None, mixin_verb=('build',), packages_above=None, packages_above_and_dependencies=None, packages_above_depth=None, packages_end=None, packages_ignore=None, packages_ignore_regex=None, packages_select=None, packages_select_build_failed=False, packages_select_by_dep=None, packages_select_regex=None, packages_select_test_failures=False, packages_skip=None, packages_skip_build_finished=False, packages_skip_by_dep=None, packages_skip_regex=None, packages_skip_test_passed=False, packages_skip_up_to=None, packages_start=None, packages_up_to=None, packages_up_to_regex=None, parallel_workers=6, paths=None, symlink_install=False, test_result_base=None, verb_extension=<colcon_core.verb.build.BuildVerb object at 0x7fae7f322978>, verb_name='build', verb_parser=<colcon_mixin.mixin.mixin_argument.MixinArgumentDecorator object at 0x7fae7f322d30>)
[1.922s] Level 1:colcon.colcon_core.package_discovery:discover_packages(colcon_meta) check parameters
[1.922s] Level 1:colcon.colcon_core.package_discovery:discover_packages(recursive) check parameters
[1.922s] Level 1:colcon.colcon_core.package_discovery:discover_packages(ignore) check parameters
[1.922s] Level 1:colcon.colcon_core.package_discovery:discover_packages(path) check parameters
[1.922s] Level 1:colcon.colcon_core.package_discovery:discover_packages(colcon_meta) discover
[1.922s] Level 1:colcon.colcon_core.package_discovery:discover_packages(recursive) discover
[1.922s] INFO:colcon.colcon_core.package_discovery:Crawling recursively for packages in '/home/acclivis/script/Node_lg_groundtruth_data_ws/lg_groundtruth_data_ws'
[1.923s] Level 1:colcon.colcon_core.package_identification:_identify(.) by extensions ['ignore', 'ignore_ament_install']
[1.923s] Level 1:colcon.colcon_core.package_identification:_identify(.) by extension 'ignore'
[1.923s] Level 1:colcon.colcon_core.package_identification:_identify(.) by extension 'ignore_ament_install'
[1.923s] Level 1:colcon.colcon_core.package_identification:_identify(.) by extensions ['colcon_pkg']
[1.923s] Level 1:colcon.colcon_core.package_identification:_identify(.) by extension 'colcon_pkg'
[1.923s] Level 1:colcon.colcon_core.package_identification:_identify(.) by extensions ['colcon_meta']
[1.923s] Level 1:colcon.colcon_core.package_identification:_identify(.) by extension 'colcon_meta'
[1.923s] Level 1:colcon.colcon_core.package_identification:_identify(.) by extensions ['ros']
[1.923s] Level 1:colcon.colcon_core.package_identification:_identify(.) by extension 'ros'
[1.993s] Level 1:colcon.colcon_core.package_identification:_identify(.) by extensions ['cmake', 'python']
[1.993s] Level 1:colcon.colcon_core.package_identification:_identify(.) by extension 'cmake'
[1.993s] Level 1:colcon.colcon_core.package_identification:_identify(.) by extension 'python'
[1.994s] Level 1:colcon.colcon_core.package_identification:_identify(.) by extensions ['python_setup_py']
[1.994s] Level 1:colcon.colcon_core.package_identification:_identify(.) by extension 'python_setup_py'
[1.994s] Level 1:colcon.colcon_core.package_identification:_identify(build) by extensions ['ignore', 'ignore_ament_install']
[1.994s] Level 1:colcon.colcon_core.package_identification:_identify(build) by extension 'ignore'
[1.994s] Level 1:colcon.colcon_core.package_identification:_identify(build) ignored
[1.995s] Level 1:colcon.colcon_core.package_identification:_identify(install) by extensions ['ignore', 'ignore_ament_install']
[1.996s] Level 1:colcon.colcon_core.package_identification:_identify(install) by extension 'ignore'
[1.996s] Level 1:colcon.colcon_core.package_identification:_identify(install) ignored
[1.997s] Level 1:colcon.colcon_core.package_identification:_identify(log) by extensions ['ignore', 'ignore_ament_install']
[1.997s] Level 1:colcon.colcon_core.package_identification:_identify(log) by extension 'ignore'
[1.997s] Level 1:colcon.colcon_core.package_identification:_identify(log) ignored
[1.998s] Level 1:colcon.colcon_core.package_identification:_identify(src) by extensions ['ignore', 'ignore_ament_install']
[1.998s] Level 1:colcon.colcon_core.package_identification:_identify(src) by extension 'ignore'
[1.998s] Level 1:colcon.colcon_core.package_identification:_identify(src) by extension 'ignore_ament_install'
[1.998s] Level 1:colcon.colcon_core.package_identification:_identify(src) by extensions ['colcon_pkg']
[1.998s] Level 1:colcon.colcon_core.package_identification:_identify(src) by extension 'colcon_pkg'
[1.998s] Level 1:colcon.colcon_core.package_identification:_identify(src) by extensions ['colcon_meta']
[1.999s] Level 1:colcon.colcon_core.package_identification:_identify(src) by extension 'colcon_meta'
[1.999s] Level 1:colcon.colcon_core.package_identification:_identify(src) by extensions ['ros']
[1.999s] Level 1:colcon.colcon_core.package_identification:_identify(src) by extension 'ros'
[1.999s] Level 1:colcon.colcon_core.package_identification:_identify(src) by extensions ['cmake', 'python']
[1.999s] Level 1:colcon.colcon_core.package_identification:_identify(src) by extension 'cmake'
[1.999s] Level 1:colcon.colcon_core.package_identification:_identify(src) by extension 'python'
[1.999s] Level 1:colcon.colcon_core.package_identification:_identify(src) by extensions ['python_setup_py']
[1.999s] Level 1:colcon.colcon_core.package_identification:_identify(src) by extension 'python_setup_py'
[2.000s] Level 1:colcon.colcon_core.package_identification:_identify(src/build) by extensions ['ignore', 'ignore_ament_install']
[2.000s] Level 1:colcon.colcon_core.package_identification:_identify(src/build) by extension 'ignore'
[2.000s] Level 1:colcon.colcon_core.package_identification:_identify(src/build) ignored
[2.000s] Level 1:colcon.colcon_core.package_identification:_identify(src/install) by extensions ['ignore', 'ignore_ament_install']
[2.000s] Level 1:colcon.colcon_core.package_identification:_identify(src/install) by extension 'ignore'
[2.000s] Level 1:colcon.colcon_core.package_identification:_identify(src/install) ignored
[2.001s] Level 1:colcon.colcon_core.package_identification:_identify(src/lg_sub_groundtruth) by extensions ['ignore', 'ignore_ament_install']
[2.001s] Level 1:colcon.colcon_core.package_identification:_identify(src/lg_sub_groundtruth) by extension 'ignore'
[2.001s] Level 1:colcon.colcon_core.package_identification:_identify(src/lg_sub_groundtruth) by extension 'ignore_ament_install'
[2.001s] Level 1:colcon.colcon_core.package_identification:_identify(src/lg_sub_groundtruth) by extensions ['colcon_pkg']
[2.001s] Level 1:colcon.colcon_core.package_identification:_identify(src/lg_sub_groundtruth) by extension 'colcon_pkg'
[2.001s] Level 1:colcon.colcon_core.package_identification:_identify(src/lg_sub_groundtruth) by extensions ['colcon_meta']
[2.001s] Level 1:colcon.colcon_core.package_identification:_identify(src/lg_sub_groundtruth) by extension 'colcon_meta'
[2.001s] Level 1:colcon.colcon_core.package_identification:_identify(src/lg_sub_groundtruth) by extensions ['ros']
[2.002s] Level 1:colcon.colcon_core.package_identification:_identify(src/lg_sub_groundtruth) by extension 'ros'
[2.025s] DEBUG:colcon.colcon_core.package_identification:Package 'src/lg_sub_groundtruth' with type 'ros.ament_python' and name 'lg_sub_groundtruth'
[2.026s] Level 1:colcon.colcon_core.package_identification:_identify(src/log) by extensions ['ignore', 'ignore_ament_install']
[2.026s] Level 1:colcon.colcon_core.package_identification:_identify(src/log) by extension 'ignore'
[2.026s] Level 1:colcon.colcon_core.package_identification:_identify(src/log) ignored
[2.027s] Level 1:colcon.colcon_core.package_discovery:discover_packages(recursive) using defaults
[2.027s] Level 1:colcon.colcon_core.package_discovery:discover_packages(ignore) discover
[2.027s] Level 1:colcon.colcon_core.package_discovery:discover_packages(ignore) using defaults
[2.027s] Level 1:colcon.colcon_core.package_discovery:discover_packages(path) discover
[2.027s] Level 1:colcon.colcon_core.package_discovery:discover_packages(path) using defaults
[2.044s] Level 5:colcon.colcon_core.verb:set package 'lg_sub_groundtruth' build argument 'cmake_args' from command line to 'None'
[2.044s] Level 5:colcon.colcon_core.verb:set package 'lg_sub_groundtruth' build argument 'cmake_target' from command line to 'None'
[2.044s] Level 5:colcon.colcon_core.verb:set package 'lg_sub_groundtruth' build argument 'cmake_target_skip_unavailable' from command line to 'False'
[2.044s] Level 5:colcon.colcon_core.verb:set package 'lg_sub_groundtruth' build argument 'cmake_clean_cache' from command line to 'False'
[2.045s] Level 5:colcon.colcon_core.verb:set package 'lg_sub_groundtruth' build argument 'cmake_clean_first' from command line to 'False'
[2.045s] Level 5:colcon.colcon_core.verb:set package 'lg_sub_groundtruth' build argument 'cmake_force_configure' from command line to 'False'
[2.045s] Level 5:colcon.colcon_core.verb:set package 'lg_sub_groundtruth' build argument 'ament_cmake_args' from command line to 'None'
[2.045s] Level 5:colcon.colcon_core.verb:set package 'lg_sub_groundtruth' build argument 'catkin_cmake_args' from command line to 'None'
[2.045s] Level 5:colcon.colcon_core.verb:set package 'lg_sub_groundtruth' build argument 'catkin_skip_building_tests' from command line to 'False'
[2.045s] DEBUG:colcon.colcon_core.verb:Building package 'lg_sub_groundtruth' with the following arguments: {'ament_cmake_args': None, 'build_base': '/home/acclivis/script/Node_lg_groundtruth_data_ws/lg_groundtruth_data_ws/build/lg_sub_groundtruth', 'catkin_cmake_args': None, 'catkin_skip_building_tests': False, 'cmake_args': None, 'cmake_clean_cache': False, 'cmake_clean_first': False, 'cmake_force_configure': False, 'cmake_target': None, 'cmake_target_skip_unavailable': False, 'install_base': '/home/acclivis/script/Node_lg_groundtruth_data_ws/lg_groundtruth_data_ws/install/lg_sub_groundtruth', 'merge_install': False, 'path': '/home/acclivis/script/Node_lg_groundtruth_data_ws/lg_groundtruth_data_ws/src/lg_sub_groundtruth', 'symlink_install': False, 'test_result_base': None}
[2.046s] INFO:colcon.colcon_core.executor:Executing jobs using 'parallel' executor
[2.050s] DEBUG:colcon.colcon_parallel_executor.executor.parallel:run_until_complete
[2.050s] INFO:colcon.colcon_ros.task.ament_python.build:Building ROS package in '/home/acclivis/script/Node_lg_groundtruth_data_ws/lg_groundtruth_data_ws/src/lg_sub_groundtruth' with build type 'ament_python'
[2.051s] Level 1:colcon.colcon_core.shell:create_environment_hook('lg_sub_groundtruth', 'ament_prefix_path')
[2.096s] INFO:colcon.colcon_core.plugin_system:Skipping extension 'colcon_core.shell.bat': Not used on non-Windows systems
[2.097s] INFO:colcon.colcon_core.shell:Creating environment hook '/home/acclivis/script/Node_lg_groundtruth_data_ws/lg_groundtruth_data_ws/install/lg_sub_groundtruth/share/lg_sub_groundtruth/hook/ament_prefix_path.ps1'
[2.100s] INFO:colcon.colcon_core.shell:Creating environment descriptor '/home/acclivis/script/Node_lg_groundtruth_data_ws/lg_groundtruth_data_ws/install/lg_sub_groundtruth/share/lg_sub_groundtruth/hook/ament_prefix_path.dsv'
[2.102s] INFO:colcon.colcon_core.shell:Creating environment hook '/home/acclivis/script/Node_lg_groundtruth_data_ws/lg_groundtruth_data_ws/install/lg_sub_groundtruth/share/lg_sub_groundtruth/hook/ament_prefix_path.sh'
[2.107s] INFO:colcon.colcon_core.shell:Skip shell extension 'powershell' for command environment: Not usable outside of PowerShell
[2.107s] DEBUG:colcon.colcon_core.shell:Skip shell extension 'dsv' for command environment
[2.612s] DEBUG:colcon.colcon_core.shell:Ignoring prefix path '/opt/ros/dashing'
[2.903s] INFO:colcon.colcon_core.task.python.build:Building Python package in '/home/acclivis/script/Node_lg_groundtruth_data_ws/lg_groundtruth_data_ws/src/lg_sub_groundtruth'
[2.904s] INFO:colcon.colcon_core.shell:Skip shell extension 'powershell' for command environment: Not usable outside of PowerShell
[2.904s] DEBUG:colcon.colcon_core.shell:Skip shell extension 'dsv' for command environment
[2.912s] DEBUG:colcon.colcon_core.shell:Ignoring prefix path '/opt/ros/dashing'
[2.919s] DEBUG:colcon.colcon_core.event_handler.log_command:Invoking command in '/home/acclivis/script/Node_lg_groundtruth_data_ws/lg_groundtruth_data_ws/src/lg_sub_groundtruth': PYTHONPATH=/home/acclivis/script/Node_lg_groundtruth_data_ws/lg_groundtruth_data_ws/install/lg_sub_groundtruth/lib/python3.6/site-packages:${PYTHONPATH} /usr/bin/python3 setup.py egg_info --egg-base /home/acclivis/script/Node_lg_groundtruth_data_ws/lg_groundtruth_data_ws/build/lg_sub_groundtruth build --build-base /home/acclivis/script/Node_lg_groundtruth_data_ws/lg_groundtruth_data_ws/build/lg_sub_groundtruth/build install --prefix /home/acclivis/script/Node_lg_groundtruth_data_ws/lg_groundtruth_data_ws/install/lg_sub_groundtruth --record /home/acclivis/script/Node_lg_groundtruth_data_ws/lg_groundtruth_data_ws/build/lg_sub_groundtruth/install.log --single-version-externally-managed
[3.762s] DEBUG:colcon.colcon_core.event_handler.log_command:Invoked command in '/home/acclivis/script/Node_lg_groundtruth_data_ws/lg_groundtruth_data_ws/src/lg_sub_groundtruth' returned '0': PYTHONPATH=/home/acclivis/script/Node_lg_groundtruth_data_ws/lg_groundtruth_data_ws/install/lg_sub_groundtruth/lib/python3.6/site-packages:${PYTHONPATH} /usr/bin/python3 setup.py egg_info --egg-base /home/acclivis/script/Node_lg_groundtruth_data_ws/lg_groundtruth_data_ws/build/lg_sub_groundtruth build --build-base /home/acclivis/script/Node_lg_groundtruth_data_ws/lg_groundtruth_data_ws/build/lg_sub_groundtruth/build install --prefix /home/acclivis/script/Node_lg_groundtruth_data_ws/lg_groundtruth_data_ws/install/lg_sub_groundtruth --record /home/acclivis/script/Node_lg_groundtruth_data_ws/lg_groundtruth_data_ws/build/lg_sub_groundtruth/install.log --single-version-externally-managed
[3.820s] Level 1:colcon.colcon_core.environment:checking '/home/acclivis/script/Node_lg_groundtruth_data_ws/lg_groundtruth_data_ws/install/lg_sub_groundtruth' for CMake module files
[3.823s] Level 1:colcon.colcon_core.environment:checking '/home/acclivis/script/Node_lg_groundtruth_data_ws/lg_groundtruth_data_ws/install/lg_sub_groundtruth' for CMake config files
[3.827s] Level 1:colcon.colcon_core.environment:checking '/home/acclivis/script/Node_lg_groundtruth_data_ws/lg_groundtruth_data_ws/install/lg_sub_groundtruth/lib'
[3.828s] Level 1:colcon.colcon_core.environment:checking '/home/acclivis/script/Node_lg_groundtruth_data_ws/lg_groundtruth_data_ws/install/lg_sub_groundtruth/bin'
[3.828s] Level 1:colcon.colcon_core.environment:checking '/home/acclivis/script/Node_lg_groundtruth_data_ws/lg_groundtruth_data_ws/install/lg_sub_groundtruth/lib/pkgconfig/lg_sub_groundtruth.pc'
[3.828s] Level 1:colcon.colcon_core.environment:checking '/home/acclivis/script/Node_lg_groundtruth_data_ws/lg_groundtruth_data_ws/install/lg_sub_groundtruth/lib/python3.6/site-packages'
[3.829s] Level 1:colcon.colcon_core.shell:create_environment_hook('lg_sub_groundtruth', 'pythonpath')
[3.831s] INFO:colcon.colcon_core.shell:Creating environment hook '/home/acclivis/script/Node_lg_groundtruth_data_ws/lg_groundtruth_data_ws/install/lg_sub_groundtruth/share/lg_sub_groundtruth/hook/pythonpath.ps1'
[3.833s] INFO:colcon.colcon_core.shell:Creating environment descriptor '/home/acclivis/script/Node_lg_groundtruth_data_ws/lg_groundtruth_data_ws/install/lg_sub_groundtruth/share/lg_sub_groundtruth/hook/pythonpath.dsv'
[3.835s] INFO:colcon.colcon_core.shell:Creating environment hook '/home/acclivis/script/Node_lg_groundtruth_data_ws/lg_groundtruth_data_ws/install/lg_sub_groundtruth/share/lg_sub_groundtruth/hook/pythonpath.sh'
[3.836s] Level 1:colcon.colcon_core.environment:create_environment_scripts_only(lg_sub_groundtruth)
[3.839s] INFO:colcon.colcon_core.shell:Creating package script '/home/acclivis/script/Node_lg_groundtruth_data_ws/lg_groundtruth_data_ws/install/lg_sub_groundtruth/share/lg_sub_groundtruth/package.ps1'
[3.862s] INFO:colcon.colcon_core.shell:Creating package descriptor '/home/acclivis/script/Node_lg_groundtruth_data_ws/lg_groundtruth_data_ws/install/lg_sub_groundtruth/share/lg_sub_groundtruth/package.dsv'
[3.863s] INFO:colcon.colcon_core.shell:Creating package script '/home/acclivis/script/Node_lg_groundtruth_data_ws/lg_groundtruth_data_ws/install/lg_sub_groundtruth/share/lg_sub_groundtruth/package.sh'
[3.864s] INFO:colcon.colcon_core.shell:Creating package script '/home/acclivis/script/Node_lg_groundtruth_data_ws/lg_groundtruth_data_ws/install/lg_sub_groundtruth/share/lg_sub_groundtruth/package.bash'
[3.890s] INFO:colcon.colcon_core.shell:Creating package script '/home/acclivis/script/Node_lg_groundtruth_data_ws/lg_groundtruth_data_ws/install/lg_sub_groundtruth/share/lg_sub_groundtruth/package.zsh'
[3.899s] Level 1:colcon.colcon_core.environment:create_file_with_runtime_dependencies(/home/acclivis/script/Node_lg_groundtruth_data_ws/lg_groundtruth_data_ws/install/lg_sub_groundtruth/share/colcon-core/packages/lg_sub_groundtruth)
[3.900s] DEBUG:colcon.colcon_parallel_executor.executor.parallel:closing loop
[3.902s] DEBUG:colcon.colcon_parallel_executor.executor.parallel:loop closed
[3.902s] DEBUG:colcon.colcon_parallel_executor.executor.parallel:run_until_complete finished with '0'
[3.902s] DEBUG:colcon.colcon_core.event_reactor:joining thread
[4.089s] INFO:colcon.colcon_core.plugin_system:Skipping extension 'colcon_notification.desktop_notification.notify_send': Could not find 'notify-send'
[4.090s] INFO:colcon.colcon_core.plugin_system:Skipping extension 'colcon_notification.desktop_notification.terminal_notifier': Not used on non-Darwin systems
[4.090s] INFO:colcon.colcon_core.plugin_system:Skipping extension 'colcon_notification.desktop_notification.win32': Not used on non-Windows systems
[4.090s] INFO:colcon.colcon_notification.desktop_notification:Sending desktop notification using 'notify2'
[4.129s] DEBUG:colcon.colcon_notification.desktop_notification.notify2:Failed to initialize notify2: org.freedesktop.DBus.Error.Spawn.ExecFailed: /usr/bin/dbus-launch terminated abnormally without any error message
[4.130s] DEBUG:colcon.colcon_core.event_reactor:joined thread
[4.135s] INFO:colcon.colcon_core.shell:Creating prefix script '/home/acclivis/script/Node_lg_groundtruth_data_ws/lg_groundtruth_data_ws/install/local_setup.ps1'
[4.140s] INFO:colcon.colcon_core.shell:Creating prefix util module '/home/acclivis/script/Node_lg_groundtruth_data_ws/lg_groundtruth_data_ws/install/_local_setup_util_ps1.py'
[4.153s] INFO:colcon.colcon_core.shell:Creating prefix chain script '/home/acclivis/script/Node_lg_groundtruth_data_ws/lg_groundtruth_data_ws/install/setup.ps1'
[4.178s] INFO:colcon.colcon_core.shell:Creating prefix script '/home/acclivis/script/Node_lg_groundtruth_data_ws/lg_groundtruth_data_ws/install/local_setup.sh'
[4.180s] INFO:colcon.colcon_core.shell:Creating prefix util module '/home/acclivis/script/Node_lg_groundtruth_data_ws/lg_groundtruth_data_ws/install/_local_setup_util_sh.py'
[4.180s] INFO:colcon.colcon_core.shell:Creating prefix chain script '/home/acclivis/script/Node_lg_groundtruth_data_ws/lg_groundtruth_data_ws/install/setup.sh'
[4.192s] INFO:colcon.colcon_core.shell:Creating prefix script '/home/acclivis/script/Node_lg_groundtruth_data_ws/lg_groundtruth_data_ws/install/local_setup.bash'
[4.193s] INFO:colcon.colcon_core.shell:Creating prefix chain script '/home/acclivis/script/Node_lg_groundtruth_data_ws/lg_groundtruth_data_ws/install/setup.bash'
[4.200s] INFO:colcon.colcon_core.shell:Creating prefix script '/home/acclivis/script/Node_lg_groundtruth_data_ws/lg_groundtruth_data_ws/install/local_setup.zsh'
[4.201s] INFO:colcon.colcon_core.shell:Creating prefix chain script '/home/acclivis/script/Node_lg_groundtruth_data_ws/lg_groundtruth_data_ws/install/setup.zsh'
