[0.147s] DEBUG:colcon:Command line arguments: ['/usr/bin/colcon', 'build']
[0.147s] DEBUG:colcon:Parsed command line arguments: Namespace(ament_cmake_args=None, base_paths=['.'], build_base='build', catkin_cmake_args=None, catkin_skip_building_tests=False, cmake_args=None, cmake_clean_cache=False, cmake_clean_first=False, cmake_force_configure=False, cmake_target=None, cmake_target_skip_unavailable=False, continue_on_error=False, event_handlers=None, executor='parallel', ignore_user_meta=False, install_base='install', log_base=None, log_level=None, main=<bound method BuildVerb.main of <colcon_core.verb.build.BuildVerb object at 0x7f62a207ac10>>, merge_install=False, metas=['./colcon.meta'], mixin=None, mixin_files=None, mixin_verb=('build',), packages_above=None, packages_above_and_dependencies=None, packages_above_depth=None, packages_end=None, packages_ignore=None, packages_ignore_regex=None, packages_select=None, packages_select_build_failed=False, packages_select_by_dep=None, packages_select_regex=None, packages_select_test_failures=False, packages_skip=None, packages_skip_build_finished=False, packages_skip_by_dep=None, packages_skip_regex=None, packages_skip_test_passed=False, packages_skip_up_to=None, packages_start=None, packages_up_to=None, packages_up_to_regex=None, parallel_workers=6, paths=None, symlink_install=False, test_result_base=None, verb_extension=<colcon_core.verb.build.BuildVerb object at 0x7f62a207ac10>, verb_name='build', verb_parser=<colcon_mixin.mixin.mixin_argument.MixinArgumentDecorator object at 0x7f62a2008220>)
[0.151s] Level 1:colcon.colcon_core.package_discovery:discover_packages(colcon_meta) check parameters
[0.151s] Level 1:colcon.colcon_core.package_discovery:discover_packages(recursive) check parameters
[0.151s] Level 1:colcon.colcon_core.package_discovery:discover_packages(ignore) check parameters
[0.152s] Level 1:colcon.colcon_core.package_discovery:discover_packages(path) check parameters
[0.152s] Level 1:colcon.colcon_core.package_discovery:discover_packages(colcon_meta) discover
[0.152s] Level 1:colcon.colcon_core.package_discovery:discover_packages(recursive) discover
[0.152s] INFO:colcon.colcon_core.package_discovery:Crawling recursively for packages in '/home/acclivis/Poly_Suite'
[0.152s] Level 1:colcon.colcon_core.package_identification:_identify(.) by extensions ['ignore', 'ignore_ament_install']
[0.152s] Level 1:colcon.colcon_core.package_identification:_identify(.) by extension 'ignore'
[0.152s] Level 1:colcon.colcon_core.package_identification:_identify(.) by extension 'ignore_ament_install'
[0.152s] Level 1:colcon.colcon_core.package_identification:_identify(.) by extensions ['colcon_pkg']
[0.152s] Level 1:colcon.colcon_core.package_identification:_identify(.) by extension 'colcon_pkg'
[0.152s] Level 1:colcon.colcon_core.package_identification:_identify(.) by extensions ['colcon_meta']
[0.152s] Level 1:colcon.colcon_core.package_identification:_identify(.) by extension 'colcon_meta'
[0.152s] Level 1:colcon.colcon_core.package_identification:_identify(.) by extensions ['ros']
[0.152s] Level 1:colcon.colcon_core.package_identification:_identify(.) by extension 'ros'
[0.161s] Level 1:colcon.colcon_core.package_identification:_identify(.) by extensions ['cmake', 'python']
[0.161s] Level 1:colcon.colcon_core.package_identification:_identify(.) by extension 'cmake'
[0.161s] Level 1:colcon.colcon_core.package_identification:_identify(.) by extension 'python'
[0.161s] Level 1:colcon.colcon_core.package_identification:_identify(.) by extensions ['python_setup_py']
[0.162s] Level 1:colcon.colcon_core.package_identification:_identify(.) by extension 'python_setup_py'
[0.162s] Level 1:colcon.colcon_core.package_identification:_identify(build) by extensions ['ignore', 'ignore_ament_install']
[0.162s] Level 1:colcon.colcon_core.package_identification:_identify(build) by extension 'ignore'
[0.162s] Level 1:colcon.colcon_core.package_identification:_identify(build) ignored
[0.162s] Level 1:colcon.colcon_core.package_identification:_identify(controlCalculation) by extensions ['ignore', 'ignore_ament_install']
[0.162s] Level 1:colcon.colcon_core.package_identification:_identify(controlCalculation) by extension 'ignore'
[0.162s] Level 1:colcon.colcon_core.package_identification:_identify(controlCalculation) by extension 'ignore_ament_install'
[0.162s] Level 1:colcon.colcon_core.package_identification:_identify(controlCalculation) by extensions ['colcon_pkg']
[0.162s] Level 1:colcon.colcon_core.package_identification:_identify(controlCalculation) by extension 'colcon_pkg'
[0.162s] Level 1:colcon.colcon_core.package_identification:_identify(controlCalculation) by extensions ['colcon_meta']
[0.162s] Level 1:colcon.colcon_core.package_identification:_identify(controlCalculation) by extension 'colcon_meta'
[0.162s] Level 1:colcon.colcon_core.package_identification:_identify(controlCalculation) by extensions ['ros']
[0.162s] Level 1:colcon.colcon_core.package_identification:_identify(controlCalculation) by extension 'ros'
[0.162s] Level 1:colcon.colcon_core.package_identification:_identify(controlCalculation) by extensions ['cmake', 'python']
[0.162s] Level 1:colcon.colcon_core.package_identification:_identify(controlCalculation) by extension 'cmake'
[0.162s] Level 1:colcon.colcon_core.package_identification:_identify(controlCalculation) by extension 'python'
[0.162s] Level 1:colcon.colcon_core.package_identification:_identify(controlCalculation) by extensions ['python_setup_py']
[0.162s] Level 1:colcon.colcon_core.package_identification:_identify(controlCalculation) by extension 'python_setup_py'
[0.162s] Level 1:colcon.colcon_core.package_identification:_identify(controlCalculation/__pycache__) by extensions ['ignore', 'ignore_ament_install']
[0.163s] Level 1:colcon.colcon_core.package_identification:_identify(controlCalculation/__pycache__) by extension 'ignore'
[0.163s] Level 1:colcon.colcon_core.package_identification:_identify(controlCalculation/__pycache__) by extension 'ignore_ament_install'
[0.163s] Level 1:colcon.colcon_core.package_identification:_identify(controlCalculation/__pycache__) by extensions ['colcon_pkg']
[0.163s] Level 1:colcon.colcon_core.package_identification:_identify(controlCalculation/__pycache__) by extension 'colcon_pkg'
[0.163s] Level 1:colcon.colcon_core.package_identification:_identify(controlCalculation/__pycache__) by extensions ['colcon_meta']
[0.163s] Level 1:colcon.colcon_core.package_identification:_identify(controlCalculation/__pycache__) by extension 'colcon_meta'
[0.163s] Level 1:colcon.colcon_core.package_identification:_identify(controlCalculation/__pycache__) by extensions ['ros']
[0.163s] Level 1:colcon.colcon_core.package_identification:_identify(controlCalculation/__pycache__) by extension 'ros'
[0.163s] Level 1:colcon.colcon_core.package_identification:_identify(controlCalculation/__pycache__) by extensions ['cmake', 'python']
[0.163s] Level 1:colcon.colcon_core.package_identification:_identify(controlCalculation/__pycache__) by extension 'cmake'
[0.163s] Level 1:colcon.colcon_core.package_identification:_identify(controlCalculation/__pycache__) by extension 'python'
[0.163s] Level 1:colcon.colcon_core.package_identification:_identify(controlCalculation/__pycache__) by extensions ['python_setup_py']
[0.163s] Level 1:colcon.colcon_core.package_identification:_identify(controlCalculation/__pycache__) by extension 'python_setup_py'
[0.163s] Level 1:colcon.colcon_core.package_identification:_identify(controlCalculation/utils) by extensions ['ignore', 'ignore_ament_install']
[0.163s] Level 1:colcon.colcon_core.package_identification:_identify(controlCalculation/utils) by extension 'ignore'
[0.163s] Level 1:colcon.colcon_core.package_identification:_identify(controlCalculation/utils) by extension 'ignore_ament_install'
[0.163s] Level 1:colcon.colcon_core.package_identification:_identify(controlCalculation/utils) by extensions ['colcon_pkg']
[0.163s] Level 1:colcon.colcon_core.package_identification:_identify(controlCalculation/utils) by extension 'colcon_pkg'
[0.163s] Level 1:colcon.colcon_core.package_identification:_identify(controlCalculation/utils) by extensions ['colcon_meta']
[0.163s] Level 1:colcon.colcon_core.package_identification:_identify(controlCalculation/utils) by extension 'colcon_meta'
[0.163s] Level 1:colcon.colcon_core.package_identification:_identify(controlCalculation/utils) by extensions ['ros']
[0.163s] Level 1:colcon.colcon_core.package_identification:_identify(controlCalculation/utils) by extension 'ros'
[0.164s] Level 1:colcon.colcon_core.package_identification:_identify(controlCalculation/utils) by extensions ['cmake', 'python']
[0.164s] Level 1:colcon.colcon_core.package_identification:_identify(controlCalculation/utils) by extension 'cmake'
[0.164s] Level 1:colcon.colcon_core.package_identification:_identify(controlCalculation/utils) by extension 'python'
[0.164s] Level 1:colcon.colcon_core.package_identification:_identify(controlCalculation/utils) by extensions ['python_setup_py']
[0.164s] Level 1:colcon.colcon_core.package_identification:_identify(controlCalculation/utils) by extension 'python_setup_py'
[0.164s] Level 1:colcon.colcon_core.package_identification:_identify(controlCalculation/utils/__pycache__) by extensions ['ignore', 'ignore_ament_install']
[0.164s] Level 1:colcon.colcon_core.package_identification:_identify(controlCalculation/utils/__pycache__) by extension 'ignore'
[0.164s] Level 1:colcon.colcon_core.package_identification:_identify(controlCalculation/utils/__pycache__) by extension 'ignore_ament_install'
[0.164s] Level 1:colcon.colcon_core.package_identification:_identify(controlCalculation/utils/__pycache__) by extensions ['colcon_pkg']
[0.164s] Level 1:colcon.colcon_core.package_identification:_identify(controlCalculation/utils/__pycache__) by extension 'colcon_pkg'
[0.164s] Level 1:colcon.colcon_core.package_identification:_identify(controlCalculation/utils/__pycache__) by extensions ['colcon_meta']
[0.164s] Level 1:colcon.colcon_core.package_identification:_identify(controlCalculation/utils/__pycache__) by extension 'colcon_meta'
[0.164s] Level 1:colcon.colcon_core.package_identification:_identify(controlCalculation/utils/__pycache__) by extensions ['ros']
[0.164s] Level 1:colcon.colcon_core.package_identification:_identify(controlCalculation/utils/__pycache__) by extension 'ros'
[0.164s] Level 1:colcon.colcon_core.package_identification:_identify(controlCalculation/utils/__pycache__) by extensions ['cmake', 'python']
[0.164s] Level 1:colcon.colcon_core.package_identification:_identify(controlCalculation/utils/__pycache__) by extension 'cmake'
[0.164s] Level 1:colcon.colcon_core.package_identification:_identify(controlCalculation/utils/__pycache__) by extension 'python'
[0.164s] Level 1:colcon.colcon_core.package_identification:_identify(controlCalculation/utils/__pycache__) by extensions ['python_setup_py']
[0.164s] Level 1:colcon.colcon_core.package_identification:_identify(controlCalculation/utils/__pycache__) by extension 'python_setup_py'
[0.164s] Level 1:colcon.colcon_core.package_identification:_identify(detectionCalculation) by extensions ['ignore', 'ignore_ament_install']
[0.165s] Level 1:colcon.colcon_core.package_identification:_identify(detectionCalculation) by extension 'ignore'
[0.165s] Level 1:colcon.colcon_core.package_identification:_identify(detectionCalculation) by extension 'ignore_ament_install'
[0.165s] Level 1:colcon.colcon_core.package_identification:_identify(detectionCalculation) by extensions ['colcon_pkg']
[0.165s] Level 1:colcon.colcon_core.package_identification:_identify(detectionCalculation) by extension 'colcon_pkg'
[0.165s] Level 1:colcon.colcon_core.package_identification:_identify(detectionCalculation) by extensions ['colcon_meta']
[0.165s] Level 1:colcon.colcon_core.package_identification:_identify(detectionCalculation) by extension 'colcon_meta'
[0.165s] Level 1:colcon.colcon_core.package_identification:_identify(detectionCalculation) by extensions ['ros']
[0.165s] Level 1:colcon.colcon_core.package_identification:_identify(detectionCalculation) by extension 'ros'
[0.165s] Level 1:colcon.colcon_core.package_identification:_identify(detectionCalculation) by extensions ['cmake', 'python']
[0.165s] Level 1:colcon.colcon_core.package_identification:_identify(detectionCalculation) by extension 'cmake'
[0.165s] Level 1:colcon.colcon_core.package_identification:_identify(detectionCalculation) by extension 'python'
[0.165s] Level 1:colcon.colcon_core.package_identification:_identify(detectionCalculation) by extensions ['python_setup_py']
[0.165s] Level 1:colcon.colcon_core.package_identification:_identify(detectionCalculation) by extension 'python_setup_py'
[0.165s] Level 1:colcon.colcon_core.package_identification:_identify(detectionCalculation/__pycache__) by extensions ['ignore', 'ignore_ament_install']
[0.165s] Level 1:colcon.colcon_core.package_identification:_identify(detectionCalculation/__pycache__) by extension 'ignore'
[0.165s] Level 1:colcon.colcon_core.package_identification:_identify(detectionCalculation/__pycache__) by extension 'ignore_ament_install'
[0.165s] Level 1:colcon.colcon_core.package_identification:_identify(detectionCalculation/__pycache__) by extensions ['colcon_pkg']
[0.165s] Level 1:colcon.colcon_core.package_identification:_identify(detectionCalculation/__pycache__) by extension 'colcon_pkg'
[0.165s] Level 1:colcon.colcon_core.package_identification:_identify(detectionCalculation/__pycache__) by extensions ['colcon_meta']
[0.165s] Level 1:colcon.colcon_core.package_identification:_identify(detectionCalculation/__pycache__) by extension 'colcon_meta'
[0.165s] Level 1:colcon.colcon_core.package_identification:_identify(detectionCalculation/__pycache__) by extensions ['ros']
[0.165s] Level 1:colcon.colcon_core.package_identification:_identify(detectionCalculation/__pycache__) by extension 'ros'
[0.166s] Level 1:colcon.colcon_core.package_identification:_identify(detectionCalculation/__pycache__) by extensions ['cmake', 'python']
[0.166s] Level 1:colcon.colcon_core.package_identification:_identify(detectionCalculation/__pycache__) by extension 'cmake'
[0.166s] Level 1:colcon.colcon_core.package_identification:_identify(detectionCalculation/__pycache__) by extension 'python'
[0.166s] Level 1:colcon.colcon_core.package_identification:_identify(detectionCalculation/__pycache__) by extensions ['python_setup_py']
[0.166s] Level 1:colcon.colcon_core.package_identification:_identify(detectionCalculation/__pycache__) by extension 'python_setup_py'
[0.166s] Level 1:colcon.colcon_core.package_identification:_identify(detectionCalculation/utils) by extensions ['ignore', 'ignore_ament_install']
[0.166s] Level 1:colcon.colcon_core.package_identification:_identify(detectionCalculation/utils) by extension 'ignore'
[0.166s] Level 1:colcon.colcon_core.package_identification:_identify(detectionCalculation/utils) by extension 'ignore_ament_install'
[0.166s] Level 1:colcon.colcon_core.package_identification:_identify(detectionCalculation/utils) by extensions ['colcon_pkg']
[0.166s] Level 1:colcon.colcon_core.package_identification:_identify(detectionCalculation/utils) by extension 'colcon_pkg'
[0.166s] Level 1:colcon.colcon_core.package_identification:_identify(detectionCalculation/utils) by extensions ['colcon_meta']
[0.166s] Level 1:colcon.colcon_core.package_identification:_identify(detectionCalculation/utils) by extension 'colcon_meta'
[0.166s] Level 1:colcon.colcon_core.package_identification:_identify(detectionCalculation/utils) by extensions ['ros']
[0.166s] Level 1:colcon.colcon_core.package_identification:_identify(detectionCalculation/utils) by extension 'ros'
[0.166s] Level 1:colcon.colcon_core.package_identification:_identify(detectionCalculation/utils) by extensions ['cmake', 'python']
[0.166s] Level 1:colcon.colcon_core.package_identification:_identify(detectionCalculation/utils) by extension 'cmake'
[0.166s] Level 1:colcon.colcon_core.package_identification:_identify(detectionCalculation/utils) by extension 'python'
[0.166s] Level 1:colcon.colcon_core.package_identification:_identify(detectionCalculation/utils) by extensions ['python_setup_py']
[0.166s] Level 1:colcon.colcon_core.package_identification:_identify(detectionCalculation/utils) by extension 'python_setup_py'
[0.166s] Level 1:colcon.colcon_core.package_identification:_identify(detectionCalculation/utils/__pycache__) by extensions ['ignore', 'ignore_ament_install']
[0.166s] Level 1:colcon.colcon_core.package_identification:_identify(detectionCalculation/utils/__pycache__) by extension 'ignore'
[0.166s] Level 1:colcon.colcon_core.package_identification:_identify(detectionCalculation/utils/__pycache__) by extension 'ignore_ament_install'
[0.167s] Level 1:colcon.colcon_core.package_identification:_identify(detectionCalculation/utils/__pycache__) by extensions ['colcon_pkg']
[0.167s] Level 1:colcon.colcon_core.package_identification:_identify(detectionCalculation/utils/__pycache__) by extension 'colcon_pkg'
[0.167s] Level 1:colcon.colcon_core.package_identification:_identify(detectionCalculation/utils/__pycache__) by extensions ['colcon_meta']
[0.167s] Level 1:colcon.colcon_core.package_identification:_identify(detectionCalculation/utils/__pycache__) by extension 'colcon_meta'
[0.167s] Level 1:colcon.colcon_core.package_identification:_identify(detectionCalculation/utils/__pycache__) by extensions ['ros']
[0.167s] Level 1:colcon.colcon_core.package_identification:_identify(detectionCalculation/utils/__pycache__) by extension 'ros'
[0.167s] Level 1:colcon.colcon_core.package_identification:_identify(detectionCalculation/utils/__pycache__) by extensions ['cmake', 'python']
[0.167s] Level 1:colcon.colcon_core.package_identification:_identify(detectionCalculation/utils/__pycache__) by extension 'cmake'
[0.167s] Level 1:colcon.colcon_core.package_identification:_identify(detectionCalculation/utils/__pycache__) by extension 'python'
[0.167s] Level 1:colcon.colcon_core.package_identification:_identify(detectionCalculation/utils/__pycache__) by extensions ['python_setup_py']
[0.167s] Level 1:colcon.colcon_core.package_identification:_identify(detectionCalculation/utils/__pycache__) by extension 'python_setup_py'
[0.167s] Level 1:colcon.colcon_core.package_identification:_identify(install) by extensions ['ignore', 'ignore_ament_install']
[0.167s] Level 1:colcon.colcon_core.package_identification:_identify(install) by extension 'ignore'
[0.167s] Level 1:colcon.colcon_core.package_identification:_identify(install) ignored
[0.167s] Level 1:colcon.colcon_core.package_identification:_identify(localizationCalculation) by extensions ['ignore', 'ignore_ament_install']
[0.167s] Level 1:colcon.colcon_core.package_identification:_identify(localizationCalculation) by extension 'ignore'
[0.167s] Level 1:colcon.colcon_core.package_identification:_identify(localizationCalculation) by extension 'ignore_ament_install'
[0.167s] Level 1:colcon.colcon_core.package_identification:_identify(localizationCalculation) by extensions ['colcon_pkg']
[0.167s] Level 1:colcon.colcon_core.package_identification:_identify(localizationCalculation) by extension 'colcon_pkg'
[0.167s] Level 1:colcon.colcon_core.package_identification:_identify(localizationCalculation) by extensions ['colcon_meta']
[0.168s] Level 1:colcon.colcon_core.package_identification:_identify(localizationCalculation) by extension 'colcon_meta'
[0.168s] Level 1:colcon.colcon_core.package_identification:_identify(localizationCalculation) by extensions ['ros']
[0.168s] Level 1:colcon.colcon_core.package_identification:_identify(localizationCalculation) by extension 'ros'
[0.168s] Level 1:colcon.colcon_core.package_identification:_identify(localizationCalculation) by extensions ['cmake', 'python']
[0.168s] Level 1:colcon.colcon_core.package_identification:_identify(localizationCalculation) by extension 'cmake'
[0.168s] Level 1:colcon.colcon_core.package_identification:_identify(localizationCalculation) by extension 'python'
[0.168s] Level 1:colcon.colcon_core.package_identification:_identify(localizationCalculation) by extensions ['python_setup_py']
[0.168s] Level 1:colcon.colcon_core.package_identification:_identify(localizationCalculation) by extension 'python_setup_py'
[0.168s] Level 1:colcon.colcon_core.package_identification:_identify(localizationCalculation/__pycache__) by extensions ['ignore', 'ignore_ament_install']
[0.168s] Level 1:colcon.colcon_core.package_identification:_identify(localizationCalculation/__pycache__) by extension 'ignore'
[0.168s] Level 1:colcon.colcon_core.package_identification:_identify(localizationCalculation/__pycache__) by extension 'ignore_ament_install'
[0.168s] Level 1:colcon.colcon_core.package_identification:_identify(localizationCalculation/__pycache__) by extensions ['colcon_pkg']
[0.168s] Level 1:colcon.colcon_core.package_identification:_identify(localizationCalculation/__pycache__) by extension 'colcon_pkg'
[0.168s] Level 1:colcon.colcon_core.package_identification:_identify(localizationCalculation/__pycache__) by extensions ['colcon_meta']
[0.168s] Level 1:colcon.colcon_core.package_identification:_identify(localizationCalculation/__pycache__) by extension 'colcon_meta'
[0.168s] Level 1:colcon.colcon_core.package_identification:_identify(localizationCalculation/__pycache__) by extensions ['ros']
[0.168s] Level 1:colcon.colcon_core.package_identification:_identify(localizationCalculation/__pycache__) by extension 'ros'
[0.168s] Level 1:colcon.colcon_core.package_identification:_identify(localizationCalculation/__pycache__) by extensions ['cmake', 'python']
[0.168s] Level 1:colcon.colcon_core.package_identification:_identify(localizationCalculation/__pycache__) by extension 'cmake'
[0.168s] Level 1:colcon.colcon_core.package_identification:_identify(localizationCalculation/__pycache__) by extension 'python'
[0.168s] Level 1:colcon.colcon_core.package_identification:_identify(localizationCalculation/__pycache__) by extensions ['python_setup_py']
[0.168s] Level 1:colcon.colcon_core.package_identification:_identify(localizationCalculation/__pycache__) by extension 'python_setup_py'
[0.169s] Level 1:colcon.colcon_core.package_identification:_identify(localizationCalculation/utils) by extensions ['ignore', 'ignore_ament_install']
[0.169s] Level 1:colcon.colcon_core.package_identification:_identify(localizationCalculation/utils) by extension 'ignore'
[0.169s] Level 1:colcon.colcon_core.package_identification:_identify(localizationCalculation/utils) by extension 'ignore_ament_install'
[0.169s] Level 1:colcon.colcon_core.package_identification:_identify(localizationCalculation/utils) by extensions ['colcon_pkg']
[0.169s] Level 1:colcon.colcon_core.package_identification:_identify(localizationCalculation/utils) by extension 'colcon_pkg'
[0.169s] Level 1:colcon.colcon_core.package_identification:_identify(localizationCalculation/utils) by extensions ['colcon_meta']
[0.169s] Level 1:colcon.colcon_core.package_identification:_identify(localizationCalculation/utils) by extension 'colcon_meta'
[0.169s] Level 1:colcon.colcon_core.package_identification:_identify(localizationCalculation/utils) by extensions ['ros']
[0.169s] Level 1:colcon.colcon_core.package_identification:_identify(localizationCalculation/utils) by extension 'ros'
[0.169s] Level 1:colcon.colcon_core.package_identification:_identify(localizationCalculation/utils) by extensions ['cmake', 'python']
[0.169s] Level 1:colcon.colcon_core.package_identification:_identify(localizationCalculation/utils) by extension 'cmake'
[0.169s] Level 1:colcon.colcon_core.package_identification:_identify(localizationCalculation/utils) by extension 'python'
[0.169s] Level 1:colcon.colcon_core.package_identification:_identify(localizationCalculation/utils) by extensions ['python_setup_py']
[0.169s] Level 1:colcon.colcon_core.package_identification:_identify(localizationCalculation/utils) by extension 'python_setup_py'
[0.169s] Level 1:colcon.colcon_core.package_identification:_identify(localizationCalculation/utils/__pycache__) by extensions ['ignore', 'ignore_ament_install']
[0.169s] Level 1:colcon.colcon_core.package_identification:_identify(localizationCalculation/utils/__pycache__) by extension 'ignore'
[0.169s] Level 1:colcon.colcon_core.package_identification:_identify(localizationCalculation/utils/__pycache__) by extension 'ignore_ament_install'
[0.169s] Level 1:colcon.colcon_core.package_identification:_identify(localizationCalculation/utils/__pycache__) by extensions ['colcon_pkg']
[0.169s] Level 1:colcon.colcon_core.package_identification:_identify(localizationCalculation/utils/__pycache__) by extension 'colcon_pkg'
[0.169s] Level 1:colcon.colcon_core.package_identification:_identify(localizationCalculation/utils/__pycache__) by extensions ['colcon_meta']
[0.169s] Level 1:colcon.colcon_core.package_identification:_identify(localizationCalculation/utils/__pycache__) by extension 'colcon_meta'
[0.170s] Level 1:colcon.colcon_core.package_identification:_identify(localizationCalculation/utils/__pycache__) by extensions ['ros']
[0.170s] Level 1:colcon.colcon_core.package_identification:_identify(localizationCalculation/utils/__pycache__) by extension 'ros'
[0.170s] Level 1:colcon.colcon_core.package_identification:_identify(localizationCalculation/utils/__pycache__) by extensions ['cmake', 'python']
[0.170s] Level 1:colcon.colcon_core.package_identification:_identify(localizationCalculation/utils/__pycache__) by extension 'cmake'
[0.170s] Level 1:colcon.colcon_core.package_identification:_identify(localizationCalculation/utils/__pycache__) by extension 'python'
[0.170s] Level 1:colcon.colcon_core.package_identification:_identify(localizationCalculation/utils/__pycache__) by extensions ['python_setup_py']
[0.170s] Level 1:colcon.colcon_core.package_identification:_identify(localizationCalculation/utils/__pycache__) by extension 'python_setup_py'
[0.170s] Level 1:colcon.colcon_core.package_identification:_identify(log) by extensions ['ignore', 'ignore_ament_install']
[0.170s] Level 1:colcon.colcon_core.package_identification:_identify(log) by extension 'ignore'
[0.170s] Level 1:colcon.colcon_core.package_identification:_identify(log) ignored
[0.170s] Level 1:colcon.colcon_core.package_identification:_identify(logfiles) by extensions ['ignore', 'ignore_ament_install']
[0.170s] Level 1:colcon.colcon_core.package_identification:_identify(logfiles) by extension 'ignore'
[0.170s] Level 1:colcon.colcon_core.package_identification:_identify(logfiles) by extension 'ignore_ament_install'
[0.170s] Level 1:colcon.colcon_core.package_identification:_identify(logfiles) by extensions ['colcon_pkg']
[0.170s] Level 1:colcon.colcon_core.package_identification:_identify(logfiles) by extension 'colcon_pkg'
[0.170s] Level 1:colcon.colcon_core.package_identification:_identify(logfiles) by extensions ['colcon_meta']
[0.170s] Level 1:colcon.colcon_core.package_identification:_identify(logfiles) by extension 'colcon_meta'
[0.170s] Level 1:colcon.colcon_core.package_identification:_identify(logfiles) by extensions ['ros']
[0.170s] Level 1:colcon.colcon_core.package_identification:_identify(logfiles) by extension 'ros'
[0.170s] Level 1:colcon.colcon_core.package_identification:_identify(logfiles) by extensions ['cmake', 'python']
[0.170s] Level 1:colcon.colcon_core.package_identification:_identify(logfiles) by extension 'cmake'
[0.171s] Level 1:colcon.colcon_core.package_identification:_identify(logfiles) by extension 'python'
[0.171s] Level 1:colcon.colcon_core.package_identification:_identify(logfiles) by extensions ['python_setup_py']
[0.171s] Level 1:colcon.colcon_core.package_identification:_identify(logfiles) by extension 'python_setup_py'
[0.171s] Level 1:colcon.colcon_core.package_identification:_identify(pathPlannerCalculation) by extensions ['ignore', 'ignore_ament_install']
[0.171s] Level 1:colcon.colcon_core.package_identification:_identify(pathPlannerCalculation) by extension 'ignore'
[0.171s] Level 1:colcon.colcon_core.package_identification:_identify(pathPlannerCalculation) by extension 'ignore_ament_install'
[0.171s] Level 1:colcon.colcon_core.package_identification:_identify(pathPlannerCalculation) by extensions ['colcon_pkg']
[0.171s] Level 1:colcon.colcon_core.package_identification:_identify(pathPlannerCalculation) by extension 'colcon_pkg'
[0.171s] Level 1:colcon.colcon_core.package_identification:_identify(pathPlannerCalculation) by extensions ['colcon_meta']
[0.171s] Level 1:colcon.colcon_core.package_identification:_identify(pathPlannerCalculation) by extension 'colcon_meta'
[0.171s] Level 1:colcon.colcon_core.package_identification:_identify(pathPlannerCalculation) by extensions ['ros']
[0.171s] Level 1:colcon.colcon_core.package_identification:_identify(pathPlannerCalculation) by extension 'ros'
[0.171s] Level 1:colcon.colcon_core.package_identification:_identify(pathPlannerCalculation) by extensions ['cmake', 'python']
[0.171s] Level 1:colcon.colcon_core.package_identification:_identify(pathPlannerCalculation) by extension 'cmake'
[0.171s] Level 1:colcon.colcon_core.package_identification:_identify(pathPlannerCalculation) by extension 'python'
[0.171s] Level 1:colcon.colcon_core.package_identification:_identify(pathPlannerCalculation) by extensions ['python_setup_py']
[0.171s] Level 1:colcon.colcon_core.package_identification:_identify(pathPlannerCalculation) by extension 'python_setup_py'
[0.171s] Level 1:colcon.colcon_core.package_identification:_identify(pathPlannerCalculation/__pycache__) by extensions ['ignore', 'ignore_ament_install']
[0.171s] Level 1:colcon.colcon_core.package_identification:_identify(pathPlannerCalculation/__pycache__) by extension 'ignore'
[0.171s] Level 1:colcon.colcon_core.package_identification:_identify(pathPlannerCalculation/__pycache__) by extension 'ignore_ament_install'
[0.171s] Level 1:colcon.colcon_core.package_identification:_identify(pathPlannerCalculation/__pycache__) by extensions ['colcon_pkg']
[0.172s] Level 1:colcon.colcon_core.package_identification:_identify(pathPlannerCalculation/__pycache__) by extension 'colcon_pkg'
[0.172s] Level 1:colcon.colcon_core.package_identification:_identify(pathPlannerCalculation/__pycache__) by extensions ['colcon_meta']
[0.172s] Level 1:colcon.colcon_core.package_identification:_identify(pathPlannerCalculation/__pycache__) by extension 'colcon_meta'
[0.172s] Level 1:colcon.colcon_core.package_identification:_identify(pathPlannerCalculation/__pycache__) by extensions ['ros']
[0.172s] Level 1:colcon.colcon_core.package_identification:_identify(pathPlannerCalculation/__pycache__) by extension 'ros'
[0.172s] Level 1:colcon.colcon_core.package_identification:_identify(pathPlannerCalculation/__pycache__) by extensions ['cmake', 'python']
[0.172s] Level 1:colcon.colcon_core.package_identification:_identify(pathPlannerCalculation/__pycache__) by extension 'cmake'
[0.172s] Level 1:colcon.colcon_core.package_identification:_identify(pathPlannerCalculation/__pycache__) by extension 'python'
[0.172s] Level 1:colcon.colcon_core.package_identification:_identify(pathPlannerCalculation/__pycache__) by extensions ['python_setup_py']
[0.172s] Level 1:colcon.colcon_core.package_identification:_identify(pathPlannerCalculation/__pycache__) by extension 'python_setup_py'
[0.172s] Level 1:colcon.colcon_core.package_identification:_identify(pathPlannerCalculation/utils) by extensions ['ignore', 'ignore_ament_install']
[0.172s] Level 1:colcon.colcon_core.package_identification:_identify(pathPlannerCalculation/utils) by extension 'ignore'
[0.172s] Level 1:colcon.colcon_core.package_identification:_identify(pathPlannerCalculation/utils) by extension 'ignore_ament_install'
[0.172s] Level 1:colcon.colcon_core.package_identification:_identify(pathPlannerCalculation/utils) by extensions ['colcon_pkg']
[0.172s] Level 1:colcon.colcon_core.package_identification:_identify(pathPlannerCalculation/utils) by extension 'colcon_pkg'
[0.172s] Level 1:colcon.colcon_core.package_identification:_identify(pathPlannerCalculation/utils) by extensions ['colcon_meta']
[0.172s] Level 1:colcon.colcon_core.package_identification:_identify(pathPlannerCalculation/utils) by extension 'colcon_meta'
[0.172s] Level 1:colcon.colcon_core.package_identification:_identify(pathPlannerCalculation/utils) by extensions ['ros']
[0.172s] Level 1:colcon.colcon_core.package_identification:_identify(pathPlannerCalculation/utils) by extension 'ros'
[0.172s] Level 1:colcon.colcon_core.package_identification:_identify(pathPlannerCalculation/utils) by extensions ['cmake', 'python']
[0.172s] Level 1:colcon.colcon_core.package_identification:_identify(pathPlannerCalculation/utils) by extension 'cmake'
[0.172s] Level 1:colcon.colcon_core.package_identification:_identify(pathPlannerCalculation/utils) by extension 'python'
[0.172s] Level 1:colcon.colcon_core.package_identification:_identify(pathPlannerCalculation/utils) by extensions ['python_setup_py']
[0.173s] Level 1:colcon.colcon_core.package_identification:_identify(pathPlannerCalculation/utils) by extension 'python_setup_py'
[0.173s] Level 1:colcon.colcon_core.package_identification:_identify(pathPlannerCalculation/utils/__pycache__) by extensions ['ignore', 'ignore_ament_install']
[0.173s] Level 1:colcon.colcon_core.package_identification:_identify(pathPlannerCalculation/utils/__pycache__) by extension 'ignore'
[0.173s] Level 1:colcon.colcon_core.package_identification:_identify(pathPlannerCalculation/utils/__pycache__) by extension 'ignore_ament_install'
[0.173s] Level 1:colcon.colcon_core.package_identification:_identify(pathPlannerCalculation/utils/__pycache__) by extensions ['colcon_pkg']
[0.173s] Level 1:colcon.colcon_core.package_identification:_identify(pathPlannerCalculation/utils/__pycache__) by extension 'colcon_pkg'
[0.173s] Level 1:colcon.colcon_core.package_identification:_identify(pathPlannerCalculation/utils/__pycache__) by extensions ['colcon_meta']
[0.173s] Level 1:colcon.colcon_core.package_identification:_identify(pathPlannerCalculation/utils/__pycache__) by extension 'colcon_meta'
[0.173s] Level 1:colcon.colcon_core.package_identification:_identify(pathPlannerCalculation/utils/__pycache__) by extensions ['ros']
[0.173s] Level 1:colcon.colcon_core.package_identification:_identify(pathPlannerCalculation/utils/__pycache__) by extension 'ros'
[0.173s] Level 1:colcon.colcon_core.package_identification:_identify(pathPlannerCalculation/utils/__pycache__) by extensions ['cmake', 'python']
[0.173s] Level 1:colcon.colcon_core.package_identification:_identify(pathPlannerCalculation/utils/__pycache__) by extension 'cmake'
[0.173s] Level 1:colcon.colcon_core.package_identification:_identify(pathPlannerCalculation/utils/__pycache__) by extension 'python'
[0.173s] Level 1:colcon.colcon_core.package_identification:_identify(pathPlannerCalculation/utils/__pycache__) by extensions ['python_setup_py']
[0.173s] Level 1:colcon.colcon_core.package_identification:_identify(pathPlannerCalculation/utils/__pycache__) by extension 'python_setup_py'
[0.173s] Level 1:colcon.colcon_core.package_identification:_identify(support_files) by extensions ['ignore', 'ignore_ament_install']
[0.173s] Level 1:colcon.colcon_core.package_identification:_identify(support_files) by extension 'ignore'
[0.173s] Level 1:colcon.colcon_core.package_identification:_identify(support_files) by extension 'ignore_ament_install'
[0.173s] Level 1:colcon.colcon_core.package_identification:_identify(support_files) by extensions ['colcon_pkg']
[0.173s] Level 1:colcon.colcon_core.package_identification:_identify(support_files) by extension 'colcon_pkg'
[0.173s] Level 1:colcon.colcon_core.package_identification:_identify(support_files) by extensions ['colcon_meta']
[0.174s] Level 1:colcon.colcon_core.package_identification:_identify(support_files) by extension 'colcon_meta'
[0.174s] Level 1:colcon.colcon_core.package_identification:_identify(support_files) by extensions ['ros']
[0.174s] Level 1:colcon.colcon_core.package_identification:_identify(support_files) by extension 'ros'
[0.174s] Level 1:colcon.colcon_core.package_identification:_identify(support_files) by extensions ['cmake', 'python']
[0.174s] Level 1:colcon.colcon_core.package_identification:_identify(support_files) by extension 'cmake'
[0.174s] Level 1:colcon.colcon_core.package_identification:_identify(support_files) by extension 'python'
[0.174s] Level 1:colcon.colcon_core.package_identification:_identify(support_files) by extensions ['python_setup_py']
[0.174s] Level 1:colcon.colcon_core.package_identification:_identify(support_files) by extension 'python_setup_py'
[0.174s] Level 1:colcon.colcon_core.package_discovery:discover_packages(recursive) using defaults
[0.174s] Level 1:colcon.colcon_core.package_discovery:discover_packages(ignore) discover
[0.174s] Level 1:colcon.colcon_core.package_discovery:discover_packages(ignore) using defaults
[0.174s] Level 1:colcon.colcon_core.package_discovery:discover_packages(path) discover
[0.174s] Level 1:colcon.colcon_core.package_discovery:discover_packages(path) using defaults
[0.189s] INFO:colcon.colcon_core.executor:Executing jobs using 'parallel' executor
[0.191s] DEBUG:colcon.colcon_parallel_executor.executor.parallel:run_until_complete
[0.191s] DEBUG:colcon.colcon_parallel_executor.executor.parallel:closing loop
[0.191s] DEBUG:colcon.colcon_parallel_executor.executor.parallel:loop closed
[0.191s] DEBUG:colcon.colcon_parallel_executor.executor.parallel:run_until_complete finished with '0'
[0.191s] DEBUG:colcon.colcon_core.event_reactor:joining thread
[0.195s] INFO:colcon.colcon_core.plugin_system:Skipping extension 'colcon_notification.desktop_notification.notify_send': Could not find 'notify-send'
[0.195s] INFO:colcon.colcon_core.plugin_system:Skipping extension 'colcon_notification.desktop_notification.terminal_notifier': Not used on non-Darwin systems
[0.195s] INFO:colcon.colcon_core.plugin_system:Skipping extension 'colcon_notification.desktop_notification.win32': Not used on non-Windows systems
[0.195s] INFO:colcon.colcon_notification.desktop_notification:Sending desktop notification using 'notify2'
[0.199s] DEBUG:colcon.colcon_notification.desktop_notification.notify2:Failed to initialize notify2: org.freedesktop.DBus.Error.ServiceUnknown: The name org.freedesktop.Notifications was not provided by any .service files
[0.199s] DEBUG:colcon.colcon_core.event_reactor:joined thread
[0.203s] INFO:colcon.colcon_core.plugin_system:Skipping extension 'colcon_core.shell.bat': Not used on non-Windows systems
[0.203s] INFO:colcon.colcon_core.shell:Creating prefix script '/home/acclivis/Poly_Suite/install/local_setup.ps1'
[0.204s] INFO:colcon.colcon_core.shell:Creating prefix util module '/home/acclivis/Poly_Suite/install/_local_setup_util_ps1.py'
[0.205s] INFO:colcon.colcon_core.shell:Creating prefix chain script '/home/acclivis/Poly_Suite/install/setup.ps1'
[0.207s] INFO:colcon.colcon_core.shell:Creating prefix script '/home/acclivis/Poly_Suite/install/local_setup.sh'
[0.208s] INFO:colcon.colcon_core.shell:Creating prefix util module '/home/acclivis/Poly_Suite/install/_local_setup_util_sh.py'
[0.208s] INFO:colcon.colcon_core.shell:Creating prefix chain script '/home/acclivis/Poly_Suite/install/setup.sh'
[0.210s] INFO:colcon.colcon_core.shell:Creating prefix script '/home/acclivis/Poly_Suite/install/local_setup.bash'
[0.210s] INFO:colcon.colcon_core.shell:Creating prefix chain script '/home/acclivis/Poly_Suite/install/setup.bash'
[0.212s] INFO:colcon.colcon_core.shell:Creating prefix script '/home/acclivis/Poly_Suite/install/local_setup.zsh'
[0.249s] INFO:colcon.colcon_core.shell:Creating prefix chain script '/home/acclivis/Poly_Suite/install/setup.zsh'
