[0.763s] DEBUG:colcon:Command line arguments: ['/usr/bin/colcon', 'build']
[0.764s] DEBUG:colcon:Parsed command line arguments: Namespace(ament_cmake_args=None, base_paths=['.'], build_base='build', catkin_cmake_args=None, catkin_skip_building_tests=False, cmake_args=None, cmake_clean_cache=False, cmake_clean_first=False, cmake_force_configure=False, cmake_target=None, cmake_target_skip_unavailable=False, continue_on_error=False, event_handlers=None, executor='parallel', ignore_user_meta=False, install_base='install', log_base=None, log_level=None, main=<bound method BuildVerb.main of <colcon_core.verb.build.BuildVerb object at 0x7f141ae70c10>>, merge_install=False, metas=['./colcon.meta'], mixin=None, mixin_files=None, mixin_verb=('build',), packages_above=None, packages_above_and_dependencies=None, packages_above_depth=None, packages_end=None, packages_ignore=None, packages_ignore_regex=None, packages_select=None, packages_select_build_failed=False, packages_select_by_dep=None, packages_select_regex=None, packages_select_test_failures=False, packages_skip=None, packages_skip_build_finished=False, packages_skip_by_dep=None, packages_skip_regex=None, packages_skip_test_passed=False, packages_skip_up_to=None, packages_start=None, packages_up_to=None, packages_up_to_regex=None, parallel_workers=6, paths=None, symlink_install=False, test_result_base=None, verb_extension=<colcon_core.verb.build.BuildVerb object at 0x7f141ae70c10>, verb_name='build', verb_parser=<colcon_mixin.mixin.mixin_argument.MixinArgumentDecorator object at 0x7f141adfc220>)
[0.834s] Level 1:colcon.colcon_core.package_discovery:discover_packages(colcon_meta) check parameters
[0.835s] Level 1:colcon.colcon_core.package_discovery:discover_packages(recursive) check parameters
[0.835s] Level 1:colcon.colcon_core.package_discovery:discover_packages(ignore) check parameters
[0.835s] Level 1:colcon.colcon_core.package_discovery:discover_packages(path) check parameters
[0.835s] Level 1:colcon.colcon_core.package_discovery:discover_packages(colcon_meta) discover
[0.835s] Level 1:colcon.colcon_core.package_discovery:discover_packages(recursive) discover
[0.836s] INFO:colcon.colcon_core.package_discovery:Crawling recursively for packages in '/home/acclivis/avp_demo'
[0.836s] Level 1:colcon.colcon_core.package_identification:_identify(.) by extensions ['ignore', 'ignore_ament_install']
[0.836s] Level 1:colcon.colcon_core.package_identification:_identify(.) by extension 'ignore'
[0.837s] Level 1:colcon.colcon_core.package_identification:_identify(.) by extension 'ignore_ament_install'
[0.837s] Level 1:colcon.colcon_core.package_identification:_identify(.) by extensions ['colcon_pkg']
[0.837s] Level 1:colcon.colcon_core.package_identification:_identify(.) by extension 'colcon_pkg'
[0.837s] Level 1:colcon.colcon_core.package_identification:_identify(.) by extensions ['colcon_meta']
[0.837s] Level 1:colcon.colcon_core.package_identification:_identify(.) by extension 'colcon_meta'
[0.838s] Level 1:colcon.colcon_core.package_identification:_identify(.) by extensions ['ros']
[0.838s] Level 1:colcon.colcon_core.package_identification:_identify(.) by extension 'ros'
[0.938s] DEBUG:colcon.colcon_core.package_identification:Package '.' with type 'ros.ament_cmake' and name 'avp_demo'
[0.938s] Level 1:colcon.colcon_core.package_discovery:discover_packages(recursive) using defaults
[0.938s] Level 1:colcon.colcon_core.package_discovery:discover_packages(ignore) discover
[0.938s] Level 1:colcon.colcon_core.package_discovery:discover_packages(ignore) using defaults
[0.938s] Level 1:colcon.colcon_core.package_discovery:discover_packages(path) discover
[0.938s] Level 1:colcon.colcon_core.package_discovery:discover_packages(path) using defaults
[1.056s] Level 5:colcon.colcon_core.verb:set package 'avp_demo' build argument 'cmake_args' from command line to 'None'
[1.056s] Level 5:colcon.colcon_core.verb:set package 'avp_demo' build argument 'cmake_target' from command line to 'None'
[1.056s] Level 5:colcon.colcon_core.verb:set package 'avp_demo' build argument 'cmake_target_skip_unavailable' from command line to 'False'
[1.056s] Level 5:colcon.colcon_core.verb:set package 'avp_demo' build argument 'cmake_clean_cache' from command line to 'False'
[1.056s] Level 5:colcon.colcon_core.verb:set package 'avp_demo' build argument 'cmake_clean_first' from command line to 'False'
[1.056s] Level 5:colcon.colcon_core.verb:set package 'avp_demo' build argument 'cmake_force_configure' from command line to 'False'
[1.056s] Level 5:colcon.colcon_core.verb:set package 'avp_demo' build argument 'ament_cmake_args' from command line to 'None'
[1.056s] Level 5:colcon.colcon_core.verb:set package 'avp_demo' build argument 'catkin_cmake_args' from command line to 'None'
[1.056s] Level 5:colcon.colcon_core.verb:set package 'avp_demo' build argument 'catkin_skip_building_tests' from command line to 'False'
[1.056s] DEBUG:colcon.colcon_core.verb:Building package 'avp_demo' with the following arguments: {'ament_cmake_args': None, 'build_base': '/home/acclivis/avp_demo/build/avp_demo', 'catkin_cmake_args': None, 'catkin_skip_building_tests': False, 'cmake_args': None, 'cmake_clean_cache': False, 'cmake_clean_first': False, 'cmake_force_configure': False, 'cmake_target': None, 'cmake_target_skip_unavailable': False, 'install_base': '/home/acclivis/avp_demo/install/avp_demo', 'merge_install': False, 'path': '/home/acclivis/avp_demo', 'symlink_install': False, 'test_result_base': None}
[1.057s] INFO:colcon.colcon_core.executor:Executing jobs using 'parallel' executor
[1.059s] DEBUG:colcon.colcon_parallel_executor.executor.parallel:run_until_complete
[1.059s] INFO:colcon.colcon_ros.task.ament_cmake.build:Building ROS package in '/home/acclivis/avp_demo' with build type 'ament_cmake'
[1.060s] INFO:colcon.colcon_cmake.task.cmake.build:Building CMake package in '/home/acclivis/avp_demo'
[1.066s] INFO:colcon.colcon_core.plugin_system:Skipping extension 'colcon_core.shell.bat': Not used on non-Windows systems
[1.067s] INFO:colcon.colcon_core.shell:Skip shell extension 'powershell' for command environment: Not usable outside of PowerShell
[1.067s] DEBUG:colcon.colcon_core.shell:Skip shell extension 'dsv' for command environment
[1.071s] DEBUG:colcon.colcon_core.shell:Ignoring prefix path '/opt/ros/foxy'
[1.163s] DEBUG:colcon.colcon_core.event_handler.log_command:Invoking command in '/home/acclivis/avp_demo/build/avp_demo': CMAKE_PREFIX_PATH=/opt/ros/foxy /usr/bin/cmake --build /home/acclivis/avp_demo/build/avp_demo -- -j6 -l6
[1.972s] DEBUG:colcon.colcon_core.event_handler.log_command:Invoked command in '/home/acclivis/avp_demo/build/avp_demo' returned '0': CMAKE_PREFIX_PATH=/opt/ros/foxy /usr/bin/cmake --build /home/acclivis/avp_demo/build/avp_demo -- -j6 -l6
[2.001s] DEBUG:colcon.colcon_core.event_handler.log_command:Invoking command in '/home/acclivis/avp_demo/build/avp_demo': CMAKE_PREFIX_PATH=/opt/ros/foxy /usr/bin/cmake --install /home/acclivis/avp_demo/build/avp_demo
[2.054s] Level 1:colcon.colcon_core.environment:create_environment_scripts_only(avp_demo)
[2.064s] DEBUG:colcon.colcon_core.event_handler.log_command:Invoked command in '/home/acclivis/avp_demo/build/avp_demo' returned '0': CMAKE_PREFIX_PATH=/opt/ros/foxy /usr/bin/cmake --install /home/acclivis/avp_demo/build/avp_demo
[2.109s] Level 1:colcon.colcon_core.environment:checking '/home/acclivis/avp_demo/install/avp_demo' for CMake module files
[2.110s] Level 1:colcon.colcon_core.environment:checking '/home/acclivis/avp_demo/install/avp_demo' for CMake config files
[2.111s] Level 1:colcon.colcon_core.shell:create_environment_hook('avp_demo', 'cmake_prefix_path')
[2.112s] INFO:colcon.colcon_core.shell:Creating environment hook '/home/acclivis/avp_demo/install/avp_demo/share/avp_demo/hook/cmake_prefix_path.ps1'
[2.113s] INFO:colcon.colcon_core.shell:Creating environment descriptor '/home/acclivis/avp_demo/install/avp_demo/share/avp_demo/hook/cmake_prefix_path.dsv'
[2.114s] INFO:colcon.colcon_core.shell:Creating environment hook '/home/acclivis/avp_demo/install/avp_demo/share/avp_demo/hook/cmake_prefix_path.sh'
[2.116s] Level 1:colcon.colcon_core.environment:checking '/home/acclivis/avp_demo/install/avp_demo/bin'
[2.116s] Level 1:colcon.colcon_core.environment:checking '/home/acclivis/avp_demo/install/avp_demo/lib/pkgconfig/avp_demo.pc'
[2.117s] Level 1:colcon.colcon_core.environment:checking '/home/acclivis/avp_demo/install/avp_demo/lib/python3.8/site-packages'
[2.118s] INFO:colcon.colcon_core.shell:Creating package script '/home/acclivis/avp_demo/install/avp_demo/share/avp_demo/package.ps1'
[2.119s] INFO:colcon.colcon_core.shell:Creating package descriptor '/home/acclivis/avp_demo/install/avp_demo/share/avp_demo/package.dsv'
[2.120s] INFO:colcon.colcon_core.shell:Creating package script '/home/acclivis/avp_demo/install/avp_demo/share/avp_demo/package.sh'
[2.122s] INFO:colcon.colcon_core.shell:Creating package script '/home/acclivis/avp_demo/install/avp_demo/share/avp_demo/package.bash'
[2.124s] INFO:colcon.colcon_core.shell:Creating package script '/home/acclivis/avp_demo/install/avp_demo/share/avp_demo/package.zsh'
[2.125s] Level 1:colcon.colcon_core.environment:create_file_with_runtime_dependencies(/home/acclivis/avp_demo/install/avp_demo/share/colcon-core/packages/avp_demo)
[2.154s] Level 1:colcon.colcon_core.environment:create_environment_scripts_only(avp_demo)
[2.155s] Level 1:colcon.colcon_core.environment:checking '/home/acclivis/avp_demo/install/avp_demo' for CMake module files
[2.156s] Level 1:colcon.colcon_core.environment:checking '/home/acclivis/avp_demo/install/avp_demo' for CMake config files
[2.157s] Level 1:colcon.colcon_core.shell:create_environment_hook('avp_demo', 'cmake_prefix_path')
[2.157s] INFO:colcon.colcon_core.shell:Creating environment hook '/home/acclivis/avp_demo/install/avp_demo/share/avp_demo/hook/cmake_prefix_path.ps1'
[2.158s] INFO:colcon.colcon_core.shell:Creating environment descriptor '/home/acclivis/avp_demo/install/avp_demo/share/avp_demo/hook/cmake_prefix_path.dsv'
[2.158s] INFO:colcon.colcon_core.shell:Creating environment hook '/home/acclivis/avp_demo/install/avp_demo/share/avp_demo/hook/cmake_prefix_path.sh'
[2.159s] Level 1:colcon.colcon_core.environment:checking '/home/acclivis/avp_demo/install/avp_demo/bin'
[2.159s] Level 1:colcon.colcon_core.environment:checking '/home/acclivis/avp_demo/install/avp_demo/lib/pkgconfig/avp_demo.pc'
[2.159s] Level 1:colcon.colcon_core.environment:checking '/home/acclivis/avp_demo/install/avp_demo/lib/python3.8/site-packages'
[2.160s] INFO:colcon.colcon_core.shell:Creating package script '/home/acclivis/avp_demo/install/avp_demo/share/avp_demo/package.ps1'
[2.161s] INFO:colcon.colcon_core.shell:Creating package descriptor '/home/acclivis/avp_demo/install/avp_demo/share/avp_demo/package.dsv'
[2.161s] INFO:colcon.colcon_core.shell:Creating package script '/home/acclivis/avp_demo/install/avp_demo/share/avp_demo/package.sh'
[2.162s] INFO:colcon.colcon_core.shell:Creating package script '/home/acclivis/avp_demo/install/avp_demo/share/avp_demo/package.bash'
[2.162s] INFO:colcon.colcon_core.shell:Creating package script '/home/acclivis/avp_demo/install/avp_demo/share/avp_demo/package.zsh'
[2.163s] Level 1:colcon.colcon_core.environment:create_file_with_runtime_dependencies(/home/acclivis/avp_demo/install/avp_demo/share/colcon-core/packages/avp_demo)
[2.163s] DEBUG:colcon.colcon_parallel_executor.executor.parallel:closing loop
[2.164s] DEBUG:colcon.colcon_parallel_executor.executor.parallel:loop closed
[2.164s] DEBUG:colcon.colcon_parallel_executor.executor.parallel:run_until_complete finished with '0'
[2.165s] DEBUG:colcon.colcon_core.event_reactor:joining thread
[2.214s] INFO:colcon.colcon_core.plugin_system:Skipping extension 'colcon_notification.desktop_notification.notify_send': Could not find 'notify-send'
[2.214s] INFO:colcon.colcon_core.plugin_system:Skipping extension 'colcon_notification.desktop_notification.terminal_notifier': Not used on non-Darwin systems
[2.214s] INFO:colcon.colcon_core.plugin_system:Skipping extension 'colcon_notification.desktop_notification.win32': Not used on non-Windows systems
[2.214s] INFO:colcon.colcon_notification.desktop_notification:Sending desktop notification using 'notify2'
[2.218s] DEBUG:colcon.colcon_notification.desktop_notification.notify2:Failed to initialize notify2: org.freedesktop.DBus.Error.ServiceUnknown: The name org.freedesktop.Notifications was not provided by any .service files
[2.218s] DEBUG:colcon.colcon_core.event_reactor:joined thread
[2.219s] INFO:colcon.colcon_core.shell:Creating prefix script '/home/acclivis/avp_demo/install/local_setup.ps1'
[2.220s] INFO:colcon.colcon_core.shell:Creating prefix util module '/home/acclivis/avp_demo/install/_local_setup_util_ps1.py'
[2.232s] INFO:colcon.colcon_core.shell:Creating prefix chain script '/home/acclivis/avp_demo/install/setup.ps1'
[2.241s] INFO:colcon.colcon_core.shell:Creating prefix script '/home/acclivis/avp_demo/install/local_setup.sh'
[2.242s] INFO:colcon.colcon_core.shell:Creating prefix util module '/home/acclivis/avp_demo/install/_local_setup_util_sh.py'
[2.244s] INFO:colcon.colcon_core.shell:Creating prefix chain script '/home/acclivis/avp_demo/install/setup.sh'
[2.248s] INFO:colcon.colcon_core.shell:Creating prefix script '/home/acclivis/avp_demo/install/local_setup.bash'
[2.249s] INFO:colcon.colcon_core.shell:Creating prefix chain script '/home/acclivis/avp_demo/install/setup.bash'
[2.252s] INFO:colcon.colcon_core.shell:Creating prefix script '/home/acclivis/avp_demo/install/local_setup.zsh'
[2.253s] INFO:colcon.colcon_core.shell:Creating prefix chain script '/home/acclivis/avp_demo/install/setup.zsh'
