[0.129s] DEBUG:colcon:Command line arguments: ['/usr/bin/colcon', 'build']
[0.129s] DEBUG:colcon:Parsed command line arguments: Namespace(ament_cmake_args=None, base_paths=['.'], build_base='build', catkin_cmake_args=None, catkin_skip_building_tests=False, cmake_args=None, cmake_clean_cache=False, cmake_clean_first=False, cmake_force_configure=False, cmake_target=None, cmake_target_skip_unavailable=False, continue_on_error=False, event_handlers=None, executor='parallel', ignore_user_meta=False, install_base='install', log_base=None, log_level=None, main=<bound method BuildVerb.main of <colcon_core.verb.build.BuildVerb object at 0x7f56bd36c5b0>>, merge_install=False, metas=['./colcon.meta'], mixin=None, mixin_files=None, mixin_verb=('build',), packages_above=None, packages_above_and_dependencies=None, packages_above_depth=None, packages_end=None, packages_ignore=None, packages_ignore_regex=None, packages_select=None, packages_select_build_failed=False, packages_select_by_dep=None, packages_select_regex=None, packages_select_test_failures=False, packages_skip=None, packages_skip_build_finished=False, packages_skip_by_dep=None, packages_skip_regex=None, packages_skip_test_passed=False, packages_skip_up_to=None, packages_start=None, packages_up_to=None, packages_up_to_regex=None, parallel_workers=12, paths=None, symlink_install=False, test_result_base=None, verb_extension=<colcon_core.verb.build.BuildVerb object at 0x7f56bd36c5b0>, verb_name='build', verb_parser=<colcon_mixin.mixin.mixin_argument.MixinArgumentDecorator object at 0x7f56bd36cc10>)
[0.133s] Level 1:colcon.colcon_core.package_discovery:discover_packages(colcon_meta) check parameters
[0.133s] Level 1:colcon.colcon_core.package_discovery:discover_packages(recursive) check parameters
[0.133s] Level 1:colcon.colcon_core.package_discovery:discover_packages(ignore) check parameters
[0.133s] Level 1:colcon.colcon_core.package_discovery:discover_packages(path) check parameters
[0.134s] Level 1:colcon.colcon_core.package_discovery:discover_packages(colcon_meta) discover
[0.134s] Level 1:colcon.colcon_core.package_discovery:discover_packages(recursive) discover
[0.134s] INFO:colcon.colcon_core.package_discovery:Crawling recursively for packages in '/home/acclivis/avp_demo'
[0.134s] Level 1:colcon.colcon_core.package_identification:_identify(.) by extensions ['ignore', 'ignore_ament_install']
[0.134s] Level 1:colcon.colcon_core.package_identification:_identify(.) by extension 'ignore'
[0.134s] Level 1:colcon.colcon_core.package_identification:_identify(.) by extension 'ignore_ament_install'
[0.134s] Level 1:colcon.colcon_core.package_identification:_identify(.) by extensions ['colcon_pkg']
[0.134s] Level 1:colcon.colcon_core.package_identification:_identify(.) by extension 'colcon_pkg'
[0.134s] Level 1:colcon.colcon_core.package_identification:_identify(.) by extensions ['colcon_meta']
[0.134s] Level 1:colcon.colcon_core.package_identification:_identify(.) by extension 'colcon_meta'
[0.134s] Level 1:colcon.colcon_core.package_identification:_identify(.) by extensions ['ros']
[0.134s] Level 1:colcon.colcon_core.package_identification:_identify(.) by extension 'ros'
[0.144s] DEBUG:colcon.colcon_core.package_identification:Package '.' with type 'ros.ament_cmake' and name 'avp_demo'
[0.144s] Level 1:colcon.colcon_core.package_discovery:discover_packages(recursive) using defaults
[0.144s] Level 1:colcon.colcon_core.package_discovery:discover_packages(ignore) discover
[0.144s] Level 1:colcon.colcon_core.package_discovery:discover_packages(ignore) using defaults
[0.144s] Level 1:colcon.colcon_core.package_discovery:discover_packages(path) discover
[0.144s] Level 1:colcon.colcon_core.package_discovery:discover_packages(path) using defaults
[0.158s] Level 5:colcon.colcon_core.verb:set package 'avp_demo' build argument 'cmake_args' from command line to 'None'
[0.158s] Level 5:colcon.colcon_core.verb:set package 'avp_demo' build argument 'cmake_target' from command line to 'None'
[0.158s] Level 5:colcon.colcon_core.verb:set package 'avp_demo' build argument 'cmake_target_skip_unavailable' from command line to 'False'
[0.158s] Level 5:colcon.colcon_core.verb:set package 'avp_demo' build argument 'cmake_clean_cache' from command line to 'False'
[0.159s] Level 5:colcon.colcon_core.verb:set package 'avp_demo' build argument 'cmake_clean_first' from command line to 'False'
[0.159s] Level 5:colcon.colcon_core.verb:set package 'avp_demo' build argument 'cmake_force_configure' from command line to 'False'
[0.159s] Level 5:colcon.colcon_core.verb:set package 'avp_demo' build argument 'ament_cmake_args' from command line to 'None'
[0.159s] Level 5:colcon.colcon_core.verb:set package 'avp_demo' build argument 'catkin_cmake_args' from command line to 'None'
[0.159s] Level 5:colcon.colcon_core.verb:set package 'avp_demo' build argument 'catkin_skip_building_tests' from command line to 'False'
[0.159s] DEBUG:colcon.colcon_core.verb:Building package 'avp_demo' with the following arguments: {'ament_cmake_args': None, 'build_base': '/home/acclivis/avp_demo/build/avp_demo', 'catkin_cmake_args': None, 'catkin_skip_building_tests': False, 'cmake_args': None, 'cmake_clean_cache': False, 'cmake_clean_first': False, 'cmake_force_configure': False, 'cmake_target': None, 'cmake_target_skip_unavailable': False, 'install_base': '/home/acclivis/avp_demo/install/avp_demo', 'merge_install': False, 'path': '/home/acclivis/avp_demo', 'symlink_install': False, 'test_result_base': None}
[0.159s] INFO:colcon.colcon_core.executor:Executing jobs using 'parallel' executor
[0.160s] DEBUG:colcon.colcon_parallel_executor.executor.parallel:run_until_complete
[0.161s] INFO:colcon.colcon_ros.task.ament_cmake.build:Building ROS package in '/home/acclivis/avp_demo' with build type 'ament_cmake'
[0.161s] INFO:colcon.colcon_cmake.task.cmake.build:Building CMake package in '/home/acclivis/avp_demo'
[0.164s] INFO:colcon.colcon_core.plugin_system:Skipping extension 'colcon_core.shell.bat': Not used on non-Windows systems
[0.164s] INFO:colcon.colcon_core.shell:Skip shell extension 'powershell' for command environment: Not usable outside of PowerShell
[0.164s] DEBUG:colcon.colcon_core.shell:Skip shell extension 'dsv' for command environment
[0.167s] DEBUG:colcon.colcon_core.shell:Ignoring prefix path '/opt/ros/foxy'
[0.172s] DEBUG:colcon.colcon_core.event_handler.log_command:Invoking command in '/home/acclivis/avp_demo/build/avp_demo': CMAKE_PREFIX_PATH=${CMAKE_PREFIX_PATH}:/home/acclivis/Node/Node_path_planner_validation_ws/install/path_planner_validation:/home/acclivis/Node/Node_localization_validation_ws/install/localization_validation:/home/acclivis/Node/Node_control_validation_ws/install/control_validation:/home/acclivis/Node/Node_perception_validation_ws/install/perception_validation:/opt/ros/foxy /usr/bin/cmake --build /home/acclivis/avp_demo/build/avp_demo -- -j12 -l12
[0.639s] DEBUG:colcon.colcon_core.event_handler.log_command:Invoked command in '/home/acclivis/avp_demo/build/avp_demo' returned '0': CMAKE_PREFIX_PATH=${CMAKE_PREFIX_PATH}:/home/acclivis/Node/Node_path_planner_validation_ws/install/path_planner_validation:/home/acclivis/Node/Node_localization_validation_ws/install/localization_validation:/home/acclivis/Node/Node_control_validation_ws/install/control_validation:/home/acclivis/Node/Node_perception_validation_ws/install/perception_validation:/opt/ros/foxy /usr/bin/cmake --build /home/acclivis/avp_demo/build/avp_demo -- -j12 -l12
[0.661s] DEBUG:colcon.colcon_core.event_handler.log_command:Invoking command in '/home/acclivis/avp_demo/build/avp_demo': CMAKE_PREFIX_PATH=${CMAKE_PREFIX_PATH}:/home/acclivis/Node/Node_path_planner_validation_ws/install/path_planner_validation:/home/acclivis/Node/Node_localization_validation_ws/install/localization_validation:/home/acclivis/Node/Node_control_validation_ws/install/control_validation:/home/acclivis/Node/Node_perception_validation_ws/install/perception_validation:/opt/ros/foxy /usr/bin/cmake --install /home/acclivis/avp_demo/build/avp_demo
[0.669s] Level 1:colcon.colcon_core.environment:create_environment_scripts_only(avp_demo)
[0.674s] DEBUG:colcon.colcon_core.event_handler.log_command:Invoked command in '/home/acclivis/avp_demo/build/avp_demo' returned '0': CMAKE_PREFIX_PATH=${CMAKE_PREFIX_PATH}:/home/acclivis/Node/Node_path_planner_validation_ws/install/path_planner_validation:/home/acclivis/Node/Node_localization_validation_ws/install/localization_validation:/home/acclivis/Node/Node_control_validation_ws/install/control_validation:/home/acclivis/Node/Node_perception_validation_ws/install/perception_validation:/opt/ros/foxy /usr/bin/cmake --install /home/acclivis/avp_demo/build/avp_demo
[0.675s] Level 1:colcon.colcon_core.environment:checking '/home/acclivis/avp_demo/install/avp_demo' for CMake module files
[0.675s] Level 1:colcon.colcon_core.environment:checking '/home/acclivis/avp_demo/install/avp_demo' for CMake config files
[0.676s] Level 1:colcon.colcon_core.shell:create_environment_hook('avp_demo', 'cmake_prefix_path')
[0.676s] INFO:colcon.colcon_core.shell:Creating environment hook '/home/acclivis/avp_demo/install/avp_demo/share/avp_demo/hook/cmake_prefix_path.ps1'
[0.676s] INFO:colcon.colcon_core.shell:Creating environment descriptor '/home/acclivis/avp_demo/install/avp_demo/share/avp_demo/hook/cmake_prefix_path.dsv'
[0.677s] INFO:colcon.colcon_core.shell:Creating environment hook '/home/acclivis/avp_demo/install/avp_demo/share/avp_demo/hook/cmake_prefix_path.sh'
[0.677s] Level 1:colcon.colcon_core.environment:checking '/home/acclivis/avp_demo/install/avp_demo/bin'
[0.678s] Level 1:colcon.colcon_core.environment:checking '/home/acclivis/avp_demo/install/avp_demo/lib/pkgconfig/avp_demo.pc'
[0.678s] Level 1:colcon.colcon_core.environment:checking '/home/acclivis/avp_demo/install/avp_demo/lib/python3.8/site-packages'
[0.678s] INFO:colcon.colcon_core.shell:Creating package script '/home/acclivis/avp_demo/install/avp_demo/share/avp_demo/package.ps1'
[0.679s] INFO:colcon.colcon_core.shell:Creating package descriptor '/home/acclivis/avp_demo/install/avp_demo/share/avp_demo/package.dsv'
[0.679s] INFO:colcon.colcon_core.shell:Creating package script '/home/acclivis/avp_demo/install/avp_demo/share/avp_demo/package.sh'
[0.679s] INFO:colcon.colcon_core.shell:Creating package script '/home/acclivis/avp_demo/install/avp_demo/share/avp_demo/package.bash'
[0.680s] INFO:colcon.colcon_core.shell:Creating package script '/home/acclivis/avp_demo/install/avp_demo/share/avp_demo/package.zsh'
[0.680s] Level 1:colcon.colcon_core.environment:create_file_with_runtime_dependencies(/home/acclivis/avp_demo/install/avp_demo/share/colcon-core/packages/avp_demo)
[0.695s] Level 1:colcon.colcon_core.environment:create_environment_scripts_only(avp_demo)
[0.696s] Level 1:colcon.colcon_core.environment:checking '/home/acclivis/avp_demo/install/avp_demo' for CMake module files
[0.696s] Level 1:colcon.colcon_core.environment:checking '/home/acclivis/avp_demo/install/avp_demo' for CMake config files
[0.696s] Level 1:colcon.colcon_core.shell:create_environment_hook('avp_demo', 'cmake_prefix_path')
[0.697s] INFO:colcon.colcon_core.shell:Creating environment hook '/home/acclivis/avp_demo/install/avp_demo/share/avp_demo/hook/cmake_prefix_path.ps1'
[0.697s] INFO:colcon.colcon_core.shell:Creating environment descriptor '/home/acclivis/avp_demo/install/avp_demo/share/avp_demo/hook/cmake_prefix_path.dsv'
[0.697s] INFO:colcon.colcon_core.shell:Creating environment hook '/home/acclivis/avp_demo/install/avp_demo/share/avp_demo/hook/cmake_prefix_path.sh'
[0.698s] Level 1:colcon.colcon_core.environment:checking '/home/acclivis/avp_demo/install/avp_demo/bin'
[0.698s] Level 1:colcon.colcon_core.environment:checking '/home/acclivis/avp_demo/install/avp_demo/lib/pkgconfig/avp_demo.pc'
[0.698s] Level 1:colcon.colcon_core.environment:checking '/home/acclivis/avp_demo/install/avp_demo/lib/python3.8/site-packages'
[0.698s] INFO:colcon.colcon_core.shell:Creating package script '/home/acclivis/avp_demo/install/avp_demo/share/avp_demo/package.ps1'
[0.699s] INFO:colcon.colcon_core.shell:Creating package descriptor '/home/acclivis/avp_demo/install/avp_demo/share/avp_demo/package.dsv'
[0.699s] INFO:colcon.colcon_core.shell:Creating package script '/home/acclivis/avp_demo/install/avp_demo/share/avp_demo/package.sh'
[0.699s] INFO:colcon.colcon_core.shell:Creating package script '/home/acclivis/avp_demo/install/avp_demo/share/avp_demo/package.bash'
[0.700s] INFO:colcon.colcon_core.shell:Creating package script '/home/acclivis/avp_demo/install/avp_demo/share/avp_demo/package.zsh'
[0.700s] Level 1:colcon.colcon_core.environment:create_file_with_runtime_dependencies(/home/acclivis/avp_demo/install/avp_demo/share/colcon-core/packages/avp_demo)
[0.700s] DEBUG:colcon.colcon_parallel_executor.executor.parallel:closing loop
[0.700s] DEBUG:colcon.colcon_parallel_executor.executor.parallel:loop closed
[0.701s] DEBUG:colcon.colcon_parallel_executor.executor.parallel:run_until_complete finished with '0'
[0.701s] DEBUG:colcon.colcon_core.event_reactor:joining thread
[0.705s] INFO:colcon.colcon_core.plugin_system:Skipping extension 'colcon_notification.desktop_notification.notify_send': Could not find 'notify-send'
[0.705s] INFO:colcon.colcon_core.plugin_system:Skipping extension 'colcon_notification.desktop_notification.terminal_notifier': Not used on non-Darwin systems
[0.706s] INFO:colcon.colcon_core.plugin_system:Skipping extension 'colcon_notification.desktop_notification.win32': Not used on non-Windows systems
[0.706s] INFO:colcon.colcon_notification.desktop_notification:Sending desktop notification using 'notify2'
[0.708s] DEBUG:colcon.colcon_notification.desktop_notification.notify2:Failed to initialize notify2: org.freedesktop.DBus.Error.ServiceUnknown: The name org.freedesktop.Notifications was not provided by any .service files
[0.708s] DEBUG:colcon.colcon_core.event_reactor:joined thread
[0.709s] INFO:colcon.colcon_core.shell:Creating prefix script '/home/acclivis/avp_demo/install/local_setup.ps1'
[0.710s] INFO:colcon.colcon_core.shell:Creating prefix util module '/home/acclivis/avp_demo/install/_local_setup_util_ps1.py'
[0.711s] INFO:colcon.colcon_core.shell:Creating prefix chain script '/home/acclivis/avp_demo/install/setup.ps1'
[0.712s] INFO:colcon.colcon_core.shell:Creating prefix script '/home/acclivis/avp_demo/install/local_setup.sh'
[0.713s] INFO:colcon.colcon_core.shell:Creating prefix util module '/home/acclivis/avp_demo/install/_local_setup_util_sh.py'
[0.713s] INFO:colcon.colcon_core.shell:Creating prefix chain script '/home/acclivis/avp_demo/install/setup.sh'
[0.715s] INFO:colcon.colcon_core.shell:Creating prefix script '/home/acclivis/avp_demo/install/local_setup.bash'
[0.715s] INFO:colcon.colcon_core.shell:Creating prefix chain script '/home/acclivis/avp_demo/install/setup.bash'
[0.717s] INFO:colcon.colcon_core.shell:Creating prefix script '/home/acclivis/avp_demo/install/local_setup.zsh'
[0.717s] INFO:colcon.colcon_core.shell:Creating prefix chain script '/home/acclivis/avp_demo/install/setup.zsh'
