running egg_info
creating ../../build/lg_sub_groundtruth/lg_sub_groundtruth.egg-info
writing ../../build/lg_sub_groundtruth/lg_sub_groundtruth.egg-info/PKG-INFO
writing dependency_links to ../../build/lg_sub_groundtruth/lg_sub_groundtruth.egg-info/dependency_links.txt
writing entry points to ../../build/lg_sub_groundtruth/lg_sub_groundtruth.egg-info/entry_points.txt
writing requirements to ../../build/lg_sub_groundtruth/lg_sub_groundtruth.egg-info/requires.txt
writing top-level names to ../../build/lg_sub_groundtruth/lg_sub_groundtruth.egg-info/top_level.txt
writing manifest file '../../build/lg_sub_groundtruth/lg_sub_groundtruth.egg-info/SOURCES.txt'
reading manifest file '../../build/lg_sub_groundtruth/lg_sub_groundtruth.egg-info/SOURCES.txt'
writing manifest file '../../build/lg_sub_groundtruth/lg_sub_groundtruth.egg-info/SOURCES.txt'
running build
running build_py
creating /home/acclivis_linux2/script/lg_groundtruth_data_ws/build/lg_sub_groundtruth/build
creating /home/acclivis_linux2/script/lg_groundtruth_data_ws/build/lg_sub_groundtruth/build/lib
creating /home/acclivis_linux2/script/lg_groundtruth_data_ws/build/lg_sub_groundtruth/build/lib/lg_sub_groundtruth
copying lg_sub_groundtruth/__init__.py -> /home/acclivis_linux2/script/lg_groundtruth_data_ws/build/lg_sub_groundtruth/build/lib/lg_sub_groundtruth
running install
running install_lib
creating /home/acclivis_linux2/script/lg_groundtruth_data_ws/install/lg_sub_groundtruth/lib/python3.6/site-packages/lg_sub_groundtruth
copying /home/acclivis_linux2/script/lg_groundtruth_data_ws/build/lg_sub_groundtruth/build/lib/lg_sub_groundtruth/__init__.py -> /home/acclivis_linux2/script/lg_groundtruth_data_ws/install/lg_sub_groundtruth/lib/python3.6/site-packages/lg_sub_groundtruth
byte-compiling /home/acclivis_linux2/script/lg_groundtruth_data_ws/install/lg_sub_groundtruth/lib/python3.6/site-packages/lg_sub_groundtruth/__init__.py to __init__.cpython-36.pyc
running install_data
creating /home/acclivis_linux2/script/lg_groundtruth_data_ws/install/lg_sub_groundtruth/share/ament_index
creating /home/acclivis_linux2/script/lg_groundtruth_data_ws/install/lg_sub_groundtruth/share/ament_index/resource_index
creating /home/acclivis_linux2/script/lg_groundtruth_data_ws/install/lg_sub_groundtruth/share/ament_index/resource_index/packages
copying resource/lg_sub_groundtruth -> /home/acclivis_linux2/script/lg_groundtruth_data_ws/install/lg_sub_groundtruth/share/ament_index/resource_index/packages
copying package.xml -> /home/acclivis_linux2/script/lg_groundtruth_data_ws/install/lg_sub_groundtruth/share/lg_sub_groundtruth
running install_egg_info
Copying ../../build/lg_sub_groundtruth/lg_sub_groundtruth.egg-info to /home/acclivis_linux2/script/lg_groundtruth_data_ws/install/lg_sub_groundtruth/lib/python3.6/site-packages/lg_sub_groundtruth-0.0.0-py3.6.egg-info
running install_scripts
writing list of installed files to '/home/acclivis_linux2/script/lg_groundtruth_data_ws/build/lg_sub_groundtruth/install.log'
