running egg_info
writing /home/acclivis/Node/Node_lg_groundtruth_data_ws/lg_groundtruth_data_ws/build/lg_sub_groundtruth/lg_sub_groundtruth.egg-info/PKG-INFO
writing dependency_links to /home/acclivis/Node/Node_lg_groundtruth_data_ws/lg_groundtruth_data_ws/build/lg_sub_groundtruth/lg_sub_groundtruth.egg-info/dependency_links.txt
writing entry points to /home/acclivis/Node/Node_lg_groundtruth_data_ws/lg_groundtruth_data_ws/build/lg_sub_groundtruth/lg_sub_groundtruth.egg-info/entry_points.txt
writing requirements to /home/acclivis/Node/Node_lg_groundtruth_data_ws/lg_groundtruth_data_ws/build/lg_sub_groundtruth/lg_sub_groundtruth.egg-info/requires.txt
writing top-level names to /home/acclivis/Node/Node_lg_groundtruth_data_ws/lg_groundtruth_data_ws/build/lg_sub_groundtruth/lg_sub_groundtruth.egg-info/top_level.txt
reading manifest file '/home/acclivis/Node/Node_lg_groundtruth_data_ws/lg_groundtruth_data_ws/build/lg_sub_groundtruth/lg_sub_groundtruth.egg-info/SOURCES.txt'
writing manifest file '/home/acclivis/Node/Node_lg_groundtruth_data_ws/lg_groundtruth_data_ws/build/lg_sub_groundtruth/lg_sub_groundtruth.egg-info/SOURCES.txt'
running build
running build_py
copying lg_sub_groundtruth/lg_gt3d_subscriber.py -> /home/acclivis/Node/Node_lg_groundtruth_data_ws/lg_groundtruth_data_ws/build/lg_sub_groundtruth/build/lib/lg_sub_groundtruth
running install
running install_lib
copying /home/acclivis/Node/Node_lg_groundtruth_data_ws/lg_groundtruth_data_ws/build/lg_sub_groundtruth/build/lib/lg_sub_groundtruth/lg_gt3d_subscriber.py -> /home/acclivis/Node/Node_lg_groundtruth_data_ws/lg_groundtruth_data_ws/install/lg_sub_groundtruth/lib/python3.6/site-packages/lg_sub_groundtruth
byte-compiling /home/acclivis/Node/Node_lg_groundtruth_data_ws/lg_groundtruth_data_ws/install/lg_sub_groundtruth/lib/python3.6/site-packages/lg_sub_groundtruth/lg_gt3d_subscriber.py to lg_gt3d_subscriber.cpython-36.pyc
running install_data
running install_egg_info
removing '/home/acclivis/Node/Node_lg_groundtruth_data_ws/lg_groundtruth_data_ws/install/lg_sub_groundtruth/lib/python3.6/site-packages/lg_sub_groundtruth-0.0.0-py3.6.egg-info' (and everything under it)
Copying /home/acclivis/Node/Node_lg_groundtruth_data_ws/lg_groundtruth_data_ws/build/lg_sub_groundtruth/lg_sub_groundtruth.egg-info to /home/acclivis/Node/Node_lg_groundtruth_data_ws/lg_groundtruth_data_ws/install/lg_sub_groundtruth/lib/python3.6/site-packages/lg_sub_groundtruth-0.0.0-py3.6.egg-info
running install_scripts
Installing lg_gt3d_subscriber script to /home/acclivis/Node/Node_lg_groundtruth_data_ws/lg_groundtruth_data_ws/install/lg_sub_groundtruth/lib/lg_sub_groundtruth
writing list of installed files to '/home/acclivis/Node/Node_lg_groundtruth_data_ws/lg_groundtruth_data_ws/build/lg_sub_groundtruth/install.log'
