[0.118s] Invoking command in '/home/acclivis/avp_demo/build/avp_demo': CMAKE_PREFIX_PATH=/opt/ros/foxy /usr/bin/cmake --build /home/acclivis/avp_demo/build/avp_demo -- -j6 -l6
[1.277s] Invoked command in '/home/acclivis/avp_demo/build/avp_demo' returned '0': CMAKE_PREFIX_PATH=/opt/ros/foxy /usr/bin/cmake --build /home/acclivis/avp_demo/build/avp_demo -- -j6 -l6
[1.304s] Invoking command in '/home/acclivis/avp_demo/build/avp_demo': CMAKE_PREFIX_PATH=/opt/ros/foxy /usr/bin/cmake --install /home/acclivis/avp_demo/build/avp_demo
[1.312s] -- Install configuration: ""
[1.312s] -- Up-to-date: /home/acclivis/avp_demo/install/avp_demo/share/avp_demo/config
[1.312s] -- Up-to-date: /home/acclivis/avp_demo/install/avp_demo/share/avp_demo/config/ms3.rviz
[1.312s] -- Up-to-date: /home/acclivis/avp_demo/install/avp_demo/share/avp_demo/config/recordreplay_planner_demo.rviz
[1.312s] -- Up-to-date: /home/acclivis/avp_demo/install/avp_demo/share/avp_demo/config/ms2.rviz
[1.312s] -- Up-to-date: /home/acclivis/avp_demo/install/avp_demo/share/avp_demo/data
[1.312s] -- Up-to-date: /home/acclivis/avp_demo/install/avp_demo/share/avp_demo/data/omy_autonomoustuff_parking_lot.osm
[1.312s] -- Up-to-date: /home/acclivis/avp_demo/install/avp_demo/share/avp_demo/data/autonomoustuff_parking_lot_lgsvl.forward.path
[1.312s] -- Up-to-date: /home/acclivis/avp_demo/install/avp_demo/share/avp_demo/data/bkp
[1.312s] -- Up-to-date: /home/acclivis/avp_demo/install/avp_demo/share/avp_demo/data/bkp/omy_autonomoustuff_parking_lot.osm
[1.312s] -- Up-to-date: /home/acclivis/avp_demo/install/avp_demo/share/avp_demo/data/bkp/my_autonomoustuff_parking_lot.osm
[1.312s] -- Up-to-date: /home/acclivis/avp_demo/install/avp_demo/share/avp_demo/data/bkp/taltech.pcd
[1.312s] -- Up-to-date: /home/acclivis/avp_demo/install/avp_demo/share/avp_demo/data/autonomoustuff_parking_lot.osm
[1.313s] -- Up-to-date: /home/acclivis/avp_demo/install/avp_demo/share/avp_demo/data/Taltech_new.osm
[1.313s] -- Up-to-date: /home/acclivis/avp_demo/install/avp_demo/share/avp_demo/data/autonomoustuff_parking_lot_lgsvl.yaml
[1.313s] -- Up-to-date: /home/acclivis/avp_demo/install/avp_demo/share/avp_demo/data/my_autonomoustuff_parking_lot.osm
[1.313s] -- Up-to-date: /home/acclivis/avp_demo/install/avp_demo/share/avp_demo/data/autonomoustuff_parking_lot_lgsvl.reverse.path
[1.313s] -- Up-to-date: /home/acclivis/avp_demo/install/avp_demo/share/avp_demo/data/Taltech_original_bckp.zip
[1.313s] -- Installing: /home/acclivis/avp_demo/install/avp_demo/share/avp_demo/data/Taltech_sneha_old.osm
[1.328s] -- Up-to-date: /home/acclivis/avp_demo/install/avp_demo/share/avp_demo/data/autonomoustuff_parking_lot2.osm
[1.328s] -- Up-to-date: /home/acclivis/avp_demo/install/avp_demo/share/avp_demo/data/autonomoustuff_parking_lot.yaml
[1.328s] -- Installing: /home/acclivis/avp_demo/install/avp_demo/share/avp_demo/data/Taltech.osm
[1.328s] -- Up-to-date: /home/acclivis/avp_demo/install/avp_demo/share/avp_demo/data/map.osm
[1.328s] -- Up-to-date: /home/acclivis/avp_demo/install/avp_demo/share/avp_demo/data/taltech.pcd
[1.328s] -- Up-to-date: /home/acclivis/avp_demo/install/avp_demo/share/avp_demo/data/Taltech_kunal_old.osm
[1.328s] -- Up-to-date: /home/acclivis/avp_demo/install/avp_demo/share/avp_demo/data/Taltech_original.osm
[1.328s] -- Up-to-date: /home/acclivis/avp_demo/install/avp_demo/share/avp_demo/launch
[1.328s] -- Up-to-date: /home/acclivis/avp_demo/install/avp_demo/share/avp_demo/launch/ms2.launch.py
[1.328s] -- Up-to-date: /home/acclivis/avp_demo/install/avp_demo/share/avp_demo/launch/recordreplay_planner_demo.launch.py
[1.328s] -- Up-to-date: /home/acclivis/avp_demo/install/avp_demo/share/avp_demo/launch/__pycache__
[1.328s] -- Installing: /home/acclivis/avp_demo/install/avp_demo/share/avp_demo/launch/__pycache__/ms3_sim.launch.cpython-38.pyc
[1.349s] -- Up-to-date: /home/acclivis/avp_demo/install/avp_demo/share/avp_demo/launch/ms3_vehicle.launch.py
[1.350s] -- Up-to-date: /home/acclivis/avp_demo/install/avp_demo/share/avp_demo/launch/ms3_sim.launch.py
[1.350s] -- Up-to-date: /home/acclivis/avp_demo/install/avp_demo/share/avp_demo/launch/ms3_core.launch.py
[1.350s] -- Up-to-date: /home/acclivis/avp_demo/install/avp_demo/share/avp_demo/param
[1.350s] -- Up-to-date: /home/acclivis/avp_demo/install/avp_demo/share/avp_demo/param/scan_downsampler_ms3.param.yaml
[1.350s] -- Up-to-date: /home/acclivis/avp_demo/install/avp_demo/share/avp_demo/param/map_publisher_vehicle.param.yaml
[1.350s] -- Up-to-date: /home/acclivis/avp_demo/install/avp_demo/share/avp_demo/param/mpc.param.yaml
[1.350s] -- Up-to-date: /home/acclivis/avp_demo/install/avp_demo/share/avp_demo/param/object_collision_estimator_rrp.param.yaml
[1.350s] -- Up-to-date: /home/acclivis/avp_demo/install/avp_demo/share/avp_demo/param/odom_state_estimator.param.yaml
[1.350s] -- Up-to-date: /home/acclivis/avp_demo/install/avp_demo/share/avp_demo/param/lane_planner.param.yaml
[1.350s] -- Up-to-date: /home/acclivis/avp_demo/install/avp_demo/share/avp_demo/param/off_map_obstacles_filter.param.yaml
[1.350s] -- Up-to-date: /home/acclivis/avp_demo/install/avp_demo/share/avp_demo/param/ndt_localizer.param.yaml
[1.350s] -- Up-to-date: /home/acclivis/avp_demo/install/avp_demo/share/avp_demo/param/vlp16_front_vehicle.param.yaml
[1.351s] -- Up-to-date: /home/acclivis/avp_demo/install/avp_demo/share/avp_demo/param/ssc_interface.param.yaml
[1.351s] -- Up-to-date: /home/acclivis/avp_demo/install/avp_demo/share/avp_demo/param/mpc_vehicle.param.yaml
[1.351s] -- Up-to-date: /home/acclivis/avp_demo/install/avp_demo/share/avp_demo/param/parking_planner.param.yaml
[1.351s] -- Up-to-date: /home/acclivis/avp_demo/install/avp_demo/share/avp_demo/param/scan_downsampler.param.yaml
[1.351s] -- Up-to-date: /home/acclivis/avp_demo/install/avp_demo/share/avp_demo/param/ndt_localizer_vehicle.param.yaml
[1.351s] -- Up-to-date: /home/acclivis/avp_demo/install/avp_demo/share/avp_demo/param/ray_ground_classifier.param.yaml
[1.351s] -- Up-to-date: /home/acclivis/avp_demo/install/avp_demo/share/avp_demo/param/recordreplay_planner.param.yaml
[1.351s] -- Up-to-date: /home/acclivis/avp_demo/install/avp_demo/share/avp_demo/param/lanelet2_map_provider.param.yaml
[1.351s] -- Up-to-date: /home/acclivis/avp_demo/install/avp_demo/share/avp_demo/param/vlp16_rear_vehicle.param.yaml
[1.351s] -- Up-to-date: /home/acclivis/avp_demo/install/avp_demo/share/avp_demo/param/map_publisher.param.yaml
[1.351s] -- Up-to-date: /home/acclivis/avp_demo/install/avp_demo/share/avp_demo/param/object_collision_estimator.param.yaml
[1.351s] -- Up-to-date: /home/acclivis/avp_demo/install/avp_demo/share/avp_demo/param/lgsvl_interface.param.yaml
[1.351s] -- Up-to-date: /home/acclivis/avp_demo/install/avp_demo/share/avp_demo/param/euclidean_cluster.param.yaml
[1.351s] -- Up-to-date: /home/acclivis/avp_demo/install/avp_demo/share/avp_demo/param/behavior_planner.param.yaml
[1.351s] -- Up-to-date: /home/acclivis/avp_demo/install/avp_demo/share/avp_demo/param/pc_filter_transform.param.yaml
[1.351s] -- Up-to-date: /home/acclivis/avp_demo/install/avp_demo/share/ament_index/resource_index/package_run_dependencies/avp_demo
[1.351s] -- Up-to-date: /home/acclivis/avp_demo/install/avp_demo/share/ament_index/resource_index/parent_prefix_path/avp_demo
[1.351s] -- Up-to-date: /home/acclivis/avp_demo/install/avp_demo/share/avp_demo/environment/ament_prefix_path.sh
[1.351s] -- Up-to-date: /home/acclivis/avp_demo/install/avp_demo/share/avp_demo/environment/ament_prefix_path.dsv
[1.352s] -- Up-to-date: /home/acclivis/avp_demo/install/avp_demo/share/avp_demo/environment/path.sh
[1.352s] -- Up-to-date: /home/acclivis/avp_demo/install/avp_demo/share/avp_demo/environment/path.dsv
[1.352s] -- Up-to-date: /home/acclivis/avp_demo/install/avp_demo/share/avp_demo/local_setup.bash
[1.352s] -- Up-to-date: /home/acclivis/avp_demo/install/avp_demo/share/avp_demo/local_setup.sh
[1.352s] -- Up-to-date: /home/acclivis/avp_demo/install/avp_demo/share/avp_demo/local_setup.zsh
[1.352s] -- Up-to-date: /home/acclivis/avp_demo/install/avp_demo/share/avp_demo/local_setup.dsv
[1.352s] -- Installing: /home/acclivis/avp_demo/install/avp_demo/share/avp_demo/package.dsv
[1.360s] -- Up-to-date: /home/acclivis/avp_demo/install/avp_demo/share/ament_index/resource_index/packages/avp_demo
[1.360s] -- Up-to-date: /home/acclivis/avp_demo/install/avp_demo/share/avp_demo/cmake/avp_demoConfig.cmake
[1.360s] -- Up-to-date: /home/acclivis/avp_demo/install/avp_demo/share/avp_demo/cmake/avp_demoConfig-version.cmake
[1.361s] -- Up-to-date: /home/acclivis/avp_demo/install/avp_demo/share/avp_demo/package.xml
[1.362s] Invoked command in '/home/acclivis/avp_demo/build/avp_demo' returned '0': CMAKE_PREFIX_PATH=/opt/ros/foxy /usr/bin/cmake --install /home/acclivis/avp_demo/build/avp_demo
