[0.129s] DEBUG:colcon:Command line arguments: ['/usr/bin/colcon', 'build']
[0.129s] DEBUG:colcon:Parsed command line arguments: Namespace(ament_cmake_args=None, base_paths=['.'], build_base='build', catkin_cmake_args=None, catkin_skip_building_tests=False, cmake_args=None, cmake_clean_cache=False, cmake_clean_first=False, cmake_force_configure=False, cmake_target=None, cmake_target_skip_unavailable=False, continue_on_error=False, event_handlers=None, executor='parallel', ignore_user_meta=False, install_base='install', log_base=None, log_level=None, main=<bound method BuildVerb.main of <colcon_core.verb.build.BuildVerb object at 0x7f5bc8cd3280>>, merge_install=False, metas=['./colcon.meta'], mixin=None, mixin_files=None, mixin_verb=('build',), packages_above=None, packages_above_and_dependencies=None, packages_above_depth=None, packages_end=None, packages_ignore=None, packages_ignore_regex=None, packages_select=None, packages_select_build_failed=False, packages_select_by_dep=None, packages_select_regex=None, packages_select_test_failures=False, packages_skip=None, packages_skip_build_finished=False, packages_skip_by_dep=None, packages_skip_regex=None, packages_skip_test_passed=False, packages_skip_up_to=None, packages_start=None, packages_up_to=None, packages_up_to_regex=None, parallel_workers=12, paths=None, symlink_install=False, test_result_base=None, verb_extension=<colcon_core.verb.build.BuildVerb object at 0x7f5bc8cd3280>, verb_name='build', verb_parser=<colcon_mixin.mixin.mixin_argument.MixinArgumentDecorator object at 0x7f5bc8cd38e0>)
[0.132s] Level 1:colcon.colcon_core.package_discovery:discover_packages(colcon_meta) check parameters
[0.132s] Level 1:colcon.colcon_core.package_discovery:discover_packages(recursive) check parameters
[0.132s] Level 1:colcon.colcon_core.package_discovery:discover_packages(ignore) check parameters
[0.132s] Level 1:colcon.colcon_core.package_discovery:discover_packages(path) check parameters
[0.132s] Level 1:colcon.colcon_core.package_discovery:discover_packages(colcon_meta) discover
[0.133s] Level 1:colcon.colcon_core.package_discovery:discover_packages(recursive) discover
[0.133s] INFO:colcon.colcon_core.package_discovery:Crawling recursively for packages in '/home/acclivis/lgsvl_msgs'
[0.133s] Level 1:colcon.colcon_core.package_identification:_identify(.) by extensions ['ignore', 'ignore_ament_install']
[0.133s] Level 1:colcon.colcon_core.package_identification:_identify(.) by extension 'ignore'
[0.133s] Level 1:colcon.colcon_core.package_identification:_identify(.) by extension 'ignore_ament_install'
[0.133s] Level 1:colcon.colcon_core.package_identification:_identify(.) by extensions ['colcon_pkg']
[0.133s] Level 1:colcon.colcon_core.package_identification:_identify(.) by extension 'colcon_pkg'
[0.133s] Level 1:colcon.colcon_core.package_identification:_identify(.) by extensions ['colcon_meta']
[0.133s] Level 1:colcon.colcon_core.package_identification:_identify(.) by extension 'colcon_meta'
[0.133s] Level 1:colcon.colcon_core.package_identification:_identify(.) by extensions ['ros']
[0.133s] Level 1:colcon.colcon_core.package_identification:_identify(.) by extension 'ros'
[0.146s] DEBUG:colcon.colcon_core.package_identification:Package '.' with type 'ros.ament_cmake' and name 'lgsvl_msgs'
[0.146s] Level 1:colcon.colcon_core.package_discovery:discover_packages(recursive) using defaults
[0.146s] Level 1:colcon.colcon_core.package_discovery:discover_packages(ignore) discover
[0.146s] Level 1:colcon.colcon_core.package_discovery:discover_packages(ignore) using defaults
[0.146s] Level 1:colcon.colcon_core.package_discovery:discover_packages(path) discover
[0.146s] Level 1:colcon.colcon_core.package_discovery:discover_packages(path) using defaults
[0.160s] Level 5:colcon.colcon_core.verb:set package 'lgsvl_msgs' build argument 'cmake_args' from command line to 'None'
[0.160s] Level 5:colcon.colcon_core.verb:set package 'lgsvl_msgs' build argument 'cmake_target' from command line to 'None'
[0.160s] Level 5:colcon.colcon_core.verb:set package 'lgsvl_msgs' build argument 'cmake_target_skip_unavailable' from command line to 'False'
[0.160s] Level 5:colcon.colcon_core.verb:set package 'lgsvl_msgs' build argument 'cmake_clean_cache' from command line to 'False'
[0.160s] Level 5:colcon.colcon_core.verb:set package 'lgsvl_msgs' build argument 'cmake_clean_first' from command line to 'False'
[0.160s] Level 5:colcon.colcon_core.verb:set package 'lgsvl_msgs' build argument 'cmake_force_configure' from command line to 'False'
[0.161s] Level 5:colcon.colcon_core.verb:set package 'lgsvl_msgs' build argument 'ament_cmake_args' from command line to 'None'
[0.161s] Level 5:colcon.colcon_core.verb:set package 'lgsvl_msgs' build argument 'catkin_cmake_args' from command line to 'None'
[0.161s] Level 5:colcon.colcon_core.verb:set package 'lgsvl_msgs' build argument 'catkin_skip_building_tests' from command line to 'False'
[0.161s] DEBUG:colcon.colcon_core.verb:Building package 'lgsvl_msgs' with the following arguments: {'ament_cmake_args': None, 'build_base': '/home/acclivis/lgsvl_msgs/build/lgsvl_msgs', 'catkin_cmake_args': None, 'catkin_skip_building_tests': False, 'cmake_args': None, 'cmake_clean_cache': False, 'cmake_clean_first': False, 'cmake_force_configure': False, 'cmake_target': None, 'cmake_target_skip_unavailable': False, 'install_base': '/home/acclivis/lgsvl_msgs/install/lgsvl_msgs', 'merge_install': False, 'path': '/home/acclivis/lgsvl_msgs', 'symlink_install': False, 'test_result_base': None}
[0.161s] INFO:colcon.colcon_core.executor:Executing jobs using 'parallel' executor
[0.163s] DEBUG:colcon.colcon_parallel_executor.executor.parallel:run_until_complete
[0.163s] INFO:colcon.colcon_ros.task.ament_cmake.build:Building ROS package in '/home/acclivis/lgsvl_msgs' with build type 'ament_cmake'
[0.163s] INFO:colcon.colcon_cmake.task.cmake.build:Building CMake package in '/home/acclivis/lgsvl_msgs'
[0.166s] INFO:colcon.colcon_core.plugin_system:Skipping extension 'colcon_core.shell.bat': Not used on non-Windows systems
[0.166s] INFO:colcon.colcon_core.shell:Skip shell extension 'powershell' for command environment: Not usable outside of PowerShell
[0.166s] DEBUG:colcon.colcon_core.shell:Skip shell extension 'dsv' for command environment
[0.169s] DEBUG:colcon.colcon_core.shell:Ignoring prefix path '/opt/ros/foxy'
[0.173s] DEBUG:colcon.colcon_core.event_handler.log_command:Invoking command in '/home/acclivis/lgsvl_msgs/build/lgsvl_msgs': CMAKE_PREFIX_PATH=${CMAKE_PREFIX_PATH}:/home/acclivis/Node/Node_path_planner_validation_ws/install/path_planner_validation:/home/acclivis/Node/Node_localization_validation_ws/install/localization_validation:/home/acclivis/Node/Node_control_validation_ws/install/control_validation:/home/acclivis/Node/Node_perception_validation_ws/install/perception_validation:/opt/ros/foxy /usr/bin/cmake /home/acclivis/lgsvl_msgs -DCMAKE_INSTALL_PREFIX=/home/acclivis/lgsvl_msgs/install/lgsvl_msgs
[1.959s] DEBUG:colcon.colcon_core.event_handler.log_command:Invoked command in '/home/acclivis/lgsvl_msgs/build/lgsvl_msgs' returned '0': CMAKE_PREFIX_PATH=${CMAKE_PREFIX_PATH}:/home/acclivis/Node/Node_path_planner_validation_ws/install/path_planner_validation:/home/acclivis/Node/Node_localization_validation_ws/install/localization_validation:/home/acclivis/Node/Node_control_validation_ws/install/control_validation:/home/acclivis/Node/Node_perception_validation_ws/install/perception_validation:/opt/ros/foxy /usr/bin/cmake /home/acclivis/lgsvl_msgs -DCMAKE_INSTALL_PREFIX=/home/acclivis/lgsvl_msgs/install/lgsvl_msgs
[1.961s] DEBUG:colcon.colcon_core.event_handler.log_command:Invoking command in '/home/acclivis/lgsvl_msgs/build/lgsvl_msgs': CMAKE_PREFIX_PATH=${CMAKE_PREFIX_PATH}:/home/acclivis/Node/Node_path_planner_validation_ws/install/path_planner_validation:/home/acclivis/Node/Node_localization_validation_ws/install/localization_validation:/home/acclivis/Node/Node_control_validation_ws/install/control_validation:/home/acclivis/Node/Node_perception_validation_ws/install/perception_validation:/opt/ros/foxy /usr/bin/cmake --build /home/acclivis/lgsvl_msgs/build/lgsvl_msgs -- -j12 -l12
[10.127s] DEBUG:colcon.colcon_core.event_handler.log_command:Invoked command in '/home/acclivis/lgsvl_msgs/build/lgsvl_msgs' returned '0': CMAKE_PREFIX_PATH=${CMAKE_PREFIX_PATH}:/home/acclivis/Node/Node_path_planner_validation_ws/install/path_planner_validation:/home/acclivis/Node/Node_localization_validation_ws/install/localization_validation:/home/acclivis/Node/Node_control_validation_ws/install/control_validation:/home/acclivis/Node/Node_perception_validation_ws/install/perception_validation:/opt/ros/foxy /usr/bin/cmake --build /home/acclivis/lgsvl_msgs/build/lgsvl_msgs -- -j12 -l12
[10.302s] DEBUG:colcon.colcon_core.event_handler.log_command:Invoking command in '/home/acclivis/lgsvl_msgs/build/lgsvl_msgs': CMAKE_PREFIX_PATH=${CMAKE_PREFIX_PATH}:/home/acclivis/Node/Node_path_planner_validation_ws/install/path_planner_validation:/home/acclivis/Node/Node_localization_validation_ws/install/localization_validation:/home/acclivis/Node/Node_control_validation_ws/install/control_validation:/home/acclivis/Node/Node_perception_validation_ws/install/perception_validation:/opt/ros/foxy /usr/bin/cmake --install /home/acclivis/lgsvl_msgs/build/lgsvl_msgs
[10.366s] Level 1:colcon.colcon_core.environment:create_environment_scripts_only(lgsvl_msgs)
[10.367s] DEBUG:colcon.colcon_core.event_handler.log_command:Invoked command in '/home/acclivis/lgsvl_msgs/build/lgsvl_msgs' returned '0': CMAKE_PREFIX_PATH=${CMAKE_PREFIX_PATH}:/home/acclivis/Node/Node_path_planner_validation_ws/install/path_planner_validation:/home/acclivis/Node/Node_localization_validation_ws/install/localization_validation:/home/acclivis/Node/Node_control_validation_ws/install/control_validation:/home/acclivis/Node/Node_perception_validation_ws/install/perception_validation:/opt/ros/foxy /usr/bin/cmake --install /home/acclivis/lgsvl_msgs/build/lgsvl_msgs
[10.369s] Level 1:colcon.colcon_core.environment:checking '/home/acclivis/lgsvl_msgs/install/lgsvl_msgs' for CMake module files
[10.369s] Level 1:colcon.colcon_core.environment:checking '/home/acclivis/lgsvl_msgs/install/lgsvl_msgs' for CMake config files
[10.370s] Level 1:colcon.colcon_core.shell:create_environment_hook('lgsvl_msgs', 'cmake_prefix_path')
[10.370s] INFO:colcon.colcon_core.shell:Creating environment hook '/home/acclivis/lgsvl_msgs/install/lgsvl_msgs/share/lgsvl_msgs/hook/cmake_prefix_path.ps1'
[10.371s] INFO:colcon.colcon_core.shell:Creating environment descriptor '/home/acclivis/lgsvl_msgs/install/lgsvl_msgs/share/lgsvl_msgs/hook/cmake_prefix_path.dsv'
[10.371s] INFO:colcon.colcon_core.shell:Creating environment hook '/home/acclivis/lgsvl_msgs/install/lgsvl_msgs/share/lgsvl_msgs/hook/cmake_prefix_path.sh'
[10.371s] Level 1:colcon.colcon_core.environment:checking '/home/acclivis/lgsvl_msgs/install/lgsvl_msgs/lib'
[10.372s] Level 1:colcon.colcon_core.shell:create_environment_hook('lgsvl_msgs', 'ld_library_path_lib')
[10.372s] INFO:colcon.colcon_core.shell:Creating environment hook '/home/acclivis/lgsvl_msgs/install/lgsvl_msgs/share/lgsvl_msgs/hook/ld_library_path_lib.ps1'
[10.372s] INFO:colcon.colcon_core.shell:Creating environment descriptor '/home/acclivis/lgsvl_msgs/install/lgsvl_msgs/share/lgsvl_msgs/hook/ld_library_path_lib.dsv'
[10.372s] INFO:colcon.colcon_core.shell:Creating environment hook '/home/acclivis/lgsvl_msgs/install/lgsvl_msgs/share/lgsvl_msgs/hook/ld_library_path_lib.sh'
[10.373s] Level 1:colcon.colcon_core.environment:checking '/home/acclivis/lgsvl_msgs/install/lgsvl_msgs/bin'
[10.373s] Level 1:colcon.colcon_core.environment:checking '/home/acclivis/lgsvl_msgs/install/lgsvl_msgs/lib/pkgconfig/lgsvl_msgs.pc'
[10.373s] Level 1:colcon.colcon_core.environment:checking '/home/acclivis/lgsvl_msgs/install/lgsvl_msgs/lib/python3.8/site-packages'
[10.373s] Level 1:colcon.colcon_core.shell:create_environment_hook('lgsvl_msgs', 'pythonpath')
[10.373s] INFO:colcon.colcon_core.shell:Creating environment hook '/home/acclivis/lgsvl_msgs/install/lgsvl_msgs/share/lgsvl_msgs/hook/pythonpath.ps1'
[10.373s] INFO:colcon.colcon_core.shell:Creating environment descriptor '/home/acclivis/lgsvl_msgs/install/lgsvl_msgs/share/lgsvl_msgs/hook/pythonpath.dsv'
[10.374s] INFO:colcon.colcon_core.shell:Creating environment hook '/home/acclivis/lgsvl_msgs/install/lgsvl_msgs/share/lgsvl_msgs/hook/pythonpath.sh'
[10.374s] INFO:colcon.colcon_core.shell:Creating package script '/home/acclivis/lgsvl_msgs/install/lgsvl_msgs/share/lgsvl_msgs/package.ps1'
[10.375s] INFO:colcon.colcon_core.shell:Creating package descriptor '/home/acclivis/lgsvl_msgs/install/lgsvl_msgs/share/lgsvl_msgs/package.dsv'
[10.375s] INFO:colcon.colcon_core.shell:Creating package script '/home/acclivis/lgsvl_msgs/install/lgsvl_msgs/share/lgsvl_msgs/package.sh'
[10.376s] INFO:colcon.colcon_core.shell:Creating package script '/home/acclivis/lgsvl_msgs/install/lgsvl_msgs/share/lgsvl_msgs/package.bash'
[10.376s] INFO:colcon.colcon_core.shell:Creating package script '/home/acclivis/lgsvl_msgs/install/lgsvl_msgs/share/lgsvl_msgs/package.zsh'
[10.377s] Level 1:colcon.colcon_core.environment:create_file_with_runtime_dependencies(/home/acclivis/lgsvl_msgs/install/lgsvl_msgs/share/colcon-core/packages/lgsvl_msgs)
[10.542s] Level 1:colcon.colcon_core.environment:create_environment_scripts_only(lgsvl_msgs)
[10.542s] Level 1:colcon.colcon_core.environment:checking '/home/acclivis/lgsvl_msgs/install/lgsvl_msgs' for CMake module files
[10.543s] Level 1:colcon.colcon_core.environment:checking '/home/acclivis/lgsvl_msgs/install/lgsvl_msgs' for CMake config files
[10.543s] Level 1:colcon.colcon_core.shell:create_environment_hook('lgsvl_msgs', 'cmake_prefix_path')
[10.543s] INFO:colcon.colcon_core.shell:Creating environment hook '/home/acclivis/lgsvl_msgs/install/lgsvl_msgs/share/lgsvl_msgs/hook/cmake_prefix_path.ps1'
[10.544s] INFO:colcon.colcon_core.shell:Creating environment descriptor '/home/acclivis/lgsvl_msgs/install/lgsvl_msgs/share/lgsvl_msgs/hook/cmake_prefix_path.dsv'
[10.544s] INFO:colcon.colcon_core.shell:Creating environment hook '/home/acclivis/lgsvl_msgs/install/lgsvl_msgs/share/lgsvl_msgs/hook/cmake_prefix_path.sh'
[10.544s] Level 1:colcon.colcon_core.environment:checking '/home/acclivis/lgsvl_msgs/install/lgsvl_msgs/lib'
[10.544s] Level 1:colcon.colcon_core.shell:create_environment_hook('lgsvl_msgs', 'ld_library_path_lib')
[10.545s] INFO:colcon.colcon_core.shell:Creating environment hook '/home/acclivis/lgsvl_msgs/install/lgsvl_msgs/share/lgsvl_msgs/hook/ld_library_path_lib.ps1'
[10.545s] INFO:colcon.colcon_core.shell:Creating environment descriptor '/home/acclivis/lgsvl_msgs/install/lgsvl_msgs/share/lgsvl_msgs/hook/ld_library_path_lib.dsv'
[10.545s] INFO:colcon.colcon_core.shell:Creating environment hook '/home/acclivis/lgsvl_msgs/install/lgsvl_msgs/share/lgsvl_msgs/hook/ld_library_path_lib.sh'
[10.546s] Level 1:colcon.colcon_core.environment:checking '/home/acclivis/lgsvl_msgs/install/lgsvl_msgs/bin'
[10.546s] Level 1:colcon.colcon_core.environment:checking '/home/acclivis/lgsvl_msgs/install/lgsvl_msgs/lib/pkgconfig/lgsvl_msgs.pc'
[10.546s] Level 1:colcon.colcon_core.environment:checking '/home/acclivis/lgsvl_msgs/install/lgsvl_msgs/lib/python3.8/site-packages'
[10.546s] Level 1:colcon.colcon_core.shell:create_environment_hook('lgsvl_msgs', 'pythonpath')
[10.546s] INFO:colcon.colcon_core.shell:Creating environment hook '/home/acclivis/lgsvl_msgs/install/lgsvl_msgs/share/lgsvl_msgs/hook/pythonpath.ps1'
[10.546s] INFO:colcon.colcon_core.shell:Creating environment descriptor '/home/acclivis/lgsvl_msgs/install/lgsvl_msgs/share/lgsvl_msgs/hook/pythonpath.dsv'
[10.547s] INFO:colcon.colcon_core.shell:Creating environment hook '/home/acclivis/lgsvl_msgs/install/lgsvl_msgs/share/lgsvl_msgs/hook/pythonpath.sh'
[10.547s] INFO:colcon.colcon_core.shell:Creating package script '/home/acclivis/lgsvl_msgs/install/lgsvl_msgs/share/lgsvl_msgs/package.ps1'
[10.548s] INFO:colcon.colcon_core.shell:Creating package descriptor '/home/acclivis/lgsvl_msgs/install/lgsvl_msgs/share/lgsvl_msgs/package.dsv'
[10.548s] INFO:colcon.colcon_core.shell:Creating package script '/home/acclivis/lgsvl_msgs/install/lgsvl_msgs/share/lgsvl_msgs/package.sh'
[10.548s] INFO:colcon.colcon_core.shell:Creating package script '/home/acclivis/lgsvl_msgs/install/lgsvl_msgs/share/lgsvl_msgs/package.bash'
[10.549s] INFO:colcon.colcon_core.shell:Creating package script '/home/acclivis/lgsvl_msgs/install/lgsvl_msgs/share/lgsvl_msgs/package.zsh'
[10.549s] Level 1:colcon.colcon_core.environment:create_file_with_runtime_dependencies(/home/acclivis/lgsvl_msgs/install/lgsvl_msgs/share/colcon-core/packages/lgsvl_msgs)
[10.549s] DEBUG:colcon.colcon_parallel_executor.executor.parallel:closing loop
[10.549s] DEBUG:colcon.colcon_parallel_executor.executor.parallel:loop closed
[10.549s] DEBUG:colcon.colcon_parallel_executor.executor.parallel:run_until_complete finished with '0'
[10.550s] DEBUG:colcon.colcon_core.event_reactor:joining thread
[10.554s] INFO:colcon.colcon_core.plugin_system:Skipping extension 'colcon_notification.desktop_notification.notify_send': Could not find 'notify-send'
[10.554s] INFO:colcon.colcon_core.plugin_system:Skipping extension 'colcon_notification.desktop_notification.terminal_notifier': Not used on non-Darwin systems
[10.554s] INFO:colcon.colcon_core.plugin_system:Skipping extension 'colcon_notification.desktop_notification.win32': Not used on non-Windows systems
[10.554s] INFO:colcon.colcon_notification.desktop_notification:Sending desktop notification using 'notify2'
[10.557s] DEBUG:colcon.colcon_notification.desktop_notification.notify2:Failed to initialize notify2: org.freedesktop.DBus.Error.ServiceUnknown: The name org.freedesktop.Notifications was not provided by any .service files
[10.557s] DEBUG:colcon.colcon_core.event_reactor:joined thread
[10.557s] INFO:colcon.colcon_core.shell:Creating prefix script '/home/acclivis/lgsvl_msgs/install/local_setup.ps1'
[10.558s] INFO:colcon.colcon_core.shell:Creating prefix util module '/home/acclivis/lgsvl_msgs/install/_local_setup_util_ps1.py'
[10.559s] INFO:colcon.colcon_core.shell:Creating prefix chain script '/home/acclivis/lgsvl_msgs/install/setup.ps1'
[10.561s] INFO:colcon.colcon_core.shell:Creating prefix script '/home/acclivis/lgsvl_msgs/install/local_setup.sh'
[10.561s] INFO:colcon.colcon_core.shell:Creating prefix util module '/home/acclivis/lgsvl_msgs/install/_local_setup_util_sh.py'
[10.561s] INFO:colcon.colcon_core.shell:Creating prefix chain script '/home/acclivis/lgsvl_msgs/install/setup.sh'
[10.563s] INFO:colcon.colcon_core.shell:Creating prefix script '/home/acclivis/lgsvl_msgs/install/local_setup.bash'
[10.563s] INFO:colcon.colcon_core.shell:Creating prefix chain script '/home/acclivis/lgsvl_msgs/install/setup.bash'
[10.565s] INFO:colcon.colcon_core.shell:Creating prefix script '/home/acclivis/lgsvl_msgs/install/local_setup.zsh'
[10.565s] INFO:colcon.colcon_core.shell:Creating prefix chain script '/home/acclivis/lgsvl_msgs/install/setup.zsh'
