[0.033s] Invoking command in '/home/acclivis/avp_demo/build/avp_demo': CMAKE_PREFIX_PATH=/opt/ros/foxy /usr/bin/cmake --build /home/acclivis/avp_demo/build/avp_demo -- -j6 -l6
[0.182s] Invoked command in '/home/acclivis/avp_demo/build/avp_demo' returned '0': CMAKE_PREFIX_PATH=/opt/ros/foxy /usr/bin/cmake --build /home/acclivis/avp_demo/build/avp_demo -- -j6 -l6
[0.228s] Invoking command in '/home/acclivis/avp_demo/build/avp_demo': CMAKE_PREFIX_PATH=/opt/ros/foxy /usr/bin/cmake --install /home/acclivis/avp_demo/build/avp_demo
[0.260s] -- Install configuration: ""
[0.261s] -- Up-to-date: /home/acclivis/avp_demo/install/avp_demo/share/avp_demo/config
[0.262s] -- Up-to-date: /home/acclivis/avp_demo/install/avp_demo/share/avp_demo/config/ms3.rviz
[0.263s] -- Up-to-date: /home/acclivis/avp_demo/install/avp_demo/share/avp_demo/config/recordreplay_planner_demo.rviz
[0.263s] -- Up-to-date: /home/acclivis/avp_demo/install/avp_demo/share/avp_demo/config/ms2.rviz
[0.264s] -- Up-to-date: /home/acclivis/avp_demo/install/avp_demo/share/avp_demo/data
[0.265s] -- Up-to-date: /home/acclivis/avp_demo/install/avp_demo/share/avp_demo/data/omy_autonomoustuff_parking_lot.osm
[0.266s] -- Up-to-date: /home/acclivis/avp_demo/install/avp_demo/share/avp_demo/data/autonomoustuff_parking_lot_lgsvl.forward.path
[0.266s] -- Up-to-date: /home/acclivis/avp_demo/install/avp_demo/share/avp_demo/data/bkp
[0.266s] -- Up-to-date: /home/acclivis/avp_demo/install/avp_demo/share/avp_demo/data/bkp/omy_autonomoustuff_parking_lot.osm
[0.267s] -- Up-to-date: /home/acclivis/avp_demo/install/avp_demo/share/avp_demo/data/bkp/my_autonomoustuff_parking_lot.osm
[0.267s] -- Up-to-date: /home/acclivis/avp_demo/install/avp_demo/share/avp_demo/data/bkp/taltech.pcd
[0.267s] -- Up-to-date: /home/acclivis/avp_demo/install/avp_demo/share/avp_demo/data/JTA_R1.osm
[0.268s] -- Up-to-date: /home/acclivis/avp_demo/install/avp_demo/share/avp_demo/data/autonomoustuff_parking_lot.osm
[0.268s] -- Up-to-date: /home/acclivis/avp_demo/install/avp_demo/share/avp_demo/data/Taltech_new.osm
[0.269s] -- Up-to-date: /home/acclivis/avp_demo/install/avp_demo/share/avp_demo/data/Taltech_Sneha_Working.osm
[0.269s] -- Up-to-date: /home/acclivis/avp_demo/install/avp_demo/share/avp_demo/data/autonomoustuff_parking_lot_lgsvl.yaml
[0.269s] -- Up-to-date: /home/acclivis/avp_demo/install/avp_demo/share/avp_demo/data/my_autonomoustuff_parking_lot.osm
[0.270s] -- Up-to-date: /home/acclivis/avp_demo/install/avp_demo/share/avp_demo/data/autonomoustuff_parking_lot_lgsvl.reverse.path
[0.270s] -- Up-to-date: /home/acclivis/avp_demo/install/avp_demo/share/avp_demo/data/Taltech_original_bckp.zip
[0.270s] -- Up-to-date: /home/acclivis/avp_demo/install/avp_demo/share/avp_demo/data/autonomoustuff_parking_lot2.osm
[0.271s] -- Up-to-date: /home/acclivis/avp_demo/install/avp_demo/share/avp_demo/data/autonomoustuff_parking_lot.yaml
[0.271s] -- Up-to-date: /home/acclivis/avp_demo/install/avp_demo/share/avp_demo/data/Taltech.osm
[0.271s] -- Up-to-date: /home/acclivis/avp_demo/install/avp_demo/share/avp_demo/data/map.osm
[0.271s] -- Up-to-date: /home/acclivis/avp_demo/install/avp_demo/share/avp_demo/data/taltech.pcd
[0.272s] -- Up-to-date: /home/acclivis/avp_demo/install/avp_demo/share/avp_demo/data/Taltech_kunal_old.osm
[0.272s] -- Up-to-date: /home/acclivis/avp_demo/install/avp_demo/share/avp_demo/data/Taltech_original.osm
[0.272s] -- Up-to-date: /home/acclivis/avp_demo/install/avp_demo/share/avp_demo/data/JTA_R1.pcd
[0.272s] -- Up-to-date: /home/acclivis/avp_demo/install/avp_demo/share/avp_demo/launch
[0.273s] -- Up-to-date: /home/acclivis/avp_demo/install/avp_demo/share/avp_demo/launch/ms2.launch.py
[0.274s] -- Up-to-date: /home/acclivis/avp_demo/install/avp_demo/share/avp_demo/launch/recordreplay_planner_demo.launch.py
[0.275s] -- Up-to-date: /home/acclivis/avp_demo/install/avp_demo/share/avp_demo/launch/__pycache__
[0.275s] -- Up-to-date: /home/acclivis/avp_demo/install/avp_demo/share/avp_demo/launch/__pycache__/ms3_sim.launch.cpython-38.pyc
[0.280s] -- Up-to-date: /home/acclivis/avp_demo/install/avp_demo/share/avp_demo/launch/ms3_vehicle.launch.py
[0.281s] -- Up-to-date: /home/acclivis/avp_demo/install/avp_demo/share/avp_demo/launch/ms3_sim.launch.py
[0.281s] -- Up-to-date: /home/acclivis/avp_demo/install/avp_demo/share/avp_demo/launch/ms3_core.launch.py
[0.282s] -- Up-to-date: /home/acclivis/avp_demo/install/avp_demo/share/avp_demo/param
[0.283s] -- Up-to-date: /home/acclivis/avp_demo/install/avp_demo/share/avp_demo/param/scan_downsampler_ms3.param.yaml
[0.283s] -- Up-to-date: /home/acclivis/avp_demo/install/avp_demo/share/avp_demo/param/map_publisher_vehicle.param.yaml
[0.284s] -- Up-to-date: /home/acclivis/avp_demo/install/avp_demo/share/avp_demo/param/mpc.param.yaml
[0.284s] -- Up-to-date: /home/acclivis/avp_demo/install/avp_demo/share/avp_demo/param/object_collision_estimator_rrp.param.yaml
[0.285s] -- Up-to-date: /home/acclivis/avp_demo/install/avp_demo/share/avp_demo/param/odom_state_estimator.param.yaml
[0.285s] -- Up-to-date: /home/acclivis/avp_demo/install/avp_demo/share/avp_demo/param/lane_planner.param.yaml
[0.286s] -- Up-to-date: /home/acclivis/avp_demo/install/avp_demo/share/avp_demo/param/off_map_obstacles_filter.param.yaml
[0.286s] -- Up-to-date: /home/acclivis/avp_demo/install/avp_demo/share/avp_demo/param/ndt_localizer.param.yaml
[0.287s] -- Up-to-date: /home/acclivis/avp_demo/install/avp_demo/share/avp_demo/param/vlp16_front_vehicle.param.yaml
[0.287s] -- Up-to-date: /home/acclivis/avp_demo/install/avp_demo/share/avp_demo/param/ssc_interface.param.yaml
[0.288s] -- Up-to-date: /home/acclivis/avp_demo/install/avp_demo/share/avp_demo/param/mpc_vehicle.param.yaml
[0.290s] -- Up-to-date: /home/acclivis/avp_demo/install/avp_demo/share/avp_demo/param/parking_planner.param.yaml
[0.290s] -- Up-to-date: /home/acclivis/avp_demo/install/avp_demo/share/avp_demo/param/scan_downsampler.param.yaml
[0.291s] -- Up-to-date: /home/acclivis/avp_demo/install/avp_demo/share/avp_demo/param/ndt_localizer_vehicle.param.yaml
[0.292s] -- Up-to-date: /home/acclivis/avp_demo/install/avp_demo/share/avp_demo/param/ray_ground_classifier.param.yaml
[0.292s] -- Up-to-date: /home/acclivis/avp_demo/install/avp_demo/share/avp_demo/param/recordreplay_planner.param.yaml
[0.293s] -- Up-to-date: /home/acclivis/avp_demo/install/avp_demo/share/avp_demo/param/lanelet2_map_provider.param.yaml
[0.293s] -- Up-to-date: /home/acclivis/avp_demo/install/avp_demo/share/avp_demo/param/vlp16_rear_vehicle.param.yaml
[0.293s] -- Up-to-date: /home/acclivis/avp_demo/install/avp_demo/share/avp_demo/param/map_publisher.param.yaml
[0.294s] -- Up-to-date: /home/acclivis/avp_demo/install/avp_demo/share/avp_demo/param/object_collision_estimator.param.yaml
[0.295s] -- Up-to-date: /home/acclivis/avp_demo/install/avp_demo/share/avp_demo/param/lgsvl_interface.param.yaml
[0.295s] -- Up-to-date: /home/acclivis/avp_demo/install/avp_demo/share/avp_demo/param/euclidean_cluster.param.yaml
[0.295s] -- Up-to-date: /home/acclivis/avp_demo/install/avp_demo/share/avp_demo/param/behavior_planner.param.yaml
[0.296s] -- Up-to-date: /home/acclivis/avp_demo/install/avp_demo/share/avp_demo/param/pc_filter_transform.param.yaml
[0.296s] -- Up-to-date: /home/acclivis/avp_demo/install/avp_demo/share/ament_index/resource_index/package_run_dependencies/avp_demo
[0.297s] -- Up-to-date: /home/acclivis/avp_demo/install/avp_demo/share/ament_index/resource_index/parent_prefix_path/avp_demo
[0.298s] -- Up-to-date: /home/acclivis/avp_demo/install/avp_demo/share/avp_demo/environment/ament_prefix_path.sh
[0.298s] -- Up-to-date: /home/acclivis/avp_demo/install/avp_demo/share/avp_demo/environment/ament_prefix_path.dsv
[0.299s] -- Up-to-date: /home/acclivis/avp_demo/install/avp_demo/share/avp_demo/environment/path.sh
[0.299s] -- Up-to-date: /home/acclivis/avp_demo/install/avp_demo/share/avp_demo/environment/path.dsv
[0.300s] -- Up-to-date: /home/acclivis/avp_demo/install/avp_demo/share/avp_demo/local_setup.bash
[0.301s] -- Up-to-date: /home/acclivis/avp_demo/install/avp_demo/share/avp_demo/local_setup.sh
[0.304s] -- Up-to-date: /home/acclivis/avp_demo/install/avp_demo/share/avp_demo/local_setup.zsh
[0.304s] -- Up-to-date: /home/acclivis/avp_demo/install/avp_demo/share/avp_demo/local_setup.dsv
[0.305s] -- Installing: /home/acclivis/avp_demo/install/avp_demo/share/avp_demo/package.dsv
[0.306s] -- Up-to-date: /home/acclivis/avp_demo/install/avp_demo/share/ament_index/resource_index/packages/avp_demo
[0.307s] -- Up-to-date: /home/acclivis/avp_demo/install/avp_demo/share/avp_demo/cmake/avp_demoConfig.cmake
[0.307s] -- Up-to-date: /home/acclivis/avp_demo/install/avp_demo/share/avp_demo/cmake/avp_demoConfig-version.cmake
[0.308s] -- Up-to-date: /home/acclivis/avp_demo/install/avp_demo/share/avp_demo/package.xml
[0.310s] Invoked command in '/home/acclivis/avp_demo/build/avp_demo' returned '0': CMAKE_PREFIX_PATH=/opt/ros/foxy /usr/bin/cmake --install /home/acclivis/avp_demo/build/avp_demo
