[1.453s] DEBUG:colcon:Command line arguments: ['/usr/bin/colcon', 'build']
[1.453s] DEBUG:colcon:Parsed command line arguments: Namespace(ament_cmake_args=None, base_paths=['.'], build_base='build', catkin_cmake_args=None, catkin_skip_building_tests=False, cmake_args=None, cmake_clean_cache=False, cmake_clean_first=False, cmake_force_configure=False, cmake_target=None, cmake_target_skip_unavailable=False, continue_on_error=False, event_handlers=None, executor='parallel', ignore_user_meta=False, install_base='install', log_base=None, log_level=None, main=<bound method BuildVerb.main of <colcon_core.verb.build.BuildVerb object at 0x7f1e4ab99c40>>, merge_install=False, metas=['./colcon.meta'], mixin=None, mixin_files=None, mixin_verb=('build',), packages_above=None, packages_above_and_dependencies=None, packages_above_depth=None, packages_end=None, packages_ignore=None, packages_ignore_regex=None, packages_select=None, packages_select_build_failed=False, packages_select_by_dep=None, packages_select_regex=None, packages_select_test_failures=False, packages_skip=None, packages_skip_build_finished=False, packages_skip_by_dep=None, packages_skip_regex=None, packages_skip_test_passed=False, packages_skip_up_to=None, packages_start=None, packages_up_to=None, packages_up_to_regex=None, parallel_workers=6, paths=None, symlink_install=False, test_result_base=None, verb_extension=<colcon_core.verb.build.BuildVerb object at 0x7f1e4ab99c40>, verb_name='build', verb_parser=<colcon_mixin.mixin.mixin_argument.MixinArgumentDecorator object at 0x7f1e4ab27250>)
[1.498s] Level 1:colcon.colcon_core.package_discovery:discover_packages(colcon_meta) check parameters
[1.498s] Level 1:colcon.colcon_core.package_discovery:discover_packages(recursive) check parameters
[1.499s] Level 1:colcon.colcon_core.package_discovery:discover_packages(ignore) check parameters
[1.499s] Level 1:colcon.colcon_core.package_discovery:discover_packages(path) check parameters
[1.499s] Level 1:colcon.colcon_core.package_discovery:discover_packages(colcon_meta) discover
[1.499s] Level 1:colcon.colcon_core.package_discovery:discover_packages(recursive) discover
[1.499s] INFO:colcon.colcon_core.package_discovery:Crawling recursively for packages in '/home/acclivis/avp_demo'
[1.500s] Level 1:colcon.colcon_core.package_identification:_identify(.) by extensions ['ignore', 'ignore_ament_install']
[1.500s] Level 1:colcon.colcon_core.package_identification:_identify(.) by extension 'ignore'
[1.500s] Level 1:colcon.colcon_core.package_identification:_identify(.) by extension 'ignore_ament_install'
[1.501s] Level 1:colcon.colcon_core.package_identification:_identify(.) by extensions ['colcon_pkg']
[1.501s] Level 1:colcon.colcon_core.package_identification:_identify(.) by extension 'colcon_pkg'
[1.501s] Level 1:colcon.colcon_core.package_identification:_identify(.) by extensions ['colcon_meta']
[1.501s] Level 1:colcon.colcon_core.package_identification:_identify(.) by extension 'colcon_meta'
[1.502s] Level 1:colcon.colcon_core.package_identification:_identify(.) by extensions ['ros']
[1.502s] Level 1:colcon.colcon_core.package_identification:_identify(.) by extension 'ros'
[1.592s] DEBUG:colcon.colcon_core.package_identification:Package '.' with type 'ros.ament_cmake' and name 'avp_demo'
[1.592s] Level 1:colcon.colcon_core.package_discovery:discover_packages(recursive) using defaults
[1.592s] Level 1:colcon.colcon_core.package_discovery:discover_packages(ignore) discover
[1.592s] Level 1:colcon.colcon_core.package_discovery:discover_packages(ignore) using defaults
[1.592s] Level 1:colcon.colcon_core.package_discovery:discover_packages(path) discover
[1.592s] Level 1:colcon.colcon_core.package_discovery:discover_packages(path) using defaults
[1.660s] Level 5:colcon.colcon_core.verb:set package 'avp_demo' build argument 'cmake_args' from command line to 'None'
[1.660s] Level 5:colcon.colcon_core.verb:set package 'avp_demo' build argument 'cmake_target' from command line to 'None'
[1.660s] Level 5:colcon.colcon_core.verb:set package 'avp_demo' build argument 'cmake_target_skip_unavailable' from command line to 'False'
[1.661s] Level 5:colcon.colcon_core.verb:set package 'avp_demo' build argument 'cmake_clean_cache' from command line to 'False'
[1.661s] Level 5:colcon.colcon_core.verb:set package 'avp_demo' build argument 'cmake_clean_first' from command line to 'False'
[1.661s] Level 5:colcon.colcon_core.verb:set package 'avp_demo' build argument 'cmake_force_configure' from command line to 'False'
[1.661s] Level 5:colcon.colcon_core.verb:set package 'avp_demo' build argument 'ament_cmake_args' from command line to 'None'
[1.661s] Level 5:colcon.colcon_core.verb:set package 'avp_demo' build argument 'catkin_cmake_args' from command line to 'None'
[1.661s] Level 5:colcon.colcon_core.verb:set package 'avp_demo' build argument 'catkin_skip_building_tests' from command line to 'False'
[1.661s] DEBUG:colcon.colcon_core.verb:Building package 'avp_demo' with the following arguments: {'ament_cmake_args': None, 'build_base': '/home/acclivis/avp_demo/build/avp_demo', 'catkin_cmake_args': None, 'catkin_skip_building_tests': False, 'cmake_args': None, 'cmake_clean_cache': False, 'cmake_clean_first': False, 'cmake_force_configure': False, 'cmake_target': None, 'cmake_target_skip_unavailable': False, 'install_base': '/home/acclivis/avp_demo/install/avp_demo', 'merge_install': False, 'path': '/home/acclivis/avp_demo', 'symlink_install': False, 'test_result_base': None}
[1.661s] INFO:colcon.colcon_core.executor:Executing jobs using 'parallel' executor
[1.663s] DEBUG:colcon.colcon_parallel_executor.executor.parallel:run_until_complete
[1.663s] INFO:colcon.colcon_ros.task.ament_cmake.build:Building ROS package in '/home/acclivis/avp_demo' with build type 'ament_cmake'
[1.663s] INFO:colcon.colcon_cmake.task.cmake.build:Building CMake package in '/home/acclivis/avp_demo'
[1.667s] INFO:colcon.colcon_core.plugin_system:Skipping extension 'colcon_core.shell.bat': Not used on non-Windows systems
[1.667s] INFO:colcon.colcon_core.shell:Skip shell extension 'powershell' for command environment: Not usable outside of PowerShell
[1.668s] DEBUG:colcon.colcon_core.shell:Skip shell extension 'dsv' for command environment
[1.670s] DEBUG:colcon.colcon_core.shell:Ignoring prefix path '/opt/ros/foxy'
[1.781s] DEBUG:colcon.colcon_core.event_handler.log_command:Invoking command in '/home/acclivis/avp_demo/build/avp_demo': CMAKE_PREFIX_PATH=/opt/ros/foxy /usr/bin/cmake --build /home/acclivis/avp_demo/build/avp_demo -- -j6 -l6
[2.940s] DEBUG:colcon.colcon_core.event_handler.log_command:Invoked command in '/home/acclivis/avp_demo/build/avp_demo' returned '0': CMAKE_PREFIX_PATH=/opt/ros/foxy /usr/bin/cmake --build /home/acclivis/avp_demo/build/avp_demo -- -j6 -l6
[2.968s] DEBUG:colcon.colcon_core.event_handler.log_command:Invoking command in '/home/acclivis/avp_demo/build/avp_demo': CMAKE_PREFIX_PATH=/opt/ros/foxy /usr/bin/cmake --install /home/acclivis/avp_demo/build/avp_demo
[3.025s] Level 1:colcon.colcon_core.environment:create_environment_scripts_only(avp_demo)
[3.026s] DEBUG:colcon.colcon_core.event_handler.log_command:Invoked command in '/home/acclivis/avp_demo/build/avp_demo' returned '0': CMAKE_PREFIX_PATH=/opt/ros/foxy /usr/bin/cmake --install /home/acclivis/avp_demo/build/avp_demo
[3.094s] Level 1:colcon.colcon_core.environment:checking '/home/acclivis/avp_demo/install/avp_demo' for CMake module files
[3.095s] Level 1:colcon.colcon_core.environment:checking '/home/acclivis/avp_demo/install/avp_demo' for CMake config files
[3.095s] Level 1:colcon.colcon_core.shell:create_environment_hook('avp_demo', 'cmake_prefix_path')
[3.096s] INFO:colcon.colcon_core.shell:Creating environment hook '/home/acclivis/avp_demo/install/avp_demo/share/avp_demo/hook/cmake_prefix_path.ps1'
[3.115s] INFO:colcon.colcon_core.shell:Creating environment descriptor '/home/acclivis/avp_demo/install/avp_demo/share/avp_demo/hook/cmake_prefix_path.dsv'
[3.115s] INFO:colcon.colcon_core.shell:Creating environment hook '/home/acclivis/avp_demo/install/avp_demo/share/avp_demo/hook/cmake_prefix_path.sh'
[3.116s] Level 1:colcon.colcon_core.environment:checking '/home/acclivis/avp_demo/install/avp_demo/bin'
[3.116s] Level 1:colcon.colcon_core.environment:checking '/home/acclivis/avp_demo/install/avp_demo/lib/pkgconfig/avp_demo.pc'
[3.116s] Level 1:colcon.colcon_core.environment:checking '/home/acclivis/avp_demo/install/avp_demo/lib/python3.8/site-packages'
[3.117s] INFO:colcon.colcon_core.shell:Creating package script '/home/acclivis/avp_demo/install/avp_demo/share/avp_demo/package.ps1'
[3.117s] INFO:colcon.colcon_core.shell:Creating package descriptor '/home/acclivis/avp_demo/install/avp_demo/share/avp_demo/package.dsv'
[3.134s] INFO:colcon.colcon_core.shell:Creating package script '/home/acclivis/avp_demo/install/avp_demo/share/avp_demo/package.sh'
[3.136s] INFO:colcon.colcon_core.shell:Creating package script '/home/acclivis/avp_demo/install/avp_demo/share/avp_demo/package.bash'
[3.152s] INFO:colcon.colcon_core.shell:Creating package script '/home/acclivis/avp_demo/install/avp_demo/share/avp_demo/package.zsh'
[3.164s] Level 1:colcon.colcon_core.environment:create_file_with_runtime_dependencies(/home/acclivis/avp_demo/install/avp_demo/share/colcon-core/packages/avp_demo)
[3.183s] Level 1:colcon.colcon_core.environment:create_environment_scripts_only(avp_demo)
[3.183s] Level 1:colcon.colcon_core.environment:checking '/home/acclivis/avp_demo/install/avp_demo' for CMake module files
[3.184s] Level 1:colcon.colcon_core.environment:checking '/home/acclivis/avp_demo/install/avp_demo' for CMake config files
[3.184s] Level 1:colcon.colcon_core.shell:create_environment_hook('avp_demo', 'cmake_prefix_path')
[3.185s] INFO:colcon.colcon_core.shell:Creating environment hook '/home/acclivis/avp_demo/install/avp_demo/share/avp_demo/hook/cmake_prefix_path.ps1'
[3.185s] INFO:colcon.colcon_core.shell:Creating environment descriptor '/home/acclivis/avp_demo/install/avp_demo/share/avp_demo/hook/cmake_prefix_path.dsv'
[3.185s] INFO:colcon.colcon_core.shell:Creating environment hook '/home/acclivis/avp_demo/install/avp_demo/share/avp_demo/hook/cmake_prefix_path.sh'
[3.186s] Level 1:colcon.colcon_core.environment:checking '/home/acclivis/avp_demo/install/avp_demo/bin'
[3.186s] Level 1:colcon.colcon_core.environment:checking '/home/acclivis/avp_demo/install/avp_demo/lib/pkgconfig/avp_demo.pc'
[3.186s] Level 1:colcon.colcon_core.environment:checking '/home/acclivis/avp_demo/install/avp_demo/lib/python3.8/site-packages'
[3.186s] INFO:colcon.colcon_core.shell:Creating package script '/home/acclivis/avp_demo/install/avp_demo/share/avp_demo/package.ps1'
[3.187s] INFO:colcon.colcon_core.shell:Creating package descriptor '/home/acclivis/avp_demo/install/avp_demo/share/avp_demo/package.dsv'
[3.187s] INFO:colcon.colcon_core.shell:Creating package script '/home/acclivis/avp_demo/install/avp_demo/share/avp_demo/package.sh'
[3.187s] INFO:colcon.colcon_core.shell:Creating package script '/home/acclivis/avp_demo/install/avp_demo/share/avp_demo/package.bash'
[3.188s] INFO:colcon.colcon_core.shell:Creating package script '/home/acclivis/avp_demo/install/avp_demo/share/avp_demo/package.zsh'
[3.188s] Level 1:colcon.colcon_core.environment:create_file_with_runtime_dependencies(/home/acclivis/avp_demo/install/avp_demo/share/colcon-core/packages/avp_demo)
[3.188s] DEBUG:colcon.colcon_parallel_executor.executor.parallel:closing loop
[3.189s] DEBUG:colcon.colcon_parallel_executor.executor.parallel:loop closed
[3.189s] DEBUG:colcon.colcon_parallel_executor.executor.parallel:run_until_complete finished with '0'
[3.189s] DEBUG:colcon.colcon_core.event_reactor:joining thread
[3.346s] INFO:colcon.colcon_core.plugin_system:Skipping extension 'colcon_notification.desktop_notification.notify_send': Could not find 'notify-send'
[3.346s] INFO:colcon.colcon_core.plugin_system:Skipping extension 'colcon_notification.desktop_notification.terminal_notifier': Not used on non-Darwin systems
[3.346s] INFO:colcon.colcon_core.plugin_system:Skipping extension 'colcon_notification.desktop_notification.win32': Not used on non-Windows systems
[3.346s] INFO:colcon.colcon_notification.desktop_notification:Sending desktop notification using 'notify2'
[3.606s] DEBUG:colcon.colcon_notification.desktop_notification.notify2:Failed to initialize notify2: org.freedesktop.DBus.Error.ServiceUnknown: The name org.freedesktop.Notifications was not provided by any .service files
[3.606s] DEBUG:colcon.colcon_core.event_reactor:joined thread
[3.607s] INFO:colcon.colcon_core.shell:Creating prefix script '/home/acclivis/avp_demo/install/local_setup.ps1'
[3.608s] INFO:colcon.colcon_core.shell:Creating prefix util module '/home/acclivis/avp_demo/install/_local_setup_util_ps1.py'
[3.617s] INFO:colcon.colcon_core.shell:Creating prefix chain script '/home/acclivis/avp_demo/install/setup.ps1'
[3.619s] INFO:colcon.colcon_core.shell:Creating prefix script '/home/acclivis/avp_demo/install/local_setup.sh'
[3.620s] INFO:colcon.colcon_core.shell:Creating prefix util module '/home/acclivis/avp_demo/install/_local_setup_util_sh.py'
[3.620s] INFO:colcon.colcon_core.shell:Creating prefix chain script '/home/acclivis/avp_demo/install/setup.sh'
[3.622s] INFO:colcon.colcon_core.shell:Creating prefix script '/home/acclivis/avp_demo/install/local_setup.bash'
[3.623s] INFO:colcon.colcon_core.shell:Creating prefix chain script '/home/acclivis/avp_demo/install/setup.bash'
[3.624s] INFO:colcon.colcon_core.shell:Creating prefix script '/home/acclivis/avp_demo/install/local_setup.zsh'
[3.625s] INFO:colcon.colcon_core.shell:Creating prefix chain script '/home/acclivis/avp_demo/install/setup.zsh'
