[0.100s] Invoking command in '/home/acclivis/avp_demo/build/avp_demo': CMAKE_PREFIX_PATH=/opt/ros/foxy /usr/bin/cmake --build /home/acclivis/avp_demo/build/avp_demo -- -j6 -l6
[0.912s] Invoked command in '/home/acclivis/avp_demo/build/avp_demo' returned '0': CMAKE_PREFIX_PATH=/opt/ros/foxy /usr/bin/cmake --build /home/acclivis/avp_demo/build/avp_demo -- -j6 -l6
[0.941s] Invoking command in '/home/acclivis/avp_demo/build/avp_demo': CMAKE_PREFIX_PATH=/opt/ros/foxy /usr/bin/cmake --install /home/acclivis/avp_demo/build/avp_demo
[0.948s] -- Install configuration: ""
[0.948s] -- Up-to-date: /home/acclivis/avp_demo/install/avp_demo/share/avp_demo/config
[0.948s] -- Up-to-date: /home/acclivis/avp_demo/install/avp_demo/share/avp_demo/config/ms3.rviz
[0.948s] -- Up-to-date: /home/acclivis/avp_demo/install/avp_demo/share/avp_demo/config/recordreplay_planner_demo.rviz
[0.948s] -- Up-to-date: /home/acclivis/avp_demo/install/avp_demo/share/avp_demo/config/ms2.rviz
[0.948s] -- Up-to-date: /home/acclivis/avp_demo/install/avp_demo/share/avp_demo/data
[0.948s] -- Up-to-date: /home/acclivis/avp_demo/install/avp_demo/share/avp_demo/data/omy_autonomoustuff_parking_lot.osm
[0.949s] -- Up-to-date: /home/acclivis/avp_demo/install/avp_demo/share/avp_demo/data/autonomoustuff_parking_lot_lgsvl.forward.path
[0.949s] -- Up-to-date: /home/acclivis/avp_demo/install/avp_demo/share/avp_demo/data/bkp
[0.949s] -- Up-to-date: /home/acclivis/avp_demo/install/avp_demo/share/avp_demo/data/bkp/omy_autonomoustuff_parking_lot.osm
[0.949s] -- Up-to-date: /home/acclivis/avp_demo/install/avp_demo/share/avp_demo/data/bkp/my_autonomoustuff_parking_lot.osm
[0.949s] -- Up-to-date: /home/acclivis/avp_demo/install/avp_demo/share/avp_demo/data/bkp/taltech.pcd
[0.949s] -- Up-to-date: /home/acclivis/avp_demo/install/avp_demo/share/avp_demo/data/autonomoustuff_parking_lot.osm
[0.949s] -- Up-to-date: /home/acclivis/avp_demo/install/avp_demo/share/avp_demo/data/Taltech_new.osm
[0.949s] -- Installing: /home/acclivis/avp_demo/install/avp_demo/share/avp_demo/data/autonomoustuff_parking_lot_lgsvl.yaml
[0.971s] -- Up-to-date: /home/acclivis/avp_demo/install/avp_demo/share/avp_demo/data/my_autonomoustuff_parking_lot.osm
[0.972s] -- Up-to-date: /home/acclivis/avp_demo/install/avp_demo/share/avp_demo/data/autonomoustuff_parking_lot_lgsvl.reverse.path
[0.972s] -- Up-to-date: /home/acclivis/avp_demo/install/avp_demo/share/avp_demo/data/autonomoustuff_parking_lot2.osm
[0.972s] -- Up-to-date: /home/acclivis/avp_demo/install/avp_demo/share/avp_demo/data/autonomoustuff_parking_lot.yaml
[0.973s] -- Up-to-date: /home/acclivis/avp_demo/install/avp_demo/share/avp_demo/data/Taltech.osm
[0.973s] -- Up-to-date: /home/acclivis/avp_demo/install/avp_demo/share/avp_demo/data/map.osm
[0.973s] -- Up-to-date: /home/acclivis/avp_demo/install/avp_demo/share/avp_demo/data/taltech.pcd
[0.973s] -- Up-to-date: /home/acclivis/avp_demo/install/avp_demo/share/avp_demo/data/Taltech_original.osm
[0.974s] -- Up-to-date: /home/acclivis/avp_demo/install/avp_demo/share/avp_demo/launch
[0.974s] -- Up-to-date: /home/acclivis/avp_demo/install/avp_demo/share/avp_demo/launch/ms2.launch.py
[0.974s] -- Up-to-date: /home/acclivis/avp_demo/install/avp_demo/share/avp_demo/launch/recordreplay_planner_demo.launch.py
[0.974s] -- Up-to-date: /home/acclivis/avp_demo/install/avp_demo/share/avp_demo/launch/__pycache__
[0.975s] -- Installing: /home/acclivis/avp_demo/install/avp_demo/share/avp_demo/launch/__pycache__/ms3_sim.launch.cpython-38.pyc
[0.982s] -- Up-to-date: /home/acclivis/avp_demo/install/avp_demo/share/avp_demo/launch/ms3_vehicle.launch.py
[0.983s] -- Up-to-date: /home/acclivis/avp_demo/install/avp_demo/share/avp_demo/launch/ms3_sim.launch.py
[0.983s] -- Up-to-date: /home/acclivis/avp_demo/install/avp_demo/share/avp_demo/launch/ms3_core.launch.py
[0.984s] -- Up-to-date: /home/acclivis/avp_demo/install/avp_demo/share/avp_demo/param
[0.984s] -- Up-to-date: /home/acclivis/avp_demo/install/avp_demo/share/avp_demo/param/scan_downsampler_ms3.param.yaml
[0.984s] -- Up-to-date: /home/acclivis/avp_demo/install/avp_demo/share/avp_demo/param/map_publisher_vehicle.param.yaml
[0.985s] -- Up-to-date: /home/acclivis/avp_demo/install/avp_demo/share/avp_demo/param/mpc.param.yaml
[0.986s] -- Up-to-date: /home/acclivis/avp_demo/install/avp_demo/share/avp_demo/param/object_collision_estimator_rrp.param.yaml
[0.986s] -- Up-to-date: /home/acclivis/avp_demo/install/avp_demo/share/avp_demo/param/odom_state_estimator.param.yaml
[0.987s] -- Up-to-date: /home/acclivis/avp_demo/install/avp_demo/share/avp_demo/param/lane_planner.param.yaml
[0.987s] -- Up-to-date: /home/acclivis/avp_demo/install/avp_demo/share/avp_demo/param/off_map_obstacles_filter.param.yaml
[0.987s] -- Up-to-date: /home/acclivis/avp_demo/install/avp_demo/share/avp_demo/param/ndt_localizer.param.yaml
[0.988s] -- Up-to-date: /home/acclivis/avp_demo/install/avp_demo/share/avp_demo/param/vlp16_front_vehicle.param.yaml
[0.988s] -- Up-to-date: /home/acclivis/avp_demo/install/avp_demo/share/avp_demo/param/ssc_interface.param.yaml
[0.988s] -- Up-to-date: /home/acclivis/avp_demo/install/avp_demo/share/avp_demo/param/mpc_vehicle.param.yaml
[0.989s] -- Up-to-date: /home/acclivis/avp_demo/install/avp_demo/share/avp_demo/param/parking_planner.param.yaml
[0.989s] -- Up-to-date: /home/acclivis/avp_demo/install/avp_demo/share/avp_demo/param/scan_downsampler.param.yaml
[0.989s] -- Up-to-date: /home/acclivis/avp_demo/install/avp_demo/share/avp_demo/param/ndt_localizer_vehicle.param.yaml
[0.989s] -- Up-to-date: /home/acclivis/avp_demo/install/avp_demo/share/avp_demo/param/ray_ground_classifier.param.yaml
[0.990s] -- Up-to-date: /home/acclivis/avp_demo/install/avp_demo/share/avp_demo/param/recordreplay_planner.param.yaml
[0.991s] -- Up-to-date: /home/acclivis/avp_demo/install/avp_demo/share/avp_demo/param/lanelet2_map_provider.param.yaml
[0.992s] -- Up-to-date: /home/acclivis/avp_demo/install/avp_demo/share/avp_demo/param/vlp16_rear_vehicle.param.yaml
[0.996s] -- Up-to-date: /home/acclivis/avp_demo/install/avp_demo/share/avp_demo/param/map_publisher.param.yaml
[0.997s] -- Up-to-date: /home/acclivis/avp_demo/install/avp_demo/share/avp_demo/param/object_collision_estimator.param.yaml
[0.998s] -- Up-to-date: /home/acclivis/avp_demo/install/avp_demo/share/avp_demo/param/lgsvl_interface.param.yaml
[0.998s] -- Up-to-date: /home/acclivis/avp_demo/install/avp_demo/share/avp_demo/param/euclidean_cluster.param.yaml
[0.999s] -- Up-to-date: /home/acclivis/avp_demo/install/avp_demo/share/avp_demo/param/behavior_planner.param.yaml
[0.999s] -- Up-to-date: /home/acclivis/avp_demo/install/avp_demo/share/avp_demo/param/pc_filter_transform.param.yaml
[0.999s] -- Up-to-date: /home/acclivis/avp_demo/install/avp_demo/share/ament_index/resource_index/package_run_dependencies/avp_demo
[1.000s] -- Up-to-date: /home/acclivis/avp_demo/install/avp_demo/share/ament_index/resource_index/parent_prefix_path/avp_demo
[1.000s] -- Up-to-date: /home/acclivis/avp_demo/install/avp_demo/share/avp_demo/environment/ament_prefix_path.sh
[1.000s] -- Up-to-date: /home/acclivis/avp_demo/install/avp_demo/share/avp_demo/environment/ament_prefix_path.dsv
[1.000s] -- Up-to-date: /home/acclivis/avp_demo/install/avp_demo/share/avp_demo/environment/path.sh
[1.001s] -- Up-to-date: /home/acclivis/avp_demo/install/avp_demo/share/avp_demo/environment/path.dsv
[1.001s] -- Up-to-date: /home/acclivis/avp_demo/install/avp_demo/share/avp_demo/local_setup.bash
[1.001s] -- Up-to-date: /home/acclivis/avp_demo/install/avp_demo/share/avp_demo/local_setup.sh
[1.001s] -- Up-to-date: /home/acclivis/avp_demo/install/avp_demo/share/avp_demo/local_setup.zsh
[1.002s] -- Up-to-date: /home/acclivis/avp_demo/install/avp_demo/share/avp_demo/local_setup.dsv
[1.002s] -- Installing: /home/acclivis/avp_demo/install/avp_demo/share/avp_demo/package.dsv
[1.002s] -- Up-to-date: /home/acclivis/avp_demo/install/avp_demo/share/ament_index/resource_index/packages/avp_demo
[1.002s] -- Up-to-date: /home/acclivis/avp_demo/install/avp_demo/share/avp_demo/cmake/avp_demoConfig.cmake
[1.003s] -- Up-to-date: /home/acclivis/avp_demo/install/avp_demo/share/avp_demo/cmake/avp_demoConfig-version.cmake
[1.003s] -- Up-to-date: /home/acclivis/avp_demo/install/avp_demo/share/avp_demo/package.xml
[1.004s] Invoked command in '/home/acclivis/avp_demo/build/avp_demo' returned '0': CMAKE_PREFIX_PATH=/opt/ros/foxy /usr/bin/cmake --install /home/acclivis/avp_demo/build/avp_demo
