[0.009s] Invoking command in '/home/acclivis/lgsvl_msgs/build/lgsvl_msgs': CMAKE_PREFIX_PATH=${CMAKE_PREFIX_PATH}:/home/acclivis/Node/Node_path_planner_validation_ws/install/path_planner_validation:/home/acclivis/Node/Node_localization_validation_ws/install/localization_validation:/home/acclivis/Node/Node_control_validation_ws/install/control_validation:/home/acclivis/Node/Node_perception_validation_ws/install/perception_validation:/opt/ros/foxy /usr/bin/cmake /home/acclivis/lgsvl_msgs -DCMAKE_INSTALL_PREFIX=/home/acclivis/lgsvl_msgs/install/lgsvl_msgs
[0.057s] -- The C compiler identification is GNU 9.3.0
[0.103s] -- The CXX compiler identification is GNU 9.3.0
[0.108s] -- Check for working C compiler: /usr/bin/cc
[0.156s] -- Check for working C compiler: /usr/bin/cc -- works
[0.157s] -- Detecting C compiler ABI info
[0.204s] -- Detecting C compiler ABI info - done
[0.215s] -- Detecting C compile features
[0.215s] -- Detecting C compile features - done
[0.218s] -- Check for working CXX compiler: /usr/bin/c++
[0.273s] -- Check for working CXX compiler: /usr/bin/c++ -- works
[0.274s] -- Detecting CXX compiler ABI info
[0.334s] -- Detecting CXX compiler ABI info - done
[0.348s] -- Detecting CXX compile features
[0.349s] -- Detecting CXX compile features - done
[0.351s] -- Found ros_environment: 2.5.0 (/opt/ros/foxy/share/ros_environment/cmake)
[0.354s] -- Found ament_cmake: 0.9.8 (/opt/ros/foxy/share/ament_cmake/cmake)
[0.378s] -- Found PythonInterp: /usr/bin/python3 (found suitable version "3.8.5", minimum required is "3") 
[0.378s] -- Using PYTHON_EXECUTABLE: /usr/bin/python3
[0.550s] -- Found builtin_interfaces: 1.0.0 (/opt/ros/foxy/share/builtin_interfaces/cmake)
[0.576s] -- Using all available rosidl_typesupport_c: rosidl_typesupport_fastrtps_c;rosidl_typesupport_introspection_c
[0.583s] -- Found rosidl_adapter: 1.2.0 (/opt/ros/foxy/share/rosidl_adapter/cmake)
[0.645s] -- Found OpenSSL: /usr/lib/x86_64-linux-gnu/libcrypto.so (found version "1.1.1f")  
[0.671s] -- Found FastRTPS: /opt/ros/foxy/include  
[0.742s] -- Using all available rosidl_typesupport_cpp: rosidl_typesupport_fastrtps_cpp;rosidl_typesupport_introspection_cpp
[0.767s] -- Found geometry_msgs: 2.0.3 (/opt/ros/foxy/share/geometry_msgs/cmake)
[0.815s] -- Found sensor_msgs: 2.0.3 (/opt/ros/foxy/share/sensor_msgs/cmake)
[0.873s] -- Found rosidl_default_generators: 1.0.0 (/opt/ros/foxy/share/rosidl_default_generators/cmake)
[0.901s] -- Found PythonInterp: /usr/bin/python3 (found version "3.8.5") 
[1.124s] -- Found ament_cmake_cppcheck: 0.9.6 (/opt/ros/foxy/share/ament_cmake_cppcheck/cmake)
[1.127s] -- Found ament_cmake_cpplint: 0.9.6 (/opt/ros/foxy/share/ament_cmake_cpplint/cmake)
[1.129s] -- Found ament_cmake_uncrustify: 0.9.6 (/opt/ros/foxy/share/ament_cmake_uncrustify/cmake)
[1.132s] -- Found ament_cmake_ros: 0.9.1 (/opt/ros/foxy/share/ament_cmake_ros/cmake)
[1.397s] -- Using all available rosidl_typesupport_c: rosidl_typesupport_fastrtps_c;rosidl_typesupport_introspection_c
[1.527s] -- Using all available rosidl_typesupport_cpp: rosidl_typesupport_fastrtps_cpp;rosidl_typesupport_introspection_cpp
[1.550s] -- Found PythonInterp: /usr/bin/python3 (found suitable version "3.8.5", minimum required is "3.5") 
[1.552s] -- Found python_cmake_module: 0.8.0 (/opt/ros/foxy/share/python_cmake_module/cmake)
[1.572s] -- Found PythonLibs: /usr/lib/x86_64-linux-gnu/libpython3.8.so (found suitable version "3.8.5", minimum required is "3.5") 
[1.572s] -- Using PYTHON_EXECUTABLE: /usr/bin/python3
[1.572s] -- Using PYTHON_INCLUDE_DIRS: /usr/include/python3.8
[1.572s] -- Using PYTHON_LIBRARIES: /usr/lib/x86_64-linux-gnu/libpython3.8.so
[1.589s] -- Found PythonExtra: .so  
[1.670s] -- Found ament_cmake_flake8: 0.9.6 (/opt/ros/foxy/share/ament_cmake_flake8/cmake)
[1.673s] -- Found ament_cmake_pep257: 0.9.6 (/opt/ros/foxy/share/ament_cmake_pep257/cmake)
[1.676s] -- Found ament_lint_auto: 0.9.6 (/opt/ros/foxy/share/ament_lint_auto/cmake)
[1.695s] -- Added test 'cppcheck' to perform static code analysis on C / C++ code
[1.696s] -- Configured cppcheck include dirs: $<BUILD_INTERFACE:/home/acclivis/lgsvl_msgs/build/lgsvl_msgs/rosidl_generator_c>;/home/acclivis/lgsvl_msgs/build/lgsvl_msgs/rosidl_generator_c;/home/acclivis/lgsvl_msgs/build/lgsvl_msgs/rosidl_generator_cpp;/home/acclivis/lgsvl_msgs/build/lgsvl_msgs/rosidl_typesupport_fastrtps_c;/home/acclivis/lgsvl_msgs/build/lgsvl_msgs/rosidl_typesupport_fastrtps_cpp;$<BUILD_INTERFACE:/home/acclivis/lgsvl_msgs/build/lgsvl_msgs/rosidl_typesupport_introspection_c>;$<BUILD_INTERFACE:/home/acclivis/lgsvl_msgs/build/lgsvl_msgs/rosidl_typesupport_c>;$<BUILD_INTERFACE:/home/acclivis/lgsvl_msgs/build/lgsvl_msgs/rosidl_generator_cpp>;/home/acclivis/lgsvl_msgs/build/lgsvl_msgs/rosidl_generator_py
[1.697s] -- Configured cppcheck exclude dirs and/or files: 
[1.703s] -- Added test 'cpplint' to check C / C++ code against the Google style
[1.703s] -- Configured cpplint exclude dirs and/or files: 
[1.708s] -- Added test 'uncrustify' to check C / C++ code style
[1.708s] -- Configured uncrustify additional arguments: 
[1.709s] -- Added test 'flake8' to check Python code syntax and style conventions
[1.710s] -- Added test 'pep257' to check Python code against some of the style conventions in PEP 257
[1.711s] -- Added test 'copyright' to check source files copyright and LICENSE
[1.712s] -- Added test 'lint_cmake' to check CMake code style
[1.714s] -- Added test 'xmllint' to check XML markup files
[1.718s] -- Configuring done
[1.787s] -- Generating done
[1.789s] -- Build files have been written to: /home/acclivis/lgsvl_msgs/build/lgsvl_msgs
[1.795s] Invoked command in '/home/acclivis/lgsvl_msgs/build/lgsvl_msgs' returned '0': CMAKE_PREFIX_PATH=${CMAKE_PREFIX_PATH}:/home/acclivis/Node/Node_path_planner_validation_ws/install/path_planner_validation:/home/acclivis/Node/Node_localization_validation_ws/install/localization_validation:/home/acclivis/Node/Node_control_validation_ws/install/control_validation:/home/acclivis/Node/Node_perception_validation_ws/install/perception_validation:/opt/ros/foxy /usr/bin/cmake /home/acclivis/lgsvl_msgs -DCMAKE_INSTALL_PREFIX=/home/acclivis/lgsvl_msgs/install/lgsvl_msgs
[1.797s] Invoking command in '/home/acclivis/lgsvl_msgs/build/lgsvl_msgs': CMAKE_PREFIX_PATH=${CMAKE_PREFIX_PATH}:/home/acclivis/Node/Node_path_planner_validation_ws/install/path_planner_validation:/home/acclivis/Node/Node_localization_validation_ws/install/localization_validation:/home/acclivis/Node/Node_control_validation_ws/install/control_validation:/home/acclivis/Node/Node_perception_validation_ws/install/perception_validation:/opt/ros/foxy /usr/bin/cmake --build /home/acclivis/lgsvl_msgs/build/lgsvl_msgs -- -j12 -l12
[1.830s] [35m[1mScanning dependencies of target lgsvl_msgs__cpp[0m
[1.831s] [  1%] [34m[1mGenerating C code for ROS interfaces[0m
[1.839s] [  1%] [34m[1mGenerating C++ code for ROS interfaces[0m
[2.848s] [  1%] Built target lgsvl_msgs__cpp
[2.862s] [  1%] [34m[1mGenerating C++ introspection for ROS interfaces[0m
[2.863s] [  2%] [34m[1mGenerating C++ type support dispatch for ROS interfaces[0m
[2.864s] [  3%] [34m[1mGenerating C++ type support for eProsima Fast-RTPS[0m
[2.890s] [35m[1mScanning dependencies of target lgsvl_msgs__rosidl_generator_c[0m
[2.905s] [  3%] [32mBuilding C object CMakeFiles/lgsvl_msgs__rosidl_generator_c.dir/rosidl_generator_c/lgsvl_msgs/msg/detail/bounding_box2_d__functions.c.o[0m
[2.907s] [  4%] [32mBuilding C object CMakeFiles/lgsvl_msgs__rosidl_generator_c.dir/rosidl_generator_c/lgsvl_msgs/msg/detail/bounding_box3_d__functions.c.o[0m
[2.909s] [  5%] [32mBuilding C object CMakeFiles/lgsvl_msgs__rosidl_generator_c.dir/rosidl_generator_c/lgsvl_msgs/msg/detail/detected_radar_object_array__functions.c.o[0m
[2.909s] [  5%] [32mBuilding C object CMakeFiles/lgsvl_msgs__rosidl_generator_c.dir/rosidl_generator_c/lgsvl_msgs/msg/detail/detected_radar_object__functions.c.o[0m
[2.909s] [  6%] [32mBuilding C object CMakeFiles/lgsvl_msgs__rosidl_generator_c.dir/rosidl_generator_c/lgsvl_msgs/msg/detail/can_bus_data__functions.c.o[0m
[2.909s] [  7%] [32mBuilding C object CMakeFiles/lgsvl_msgs__rosidl_generator_c.dir/rosidl_generator_c/lgsvl_msgs/msg/detail/detection2_d__functions.c.o[0m
[2.909s] [  7%] [32mBuilding C object CMakeFiles/lgsvl_msgs__rosidl_generator_c.dir/rosidl_generator_c/lgsvl_msgs/msg/detail/detection3_d__functions.c.o[0m
[2.909s] [  8%] [32mBuilding C object CMakeFiles/lgsvl_msgs__rosidl_generator_c.dir/rosidl_generator_c/lgsvl_msgs/msg/detail/detection3_d_array__functions.c.o[0m
[2.910s] [  9%] [32mBuilding C object CMakeFiles/lgsvl_msgs__rosidl_generator_c.dir/rosidl_generator_c/lgsvl_msgs/msg/detail/detection2_d_array__functions.c.o[0m
[2.949s] [ 10%] [32mBuilding C object CMakeFiles/lgsvl_msgs__rosidl_generator_c.dir/rosidl_generator_c/lgsvl_msgs/msg/detail/signal__functions.c.o[0m
[2.953s] [ 10%] [32mBuilding C object CMakeFiles/lgsvl_msgs__rosidl_generator_c.dir/rosidl_generator_c/lgsvl_msgs/msg/detail/signal_array__functions.c.o[0m
[2.956s] [ 10%] [32mBuilding C object CMakeFiles/lgsvl_msgs__rosidl_generator_c.dir/rosidl_generator_c/lgsvl_msgs/msg/detail/vehicle_odometry__functions.c.o[0m
[2.956s] [ 13%] [32mBuilding C object CMakeFiles/lgsvl_msgs__rosidl_generator_c.dir/rosidl_generator_c/lgsvl_msgs/msg/detail/vehicle_control_data__functions.c.o[0m
[2.956s] [ 13%] [32mBuilding C object CMakeFiles/lgsvl_msgs__rosidl_generator_c.dir/rosidl_generator_c/lgsvl_msgs/msg/detail/ultrasonic__functions.c.o[0m
[2.956s] [ 13%] [32mBuilding C object CMakeFiles/lgsvl_msgs__rosidl_generator_c.dir/rosidl_generator_c/lgsvl_msgs/msg/detail/vehicle_state_data__functions.c.o[0m
[2.997s] [ 14%] [32m[1mLinking C shared library liblgsvl_msgs__rosidl_generator_c.so[0m
[3.027s] [ 14%] Built target lgsvl_msgs__rosidl_generator_c
[3.036s] [ 15%] [34m[1mGenerating C type support dispatch for ROS interfaces[0m
[3.038s] [ 16%] [34m[1mGenerating C introspection for ROS interfaces[0m
[3.673s] [35m[1mScanning dependencies of target lgsvl_msgs__rosidl_typesupport_cpp[0m
[3.690s] [ 17%] [32mBuilding CXX object CMakeFiles/lgsvl_msgs__rosidl_typesupport_cpp.dir/rosidl_typesupport_cpp/lgsvl_msgs/msg/bounding_box2_d__type_support.cpp.o[0m
[3.690s] [ 17%] [32mBuilding CXX object CMakeFiles/lgsvl_msgs__rosidl_typesupport_cpp.dir/rosidl_typesupport_cpp/lgsvl_msgs/msg/bounding_box3_d__type_support.cpp.o[0m
[3.692s] [ 19%] [32mBuilding CXX object CMakeFiles/lgsvl_msgs__rosidl_typesupport_cpp.dir/rosidl_typesupport_cpp/lgsvl_msgs/msg/detection2_d__type_support.cpp.o[0m
[3.692s] [ 19%] [32mBuilding CXX object CMakeFiles/lgsvl_msgs__rosidl_typesupport_cpp.dir/rosidl_typesupport_cpp/lgsvl_msgs/msg/detected_radar_object_array__type_support.cpp.o[0m
[3.692s] [ 19%] [32mBuilding CXX object CMakeFiles/lgsvl_msgs__rosidl_typesupport_cpp.dir/rosidl_typesupport_cpp/lgsvl_msgs/msg/detected_radar_object__type_support.cpp.o[0m
[3.692s] [ 20%] [32mBuilding CXX object CMakeFiles/lgsvl_msgs__rosidl_typesupport_cpp.dir/rosidl_typesupport_cpp/lgsvl_msgs/msg/detection2_d_array__type_support.cpp.o[0m
[3.692s] [ 21%] [32mBuilding CXX object CMakeFiles/lgsvl_msgs__rosidl_typesupport_cpp.dir/rosidl_typesupport_cpp/lgsvl_msgs/msg/detection3_d__type_support.cpp.o[0m
[3.692s] [ 22%] [32mBuilding CXX object CMakeFiles/lgsvl_msgs__rosidl_typesupport_cpp.dir/rosidl_typesupport_cpp/lgsvl_msgs/msg/can_bus_data__type_support.cpp.o[0m
[3.954s] [35m[1mScanning dependencies of target lgsvl_msgs__rosidl_typesupport_c[0m
[3.997s] [ 22%] [32mBuilding CXX object CMakeFiles/lgsvl_msgs__rosidl_typesupport_c.dir/rosidl_typesupport_c/lgsvl_msgs/msg/bounding_box2_d__type_support.cpp.o[0m
[4.036s] [ 23%] [32mBuilding CXX object CMakeFiles/lgsvl_msgs__rosidl_typesupport_c.dir/rosidl_typesupport_c/lgsvl_msgs/msg/bounding_box3_d__type_support.cpp.o[0m
[4.040s] [35m[1mScanning dependencies of target lgsvl_msgs__rosidl_typesupport_introspection_cpp[0m
[4.052s] [ 24%] [32mBuilding CXX object CMakeFiles/lgsvl_msgs__rosidl_typesupport_c.dir/rosidl_typesupport_c/lgsvl_msgs/msg/can_bus_data__type_support.cpp.o[0m
[4.053s] [ 24%] [32mBuilding CXX object CMakeFiles/lgsvl_msgs__rosidl_typesupport_cpp.dir/rosidl_typesupport_cpp/lgsvl_msgs/msg/detection3_d_array__type_support.cpp.o[0m
[4.064s] [ 25%] [32mBuilding CXX object CMakeFiles/lgsvl_msgs__rosidl_typesupport_introspection_cpp.dir/rosidl_typesupport_introspection_cpp/lgsvl_msgs/msg/detail/bounding_box2_d__type_support.cpp.o[0m
[4.070s] [ 25%] [32mBuilding CXX object CMakeFiles/lgsvl_msgs__rosidl_typesupport_c.dir/rosidl_typesupport_c/lgsvl_msgs/msg/detected_radar_object_array__type_support.cpp.o[0m
[4.071s] [ 26%] [32mBuilding CXX object CMakeFiles/lgsvl_msgs__rosidl_typesupport_cpp.dir/rosidl_typesupport_cpp/lgsvl_msgs/msg/signal__type_support.cpp.o[0m
[4.072s] [ 27%] [32mBuilding CXX object CMakeFiles/lgsvl_msgs__rosidl_typesupport_introspection_cpp.dir/rosidl_typesupport_introspection_cpp/lgsvl_msgs/msg/detail/bounding_box3_d__type_support.cpp.o[0m
[4.073s] [ 28%] [32mBuilding CXX object CMakeFiles/lgsvl_msgs__rosidl_typesupport_cpp.dir/rosidl_typesupport_cpp/lgsvl_msgs/msg/signal_array__type_support.cpp.o[0m
[4.074s] [ 28%] [32mBuilding CXX object CMakeFiles/lgsvl_msgs__rosidl_typesupport_cpp.dir/rosidl_typesupport_cpp/lgsvl_msgs/msg/ultrasonic__type_support.cpp.o[0m
[4.079s] [ 29%] [32mBuilding CXX object CMakeFiles/lgsvl_msgs__rosidl_typesupport_c.dir/rosidl_typesupport_c/lgsvl_msgs/msg/detected_radar_object__type_support.cpp.o[0m
[4.082s] [ 29%] [32mBuilding CXX object CMakeFiles/lgsvl_msgs__rosidl_typesupport_introspection_cpp.dir/rosidl_typesupport_introspection_cpp/lgsvl_msgs/msg/detail/can_bus_data__type_support.cpp.o[0m
[4.096s] [ 30%] [32mBuilding CXX object CMakeFiles/lgsvl_msgs__rosidl_typesupport_introspection_cpp.dir/rosidl_typesupport_introspection_cpp/lgsvl_msgs/msg/detail/detected_radar_object_array__type_support.cpp.o[0m
[4.109s] [ 31%] [32mBuilding CXX object CMakeFiles/lgsvl_msgs__rosidl_typesupport_c.dir/rosidl_typesupport_c/lgsvl_msgs/msg/detection2_d__type_support.cpp.o[0m
[4.117s] [ 32%] [32mBuilding CXX object CMakeFiles/lgsvl_msgs__rosidl_typesupport_introspection_cpp.dir/rosidl_typesupport_introspection_cpp/lgsvl_msgs/msg/detail/detected_radar_object__type_support.cpp.o[0m
[4.147s] [ 33%] [32mBuilding CXX object CMakeFiles/lgsvl_msgs__rosidl_typesupport_c.dir/rosidl_typesupport_c/lgsvl_msgs/msg/detection2_d_array__type_support.cpp.o[0m
[4.184s] [ 33%] [32mBuilding CXX object CMakeFiles/lgsvl_msgs__rosidl_typesupport_c.dir/rosidl_typesupport_c/lgsvl_msgs/msg/detection3_d__type_support.cpp.o[0m
[4.220s] [ 34%] [32mBuilding CXX object CMakeFiles/lgsvl_msgs__rosidl_typesupport_c.dir/rosidl_typesupport_c/lgsvl_msgs/msg/detection3_d_array__type_support.cpp.o[0m
[4.260s] [ 35%] [32mBuilding CXX object CMakeFiles/lgsvl_msgs__rosidl_typesupport_c.dir/rosidl_typesupport_c/lgsvl_msgs/msg/signal__type_support.cpp.o[0m
[4.260s] [35m[1mScanning dependencies of target lgsvl_msgs__rosidl_typesupport_fastrtps_cpp[0m
[4.294s] [ 36%] [32mBuilding CXX object CMakeFiles/lgsvl_msgs__rosidl_typesupport_fastrtps_cpp.dir/rosidl_typesupport_fastrtps_cpp/lgsvl_msgs/msg/detail/dds_fastrtps/bounding_box2_d__type_support.cpp.o[0m
[4.298s] [ 36%] [32mBuilding CXX object CMakeFiles/lgsvl_msgs__rosidl_typesupport_c.dir/rosidl_typesupport_c/lgsvl_msgs/msg/signal_array__type_support.cpp.o[0m
[4.336s] [ 37%] [32mBuilding CXX object CMakeFiles/lgsvl_msgs__rosidl_typesupport_c.dir/rosidl_typesupport_c/lgsvl_msgs/msg/ultrasonic__type_support.cpp.o[0m
[4.355s] [35m[1mScanning dependencies of target lgsvl_msgs__rosidl_typesupport_introspection_c[0m
[4.373s] [ 38%] [32mBuilding CXX object CMakeFiles/lgsvl_msgs__rosidl_typesupport_c.dir/rosidl_typesupport_c/lgsvl_msgs/msg/vehicle_control_data__type_support.cpp.o[0m
[4.385s] [ 39%] [32mBuilding C object CMakeFiles/lgsvl_msgs__rosidl_typesupport_introspection_c.dir/rosidl_typesupport_introspection_c/lgsvl_msgs/msg/detail/bounding_box2_d__type_support.c.o[0m
[4.409s] [ 39%] [32mBuilding CXX object CMakeFiles/lgsvl_msgs__rosidl_typesupport_c.dir/rosidl_typesupport_c/lgsvl_msgs/msg/vehicle_state_data__type_support.cpp.o[0m
[4.425s] [ 39%] [32mBuilding C object CMakeFiles/lgsvl_msgs__rosidl_typesupport_introspection_c.dir/rosidl_typesupport_introspection_c/lgsvl_msgs/msg/detail/bounding_box3_d__type_support.c.o[0m
[4.438s] [ 40%] [32mBuilding CXX object CMakeFiles/lgsvl_msgs__rosidl_typesupport_fastrtps_cpp.dir/rosidl_typesupport_fastrtps_cpp/lgsvl_msgs/msg/detail/dds_fastrtps/bounding_box3_d__type_support.cpp.o[0m
[4.442s] [ 41%] [32mBuilding CXX object CMakeFiles/lgsvl_msgs__rosidl_typesupport_cpp.dir/rosidl_typesupport_cpp/lgsvl_msgs/msg/vehicle_control_data__type_support.cpp.o[0m
[4.449s] [ 42%] [32mBuilding CXX object CMakeFiles/lgsvl_msgs__rosidl_typesupport_c.dir/rosidl_typesupport_c/lgsvl_msgs/msg/vehicle_odometry__type_support.cpp.o[0m
[4.456s] [ 43%] [32mBuilding CXX object CMakeFiles/lgsvl_msgs__rosidl_typesupport_introspection_cpp.dir/rosidl_typesupport_introspection_cpp/lgsvl_msgs/msg/detail/detection2_d_array__type_support.cpp.o[0m
[4.456s] [ 43%] [32mBuilding CXX object CMakeFiles/lgsvl_msgs__rosidl_typesupport_introspection_cpp.dir/rosidl_typesupport_introspection_cpp/lgsvl_msgs/msg/detail/detection2_d__type_support.cpp.o[0m
[4.456s] [ 44%] [32mBuilding CXX object CMakeFiles/lgsvl_msgs__rosidl_typesupport_cpp.dir/rosidl_typesupport_cpp/lgsvl_msgs/msg/vehicle_state_data__type_support.cpp.o[0m
[4.458s] [ 44%] [32mBuilding CXX object CMakeFiles/lgsvl_msgs__rosidl_typesupport_fastrtps_cpp.dir/rosidl_typesupport_fastrtps_cpp/lgsvl_msgs/msg/detail/dds_fastrtps/can_bus_data__type_support.cpp.o[0m
[4.467s] [ 45%] [32mBuilding C object CMakeFiles/lgsvl_msgs__rosidl_typesupport_introspection_c.dir/rosidl_typesupport_introspection_c/lgsvl_msgs/msg/detail/can_bus_data__type_support.c.o[0m
[4.476s] [ 46%] [32mBuilding CXX object CMakeFiles/lgsvl_msgs__rosidl_typesupport_introspection_cpp.dir/rosidl_typesupport_introspection_cpp/lgsvl_msgs/msg/detail/detection3_d__type_support.cpp.o[0m
[4.479s] [ 47%] [32mBuilding CXX object CMakeFiles/lgsvl_msgs__rosidl_typesupport_introspection_cpp.dir/rosidl_typesupport_introspection_cpp/lgsvl_msgs/msg/detail/detection3_d_array__type_support.cpp.o[0m
[4.489s] [ 48%] [32m[1mLinking CXX shared library liblgsvl_msgs__rosidl_typesupport_c.so[0m
[4.509s] [ 49%] [32mBuilding C object CMakeFiles/lgsvl_msgs__rosidl_typesupport_introspection_c.dir/rosidl_typesupport_introspection_c/lgsvl_msgs/msg/detail/detected_radar_object_array__type_support.c.o[0m
[4.539s] [ 49%] [32mBuilding CXX object CMakeFiles/lgsvl_msgs__rosidl_typesupport_introspection_cpp.dir/rosidl_typesupport_introspection_cpp/lgsvl_msgs/msg/detail/signal__type_support.cpp.o[0m
[4.548s] [ 49%] Built target lgsvl_msgs__rosidl_typesupport_c
[4.553s] [ 50%] [32mBuilding C object CMakeFiles/lgsvl_msgs__rosidl_typesupport_introspection_c.dir/rosidl_typesupport_introspection_c/lgsvl_msgs/msg/detail/detected_radar_object__type_support.c.o[0m
[4.559s] [ 50%] [32mBuilding C object CMakeFiles/lgsvl_msgs__rosidl_typesupport_introspection_c.dir/rosidl_typesupport_introspection_c/lgsvl_msgs/msg/detail/detection2_d__type_support.c.o[0m
[4.597s] [ 51%] [32mBuilding C object CMakeFiles/lgsvl_msgs__rosidl_typesupport_introspection_c.dir/rosidl_typesupport_introspection_c/lgsvl_msgs/msg/detail/detection2_d_array__type_support.c.o[0m
[4.601s] [ 52%] [32mBuilding C object CMakeFiles/lgsvl_msgs__rosidl_typesupport_introspection_c.dir/rosidl_typesupport_introspection_c/lgsvl_msgs/msg/detail/detection3_d__type_support.c.o[0m
[4.641s] [ 52%] [32mBuilding C object CMakeFiles/lgsvl_msgs__rosidl_typesupport_introspection_c.dir/rosidl_typesupport_introspection_c/lgsvl_msgs/msg/detail/detection3_d_array__type_support.c.o[0m
[4.644s] [ 53%] [32mBuilding C object CMakeFiles/lgsvl_msgs__rosidl_typesupport_introspection_c.dir/rosidl_typesupport_introspection_c/lgsvl_msgs/msg/detail/signal__type_support.c.o[0m
[4.688s] [ 54%] [32mBuilding C object CMakeFiles/lgsvl_msgs__rosidl_typesupport_introspection_c.dir/rosidl_typesupport_introspection_c/lgsvl_msgs/msg/detail/ultrasonic__type_support.c.o[0m
[4.688s] [ 54%] [32mBuilding C object CMakeFiles/lgsvl_msgs__rosidl_typesupport_introspection_c.dir/rosidl_typesupport_introspection_c/lgsvl_msgs/msg/detail/signal_array__type_support.c.o[0m
[4.733s] [ 54%] [32mBuilding CXX object CMakeFiles/lgsvl_msgs__rosidl_typesupport_cpp.dir/rosidl_typesupport_cpp/lgsvl_msgs/msg/vehicle_odometry__type_support.cpp.o[0m
[4.738s] [ 55%] [32mBuilding C object CMakeFiles/lgsvl_msgs__rosidl_typesupport_introspection_c.dir/rosidl_typesupport_introspection_c/lgsvl_msgs/msg/detail/vehicle_control_data__type_support.c.o[0m
[4.777s] [ 56%] [32mBuilding C object CMakeFiles/lgsvl_msgs__rosidl_typesupport_introspection_c.dir/rosidl_typesupport_introspection_c/lgsvl_msgs/msg/detail/vehicle_state_data__type_support.c.o[0m
[4.819s] [ 57%] [32mBuilding C object CMakeFiles/lgsvl_msgs__rosidl_typesupport_introspection_c.dir/rosidl_typesupport_introspection_c/lgsvl_msgs/msg/detail/vehicle_odometry__type_support.c.o[0m
[4.819s] [ 58%] [32mBuilding CXX object CMakeFiles/lgsvl_msgs__rosidl_typesupport_introspection_cpp.dir/rosidl_typesupport_introspection_cpp/lgsvl_msgs/msg/detail/signal_array__type_support.cpp.o[0m
[4.834s] [ 59%] [32mBuilding CXX object CMakeFiles/lgsvl_msgs__rosidl_typesupport_introspection_cpp.dir/rosidl_typesupport_introspection_cpp/lgsvl_msgs/msg/detail/ultrasonic__type_support.cpp.o[0m
[4.837s] [ 60%] [32mBuilding CXX object CMakeFiles/lgsvl_msgs__rosidl_typesupport_fastrtps_cpp.dir/rosidl_typesupport_fastrtps_cpp/lgsvl_msgs/msg/detail/dds_fastrtps/detected_radar_object_array__type_support.cpp.o[0m
[4.849s] [ 60%] [32mBuilding CXX object CMakeFiles/lgsvl_msgs__rosidl_typesupport_introspection_cpp.dir/rosidl_typesupport_introspection_cpp/lgsvl_msgs/msg/detail/vehicle_control_data__type_support.cpp.o[0m
[4.853s] [ 61%] [32mBuilding CXX object CMakeFiles/lgsvl_msgs__rosidl_typesupport_introspection_cpp.dir/rosidl_typesupport_introspection_cpp/lgsvl_msgs/msg/detail/vehicle_state_data__type_support.cpp.o[0m
[4.859s] [ 61%] [32m[1mLinking C shared library liblgsvl_msgs__rosidl_typesupport_introspection_c.so[0m
[4.902s] [ 61%] Built target lgsvl_msgs__rosidl_typesupport_introspection_c
[4.904s] [ 62%] [32mBuilding CXX object CMakeFiles/lgsvl_msgs__rosidl_typesupport_introspection_cpp.dir/rosidl_typesupport_introspection_cpp/lgsvl_msgs/msg/detail/vehicle_odometry__type_support.cpp.o[0m
[4.912s] [ 63%] [32mBuilding CXX object CMakeFiles/lgsvl_msgs__rosidl_typesupport_fastrtps_cpp.dir/rosidl_typesupport_fastrtps_cpp/lgsvl_msgs/msg/detail/dds_fastrtps/detected_radar_object__type_support.cpp.o[0m
[4.913s] [ 63%] [32mBuilding CXX object CMakeFiles/lgsvl_msgs__rosidl_typesupport_fastrtps_cpp.dir/rosidl_typesupport_fastrtps_cpp/lgsvl_msgs/msg/detail/dds_fastrtps/detection2_d__type_support.cpp.o[0m
[4.940s] [ 64%] [32mBuilding CXX object CMakeFiles/lgsvl_msgs__rosidl_typesupport_fastrtps_cpp.dir/rosidl_typesupport_fastrtps_cpp/lgsvl_msgs/msg/detail/dds_fastrtps/detection2_d_array__type_support.cpp.o[0m
[4.992s] [ 65%] [32mBuilding CXX object CMakeFiles/lgsvl_msgs__rosidl_typesupport_fastrtps_cpp.dir/rosidl_typesupport_fastrtps_cpp/lgsvl_msgs/msg/detail/dds_fastrtps/detection3_d__type_support.cpp.o[0m
[5.057s] [ 65%] [32mBuilding CXX object CMakeFiles/lgsvl_msgs__rosidl_typesupport_fastrtps_cpp.dir/rosidl_typesupport_fastrtps_cpp/lgsvl_msgs/msg/detail/dds_fastrtps/detection3_d_array__type_support.cpp.o[0m
[5.099s] [ 66%] [32m[1mLinking CXX shared library liblgsvl_msgs__rosidl_typesupport_cpp.so[0m
[5.153s] [ 66%] Built target lgsvl_msgs__rosidl_typesupport_cpp
[5.163s] [ 67%] [32mBuilding CXX object CMakeFiles/lgsvl_msgs__rosidl_typesupport_fastrtps_cpp.dir/rosidl_typesupport_fastrtps_cpp/lgsvl_msgs/msg/detail/dds_fastrtps/signal__type_support.cpp.o[0m
[5.209s] [ 68%] [32mBuilding CXX object CMakeFiles/lgsvl_msgs__rosidl_typesupport_fastrtps_cpp.dir/rosidl_typesupport_fastrtps_cpp/lgsvl_msgs/msg/detail/dds_fastrtps/signal_array__type_support.cpp.o[0m
[5.224s] [ 69%] [32mBuilding CXX object CMakeFiles/lgsvl_msgs__rosidl_typesupport_fastrtps_cpp.dir/rosidl_typesupport_fastrtps_cpp/lgsvl_msgs/msg/detail/dds_fastrtps/ultrasonic__type_support.cpp.o[0m
[5.234s] [ 69%] [32mBuilding CXX object CMakeFiles/lgsvl_msgs__rosidl_typesupport_fastrtps_cpp.dir/rosidl_typesupport_fastrtps_cpp/lgsvl_msgs/msg/detail/dds_fastrtps/vehicle_control_data__type_support.cpp.o[0m
[5.268s] [ 70%] [32mBuilding CXX object CMakeFiles/lgsvl_msgs__rosidl_typesupport_fastrtps_cpp.dir/rosidl_typesupport_fastrtps_cpp/lgsvl_msgs/msg/detail/dds_fastrtps/vehicle_state_data__type_support.cpp.o[0m
[5.286s] [ 71%] [32m[1mLinking CXX shared library liblgsvl_msgs__rosidl_typesupport_introspection_cpp.so[0m
[5.403s] [ 71%] Built target lgsvl_msgs__rosidl_typesupport_introspection_cpp
[5.420s] [ 72%] [32mBuilding CXX object CMakeFiles/lgsvl_msgs__rosidl_typesupport_fastrtps_cpp.dir/rosidl_typesupport_fastrtps_cpp/lgsvl_msgs/msg/detail/dds_fastrtps/vehicle_odometry__type_support.cpp.o[0m
[5.769s] [ 72%] [32m[1mLinking CXX shared library liblgsvl_msgs__rosidl_typesupport_fastrtps_cpp.so[0m
[5.836s] [ 72%] Built target lgsvl_msgs__rosidl_typesupport_fastrtps_cpp
[5.845s] [ 73%] [34m[1mGenerating C type support for eProsima Fast-RTPS[0m
[6.736s] [35m[1mScanning dependencies of target lgsvl_msgs__rosidl_typesupport_fastrtps_c[0m
[6.763s] [ 74%] [32mBuilding CXX object CMakeFiles/lgsvl_msgs__rosidl_typesupport_fastrtps_c.dir/rosidl_typesupport_fastrtps_c/lgsvl_msgs/msg/detail/bounding_box2_d__type_support_c.cpp.o[0m
[6.763s] [ 74%] [32mBuilding CXX object CMakeFiles/lgsvl_msgs__rosidl_typesupport_fastrtps_c.dir/rosidl_typesupport_fastrtps_c/lgsvl_msgs/msg/detail/bounding_box3_d__type_support_c.cpp.o[0m
[6.765s] [ 75%] [32mBuilding CXX object CMakeFiles/lgsvl_msgs__rosidl_typesupport_fastrtps_c.dir/rosidl_typesupport_fastrtps_c/lgsvl_msgs/msg/detail/can_bus_data__type_support_c.cpp.o[0m
[6.766s] [ 75%] [32mBuilding CXX object CMakeFiles/lgsvl_msgs__rosidl_typesupport_fastrtps_c.dir/rosidl_typesupport_fastrtps_c/lgsvl_msgs/msg/detail/detected_radar_object__type_support_c.cpp.o[0m
[6.766s] [ 76%] [32mBuilding CXX object CMakeFiles/lgsvl_msgs__rosidl_typesupport_fastrtps_c.dir/rosidl_typesupport_fastrtps_c/lgsvl_msgs/msg/detail/detected_radar_object_array__type_support_c.cpp.o[0m
[6.766s] [ 77%] [32mBuilding CXX object CMakeFiles/lgsvl_msgs__rosidl_typesupport_fastrtps_c.dir/rosidl_typesupport_fastrtps_c/lgsvl_msgs/msg/detail/detection2_d_array__type_support_c.cpp.o[0m
[6.767s] [ 78%] [32mBuilding CXX object CMakeFiles/lgsvl_msgs__rosidl_typesupport_fastrtps_c.dir/rosidl_typesupport_fastrtps_c/lgsvl_msgs/msg/detail/detection3_d_array__type_support_c.cpp.o[0m
[6.767s] [ 78%] [32mBuilding CXX object CMakeFiles/lgsvl_msgs__rosidl_typesupport_fastrtps_c.dir/rosidl_typesupport_fastrtps_c/lgsvl_msgs/msg/detail/detection3_d__type_support_c.cpp.o[0m
[6.767s] [ 79%] [32mBuilding CXX object CMakeFiles/lgsvl_msgs__rosidl_typesupport_fastrtps_c.dir/rosidl_typesupport_fastrtps_c/lgsvl_msgs/msg/detail/signal__type_support_c.cpp.o[0m
[6.768s] [ 81%] [32mBuilding CXX object CMakeFiles/lgsvl_msgs__rosidl_typesupport_fastrtps_c.dir/rosidl_typesupport_fastrtps_c/lgsvl_msgs/msg/detail/detection2_d__type_support_c.cpp.o[0m
[6.768s] [ 81%] [32mBuilding CXX object CMakeFiles/lgsvl_msgs__rosidl_typesupport_fastrtps_c.dir/rosidl_typesupport_fastrtps_c/lgsvl_msgs/msg/detail/ultrasonic__type_support_c.cpp.o[0m
[6.768s] [ 81%] [32mBuilding CXX object CMakeFiles/lgsvl_msgs__rosidl_typesupport_fastrtps_c.dir/rosidl_typesupport_fastrtps_c/lgsvl_msgs/msg/detail/signal_array__type_support_c.cpp.o[0m
[7.237s] [ 82%] [32mBuilding CXX object CMakeFiles/lgsvl_msgs__rosidl_typesupport_fastrtps_c.dir/rosidl_typesupport_fastrtps_c/lgsvl_msgs/msg/detail/vehicle_control_data__type_support_c.cpp.o[0m
[7.242s] [ 83%] [32mBuilding CXX object CMakeFiles/lgsvl_msgs__rosidl_typesupport_fastrtps_c.dir/rosidl_typesupport_fastrtps_c/lgsvl_msgs/msg/detail/vehicle_state_data__type_support_c.cpp.o[0m
[7.246s] [ 83%] [32mBuilding CXX object CMakeFiles/lgsvl_msgs__rosidl_typesupport_fastrtps_c.dir/rosidl_typesupport_fastrtps_c/lgsvl_msgs/msg/detail/vehicle_odometry__type_support_c.cpp.o[0m
[7.530s] [ 84%] [32m[1mLinking CXX shared library liblgsvl_msgs__rosidl_typesupport_fastrtps_c.so[0m
[7.595s] [ 84%] Built target lgsvl_msgs__rosidl_typesupport_fastrtps_c
[7.601s] [35m[1mScanning dependencies of target lgsvl_msgs[0m
[7.609s] [ 84%] Built target lgsvl_msgs
[7.616s] [35m[1mScanning dependencies of target lgsvl_msgs__py[0m
[7.625s] [ 85%] [34m[1mGenerating Python code for ROS interfaces[0m
[9.509s] [ 85%] Built target lgsvl_msgs__py
[9.516s] [35m[1mScanning dependencies of target lgsvl_msgs__python[0m
[9.552s] [ 86%] [32mBuilding C object CMakeFiles/lgsvl_msgs__python.dir/rosidl_generator_py/lgsvl_msgs/msg/_bounding_box3_d_s.c.o[0m
[9.552s] [ 86%] [32mBuilding C object CMakeFiles/lgsvl_msgs__python.dir/rosidl_generator_py/lgsvl_msgs/msg/_bounding_box2_d_s.c.o[0m
[9.552s] [ 87%] [32mBuilding C object CMakeFiles/lgsvl_msgs__python.dir/rosidl_generator_py/lgsvl_msgs/msg/_can_bus_data_s.c.o[0m
[9.553s] [ 87%] [32mBuilding C object CMakeFiles/lgsvl_msgs__python.dir/rosidl_generator_py/lgsvl_msgs/msg/_detected_radar_object_s.c.o[0m
[9.553s] [ 88%] [32mBuilding C object CMakeFiles/lgsvl_msgs__python.dir/rosidl_generator_py/lgsvl_msgs/msg/_detected_radar_object_array_s.c.o[0m
[9.553s] [ 89%] [32mBuilding C object CMakeFiles/lgsvl_msgs__python.dir/rosidl_generator_py/lgsvl_msgs/msg/_detection2_d_array_s.c.o[0m
[9.553s] [ 89%] [32mBuilding C object CMakeFiles/lgsvl_msgs__python.dir/rosidl_generator_py/lgsvl_msgs/msg/_detection3_d_s.c.o[0m
[9.555s] [ 90%] [32mBuilding C object CMakeFiles/lgsvl_msgs__python.dir/rosidl_generator_py/lgsvl_msgs/msg/_detection2_d_s.c.o[0m
[9.555s] [ 92%] [32mBuilding C object CMakeFiles/lgsvl_msgs__python.dir/rosidl_generator_py/lgsvl_msgs/msg/_detection3_d_array_s.c.o[0m
[9.555s] [ 92%] [32mBuilding C object CMakeFiles/lgsvl_msgs__python.dir/rosidl_generator_py/lgsvl_msgs/msg/_signal_s.c.o[0m
[9.556s] [ 93%] [32mBuilding C object CMakeFiles/lgsvl_msgs__python.dir/rosidl_generator_py/lgsvl_msgs/msg/_signal_array_s.c.o[0m
[9.556s] [ 93%] [32mBuilding C object CMakeFiles/lgsvl_msgs__python.dir/rosidl_generator_py/lgsvl_msgs/msg/_ultrasonic_s.c.o[0m
[9.666s] [ 94%] [32mBuilding C object CMakeFiles/lgsvl_msgs__python.dir/rosidl_generator_py/lgsvl_msgs/msg/_vehicle_control_data_s.c.o[0m
[9.669s] [ 95%] [32mBuilding C object CMakeFiles/lgsvl_msgs__python.dir/rosidl_generator_py/lgsvl_msgs/msg/_vehicle_state_data_s.c.o[0m
[9.671s] [ 95%] [32mBuilding C object CMakeFiles/lgsvl_msgs__python.dir/rosidl_generator_py/lgsvl_msgs/msg/_vehicle_odometry_s.c.o[0m
[9.744s] [ 96%] [32m[1mLinking C shared library rosidl_generator_py/lgsvl_msgs/liblgsvl_msgs__python.so[0m
[9.780s] [ 96%] Built target lgsvl_msgs__python
[9.788s] [35m[1mScanning dependencies of target lgsvl_msgs__rosidl_typesupport_c__pyext[0m
[9.788s] [35m[1mScanning dependencies of target lgsvl_msgs__rosidl_typesupport_introspection_c__pyext[0m
[9.788s] [35m[1mScanning dependencies of target lgsvl_msgs__rosidl_typesupport_fastrtps_c__pyext[0m
[9.804s] [ 97%] [32mBuilding C object CMakeFiles/lgsvl_msgs__rosidl_typesupport_introspection_c__pyext.dir/rosidl_generator_py/lgsvl_msgs/_lgsvl_msgs_s.ep.rosidl_typesupport_introspection_c.c.o[0m
[9.804s] [ 98%] [32mBuilding C object CMakeFiles/lgsvl_msgs__rosidl_typesupport_c__pyext.dir/rosidl_generator_py/lgsvl_msgs/_lgsvl_msgs_s.ep.rosidl_typesupport_c.c.o[0m
[9.805s] [ 99%] [32mBuilding C object CMakeFiles/lgsvl_msgs__rosidl_typesupport_fastrtps_c__pyext.dir/rosidl_generator_py/lgsvl_msgs/_lgsvl_msgs_s.ep.rosidl_typesupport_fastrtps_c.c.o[0m
[9.898s] [100%] [32m[1mLinking C shared library rosidl_generator_py/lgsvl_msgs/lgsvl_msgs_s__rosidl_typesupport_c.cpython-38-x86_64-linux-gnu.so[0m
[9.898s] [100%] [32m[1mLinking C shared library rosidl_generator_py/lgsvl_msgs/lgsvl_msgs_s__rosidl_typesupport_introspection_c.cpython-38-x86_64-linux-gnu.so[0m
[9.900s] [100%] [32m[1mLinking CXX shared library rosidl_generator_py/lgsvl_msgs/lgsvl_msgs_s__rosidl_typesupport_fastrtps_c.cpython-38-x86_64-linux-gnu.so[0m
[9.932s] [100%] Built target lgsvl_msgs__rosidl_typesupport_c__pyext
[9.932s] [100%] Built target lgsvl_msgs__rosidl_typesupport_introspection_c__pyext
[9.955s] [100%] Built target lgsvl_msgs__rosidl_typesupport_fastrtps_c__pyext
[9.963s] Invoked command in '/home/acclivis/lgsvl_msgs/build/lgsvl_msgs' returned '0': CMAKE_PREFIX_PATH=${CMAKE_PREFIX_PATH}:/home/acclivis/Node/Node_path_planner_validation_ws/install/path_planner_validation:/home/acclivis/Node/Node_localization_validation_ws/install/localization_validation:/home/acclivis/Node/Node_control_validation_ws/install/control_validation:/home/acclivis/Node/Node_perception_validation_ws/install/perception_validation:/opt/ros/foxy /usr/bin/cmake --build /home/acclivis/lgsvl_msgs/build/lgsvl_msgs -- -j12 -l12
[10.138s] Invoking command in '/home/acclivis/lgsvl_msgs/build/lgsvl_msgs': CMAKE_PREFIX_PATH=${CMAKE_PREFIX_PATH}:/home/acclivis/Node/Node_path_planner_validation_ws/install/path_planner_validation:/home/acclivis/Node/Node_localization_validation_ws/install/localization_validation:/home/acclivis/Node/Node_control_validation_ws/install/control_validation:/home/acclivis/Node/Node_perception_validation_ws/install/perception_validation:/opt/ros/foxy /usr/bin/cmake --install /home/acclivis/lgsvl_msgs/build/lgsvl_msgs
[10.145s] -- Install configuration: ""
[10.145s] -- Installing: /home/acclivis/lgsvl_msgs/install/lgsvl_msgs/share/ament_index/resource_index/rosidl_interfaces/lgsvl_msgs
[10.145s] -- Installing: /home/acclivis/lgsvl_msgs/install/lgsvl_msgs/include/lgsvl_msgs
[10.145s] -- Installing: /home/acclivis/lgsvl_msgs/install/lgsvl_msgs/include/lgsvl_msgs/msg
[10.145s] -- Installing: /home/acclivis/lgsvl_msgs/install/lgsvl_msgs/include/lgsvl_msgs/msg/vehicle_control_data.h
[10.145s] -- Installing: /home/acclivis/lgsvl_msgs/install/lgsvl_msgs/include/lgsvl_msgs/msg/detection2_d_array.h
[10.145s] -- Installing: /home/acclivis/lgsvl_msgs/install/lgsvl_msgs/include/lgsvl_msgs/msg/signal.h
[10.146s] -- Installing: /home/acclivis/lgsvl_msgs/install/lgsvl_msgs/include/lgsvl_msgs/msg/bounding_box3_d.h
[10.146s] -- Installing: /home/acclivis/lgsvl_msgs/install/lgsvl_msgs/include/lgsvl_msgs/msg/vehicle_odometry.h
[10.146s] -- Installing: /home/acclivis/lgsvl_msgs/install/lgsvl_msgs/include/lgsvl_msgs/msg/detection3_d_array.h
[10.146s] -- Installing: /home/acclivis/lgsvl_msgs/install/lgsvl_msgs/include/lgsvl_msgs/msg/ultrasonic.h
[10.146s] -- Installing: /home/acclivis/lgsvl_msgs/install/lgsvl_msgs/include/lgsvl_msgs/msg/can_bus_data.h
[10.146s] -- Installing: /home/acclivis/lgsvl_msgs/install/lgsvl_msgs/include/lgsvl_msgs/msg/rosidl_generator_c__visibility_control.h
[10.146s] -- Installing: /home/acclivis/lgsvl_msgs/install/lgsvl_msgs/include/lgsvl_msgs/msg/vehicle_state_data.h
[10.146s] -- Installing: /home/acclivis/lgsvl_msgs/install/lgsvl_msgs/include/lgsvl_msgs/msg/signal_array.h
[10.146s] -- Installing: /home/acclivis/lgsvl_msgs/install/lgsvl_msgs/include/lgsvl_msgs/msg/detection2_d.h
[10.146s] -- Installing: /home/acclivis/lgsvl_msgs/install/lgsvl_msgs/include/lgsvl_msgs/msg/detail
[10.146s] -- Installing: /home/acclivis/lgsvl_msgs/install/lgsvl_msgs/include/lgsvl_msgs/msg/detail/detected_radar_object_array__functions.h
[10.146s] -- Installing: /home/acclivis/lgsvl_msgs/install/lgsvl_msgs/include/lgsvl_msgs/msg/detail/signal_array__struct.h
[10.146s] -- Installing: /home/acclivis/lgsvl_msgs/install/lgsvl_msgs/include/lgsvl_msgs/msg/detail/signal__struct.h
[10.146s] -- Installing: /home/acclivis/lgsvl_msgs/install/lgsvl_msgs/include/lgsvl_msgs/msg/detail/vehicle_control_data__functions.h
[10.147s] -- Installing: /home/acclivis/lgsvl_msgs/install/lgsvl_msgs/include/lgsvl_msgs/msg/detail/detection2_d__type_support.h
[10.147s] -- Installing: /home/acclivis/lgsvl_msgs/install/lgsvl_msgs/include/lgsvl_msgs/msg/detail/detected_radar_object__functions.c
[10.147s] -- Installing: /home/acclivis/lgsvl_msgs/install/lgsvl_msgs/include/lgsvl_msgs/msg/detail/vehicle_state_data__functions.h
[10.147s] -- Installing: /home/acclivis/lgsvl_msgs/install/lgsvl_msgs/include/lgsvl_msgs/msg/detail/detection2_d__functions.h
[10.147s] -- Installing: /home/acclivis/lgsvl_msgs/install/lgsvl_msgs/include/lgsvl_msgs/msg/detail/vehicle_state_data__functions.c
[10.147s] -- Installing: /home/acclivis/lgsvl_msgs/install/lgsvl_msgs/include/lgsvl_msgs/msg/detail/vehicle_odometry__functions.c
[10.147s] -- Installing: /home/acclivis/lgsvl_msgs/install/lgsvl_msgs/include/lgsvl_msgs/msg/detail/can_bus_data__struct.h
[10.147s] -- Installing: /home/acclivis/lgsvl_msgs/install/lgsvl_msgs/include/lgsvl_msgs/msg/detail/detection3_d_array__functions.h
[10.147s] -- Installing: /home/acclivis/lgsvl_msgs/install/lgsvl_msgs/include/lgsvl_msgs/msg/detail/signal__functions.c
[10.147s] -- Installing: /home/acclivis/lgsvl_msgs/install/lgsvl_msgs/include/lgsvl_msgs/msg/detail/vehicle_control_data__type_support.h
[10.147s] -- Installing: /home/acclivis/lgsvl_msgs/install/lgsvl_msgs/include/lgsvl_msgs/msg/detail/detection3_d_array__functions.c
[10.147s] -- Installing: /home/acclivis/lgsvl_msgs/install/lgsvl_msgs/include/lgsvl_msgs/msg/detail/vehicle_odometry__struct.h
[10.147s] -- Installing: /home/acclivis/lgsvl_msgs/install/lgsvl_msgs/include/lgsvl_msgs/msg/detail/ultrasonic__struct.h
[10.147s] -- Installing: /home/acclivis/lgsvl_msgs/install/lgsvl_msgs/include/lgsvl_msgs/msg/detail/vehicle_odometry__type_support.h
[10.147s] -- Installing: /home/acclivis/lgsvl_msgs/install/lgsvl_msgs/include/lgsvl_msgs/msg/detail/can_bus_data__type_support.h
[10.148s] -- Installing: /home/acclivis/lgsvl_msgs/install/lgsvl_msgs/include/lgsvl_msgs/msg/detail/can_bus_data__functions.c
[10.148s] -- Installing: /home/acclivis/lgsvl_msgs/install/lgsvl_msgs/include/lgsvl_msgs/msg/detail/detection3_d__struct.h
[10.148s] -- Installing: /home/acclivis/lgsvl_msgs/install/lgsvl_msgs/include/lgsvl_msgs/msg/detail/vehicle_state_data__struct.h
[10.148s] -- Installing: /home/acclivis/lgsvl_msgs/install/lgsvl_msgs/include/lgsvl_msgs/msg/detail/detection2_d_array__functions.c
[10.148s] -- Installing: /home/acclivis/lgsvl_msgs/install/lgsvl_msgs/include/lgsvl_msgs/msg/detail/vehicle_control_data__functions.c
[10.148s] -- Installing: /home/acclivis/lgsvl_msgs/install/lgsvl_msgs/include/lgsvl_msgs/msg/detail/signal__functions.h
[10.148s] -- Installing: /home/acclivis/lgsvl_msgs/install/lgsvl_msgs/include/lgsvl_msgs/msg/detail/ultrasonic__functions.h
[10.148s] -- Installing: /home/acclivis/lgsvl_msgs/install/lgsvl_msgs/include/lgsvl_msgs/msg/detail/detection3_d__functions.c
[10.148s] -- Installing: /home/acclivis/lgsvl_msgs/install/lgsvl_msgs/include/lgsvl_msgs/msg/detail/detection2_d_array__struct.h
[10.148s] -- Installing: /home/acclivis/lgsvl_msgs/install/lgsvl_msgs/include/lgsvl_msgs/msg/detail/detection2_d_array__type_support.h
[10.148s] -- Installing: /home/acclivis/lgsvl_msgs/install/lgsvl_msgs/include/lgsvl_msgs/msg/detail/detection3_d__type_support.h
[10.148s] -- Installing: /home/acclivis/lgsvl_msgs/install/lgsvl_msgs/include/lgsvl_msgs/msg/detail/bounding_box3_d__type_support.h
[10.148s] -- Installing: /home/acclivis/lgsvl_msgs/install/lgsvl_msgs/include/lgsvl_msgs/msg/detail/detection3_d_array__type_support.h
[10.148s] -- Installing: /home/acclivis/lgsvl_msgs/install/lgsvl_msgs/include/lgsvl_msgs/msg/detail/vehicle_control_data__struct.h
[10.148s] -- Installing: /home/acclivis/lgsvl_msgs/install/lgsvl_msgs/include/lgsvl_msgs/msg/detail/bounding_box2_d__struct.h
[10.148s] -- Installing: /home/acclivis/lgsvl_msgs/install/lgsvl_msgs/include/lgsvl_msgs/msg/detail/detection2_d__functions.c
[10.148s] -- Installing: /home/acclivis/lgsvl_msgs/install/lgsvl_msgs/include/lgsvl_msgs/msg/detail/detected_radar_object_array__functions.c
[10.149s] -- Installing: /home/acclivis/lgsvl_msgs/install/lgsvl_msgs/include/lgsvl_msgs/msg/detail/detection2_d__struct.h
[10.149s] -- Installing: /home/acclivis/lgsvl_msgs/install/lgsvl_msgs/include/lgsvl_msgs/msg/detail/detected_radar_object__type_support.h
[10.149s] -- Installing: /home/acclivis/lgsvl_msgs/install/lgsvl_msgs/include/lgsvl_msgs/msg/detail/signal__type_support.h
[10.149s] -- Installing: /home/acclivis/lgsvl_msgs/install/lgsvl_msgs/include/lgsvl_msgs/msg/detail/vehicle_odometry__functions.h
[10.149s] -- Installing: /home/acclivis/lgsvl_msgs/install/lgsvl_msgs/include/lgsvl_msgs/msg/detail/ultrasonic__type_support.h
[10.149s] -- Installing: /home/acclivis/lgsvl_msgs/install/lgsvl_msgs/include/lgsvl_msgs/msg/detail/detection3_d__functions.h
[10.149s] -- Installing: /home/acclivis/lgsvl_msgs/install/lgsvl_msgs/include/lgsvl_msgs/msg/detail/can_bus_data__functions.h
[10.149s] -- Installing: /home/acclivis/lgsvl_msgs/install/lgsvl_msgs/include/lgsvl_msgs/msg/detail/detection2_d_array__functions.h
[10.149s] -- Installing: /home/acclivis/lgsvl_msgs/install/lgsvl_msgs/include/lgsvl_msgs/msg/detail/detected_radar_object_array__type_support.h
[10.149s] -- Installing: /home/acclivis/lgsvl_msgs/install/lgsvl_msgs/include/lgsvl_msgs/msg/detail/signal_array__type_support.h
[10.149s] -- Installing: /home/acclivis/lgsvl_msgs/install/lgsvl_msgs/include/lgsvl_msgs/msg/detail/bounding_box2_d__functions.c
[10.149s] -- Installing: /home/acclivis/lgsvl_msgs/install/lgsvl_msgs/include/lgsvl_msgs/msg/detail/detected_radar_object__functions.h
[10.149s] -- Installing: /home/acclivis/lgsvl_msgs/install/lgsvl_msgs/include/lgsvl_msgs/msg/detail/detection3_d_array__struct.h
[10.149s] -- Installing: /home/acclivis/lgsvl_msgs/install/lgsvl_msgs/include/lgsvl_msgs/msg/detail/detected_radar_object__struct.h
[10.149s] -- Installing: /home/acclivis/lgsvl_msgs/install/lgsvl_msgs/include/lgsvl_msgs/msg/detail/bounding_box3_d__functions.c
[10.149s] -- Installing: /home/acclivis/lgsvl_msgs/install/lgsvl_msgs/include/lgsvl_msgs/msg/detail/signal_array__functions.c
[10.149s] -- Installing: /home/acclivis/lgsvl_msgs/install/lgsvl_msgs/include/lgsvl_msgs/msg/detail/bounding_box3_d__struct.h
[10.150s] -- Installing: /home/acclivis/lgsvl_msgs/install/lgsvl_msgs/include/lgsvl_msgs/msg/detail/vehicle_state_data__type_support.h
[10.150s] -- Installing: /home/acclivis/lgsvl_msgs/install/lgsvl_msgs/include/lgsvl_msgs/msg/detail/bounding_box3_d__functions.h
[10.150s] -- Installing: /home/acclivis/lgsvl_msgs/install/lgsvl_msgs/include/lgsvl_msgs/msg/detail/signal_array__functions.h
[10.150s] -- Installing: /home/acclivis/lgsvl_msgs/install/lgsvl_msgs/include/lgsvl_msgs/msg/detail/detected_radar_object_array__struct.h
[10.150s] -- Installing: /home/acclivis/lgsvl_msgs/install/lgsvl_msgs/include/lgsvl_msgs/msg/detail/bounding_box2_d__functions.h
[10.150s] -- Installing: /home/acclivis/lgsvl_msgs/install/lgsvl_msgs/include/lgsvl_msgs/msg/detail/ultrasonic__functions.c
[10.150s] -- Installing: /home/acclivis/lgsvl_msgs/install/lgsvl_msgs/include/lgsvl_msgs/msg/detail/bounding_box2_d__type_support.h
[10.150s] -- Installing: /home/acclivis/lgsvl_msgs/install/lgsvl_msgs/include/lgsvl_msgs/msg/detection3_d.h
[10.150s] -- Installing: /home/acclivis/lgsvl_msgs/install/lgsvl_msgs/include/lgsvl_msgs/msg/detected_radar_object_array.h
[10.150s] -- Installing: /home/acclivis/lgsvl_msgs/install/lgsvl_msgs/include/lgsvl_msgs/msg/bounding_box2_d.h
[10.150s] -- Installing: /home/acclivis/lgsvl_msgs/install/lgsvl_msgs/include/lgsvl_msgs/msg/detected_radar_object.h
[10.150s] -- Installing: /home/acclivis/lgsvl_msgs/install/lgsvl_msgs/share/lgsvl_msgs/environment/library_path.sh
[10.150s] -- Installing: /home/acclivis/lgsvl_msgs/install/lgsvl_msgs/share/lgsvl_msgs/environment/library_path.dsv
[10.150s] -- Installing: /home/acclivis/lgsvl_msgs/install/lgsvl_msgs/lib/liblgsvl_msgs__rosidl_generator_c.so
[10.151s] -- Set runtime path of "/home/acclivis/lgsvl_msgs/install/lgsvl_msgs/lib/liblgsvl_msgs__rosidl_generator_c.so" to ""
[10.151s] -- Up-to-date: /home/acclivis/lgsvl_msgs/install/lgsvl_msgs/include/lgsvl_msgs
[10.151s] -- Up-to-date: /home/acclivis/lgsvl_msgs/install/lgsvl_msgs/include/lgsvl_msgs/msg
[10.151s] -- Installing: /home/acclivis/lgsvl_msgs/install/lgsvl_msgs/include/lgsvl_msgs/msg/rosidl_typesupport_fastrtps_c__visibility_control.h
[10.151s] -- Up-to-date: /home/acclivis/lgsvl_msgs/install/lgsvl_msgs/include/lgsvl_msgs/msg/detail
[10.151s] -- Installing: /home/acclivis/lgsvl_msgs/install/lgsvl_msgs/include/lgsvl_msgs/msg/detail/detection3_d_array__rosidl_typesupport_fastrtps_c.h
[10.151s] -- Installing: /home/acclivis/lgsvl_msgs/install/lgsvl_msgs/include/lgsvl_msgs/msg/detail/can_bus_data__rosidl_typesupport_fastrtps_c.h
[10.151s] -- Installing: /home/acclivis/lgsvl_msgs/install/lgsvl_msgs/include/lgsvl_msgs/msg/detail/vehicle_odometry__rosidl_typesupport_fastrtps_c.h
[10.151s] -- Installing: /home/acclivis/lgsvl_msgs/install/lgsvl_msgs/include/lgsvl_msgs/msg/detail/vehicle_control_data__rosidl_typesupport_fastrtps_c.h
[10.151s] -- Installing: /home/acclivis/lgsvl_msgs/install/lgsvl_msgs/include/lgsvl_msgs/msg/detail/detection3_d__rosidl_typesupport_fastrtps_c.h
[10.151s] -- Installing: /home/acclivis/lgsvl_msgs/install/lgsvl_msgs/include/lgsvl_msgs/msg/detail/detection2_d_array__rosidl_typesupport_fastrtps_c.h
[10.151s] -- Installing: /home/acclivis/lgsvl_msgs/install/lgsvl_msgs/include/lgsvl_msgs/msg/detail/vehicle_state_data__rosidl_typesupport_fastrtps_c.h
[10.151s] -- Installing: /home/acclivis/lgsvl_msgs/install/lgsvl_msgs/include/lgsvl_msgs/msg/detail/detected_radar_object_array__rosidl_typesupport_fastrtps_c.h
[10.151s] -- Installing: /home/acclivis/lgsvl_msgs/install/lgsvl_msgs/include/lgsvl_msgs/msg/detail/signal__rosidl_typesupport_fastrtps_c.h
[10.151s] -- Installing: /home/acclivis/lgsvl_msgs/install/lgsvl_msgs/include/lgsvl_msgs/msg/detail/bounding_box3_d__rosidl_typesupport_fastrtps_c.h
[10.151s] -- Installing: /home/acclivis/lgsvl_msgs/install/lgsvl_msgs/include/lgsvl_msgs/msg/detail/detection2_d__rosidl_typesupport_fastrtps_c.h
[10.152s] -- Installing: /home/acclivis/lgsvl_msgs/install/lgsvl_msgs/include/lgsvl_msgs/msg/detail/signal_array__rosidl_typesupport_fastrtps_c.h
[10.152s] -- Installing: /home/acclivis/lgsvl_msgs/install/lgsvl_msgs/include/lgsvl_msgs/msg/detail/ultrasonic__rosidl_typesupport_fastrtps_c.h
[10.152s] -- Installing: /home/acclivis/lgsvl_msgs/install/lgsvl_msgs/include/lgsvl_msgs/msg/detail/bounding_box2_d__rosidl_typesupport_fastrtps_c.h
[10.152s] -- Installing: /home/acclivis/lgsvl_msgs/install/lgsvl_msgs/include/lgsvl_msgs/msg/detail/detected_radar_object__rosidl_typesupport_fastrtps_c.h
[10.152s] -- Installing: /home/acclivis/lgsvl_msgs/install/lgsvl_msgs/lib/liblgsvl_msgs__rosidl_typesupport_fastrtps_c.so
[10.152s] -- Set runtime path of "/home/acclivis/lgsvl_msgs/install/lgsvl_msgs/lib/liblgsvl_msgs__rosidl_typesupport_fastrtps_c.so" to ""
[10.152s] -- Up-to-date: /home/acclivis/lgsvl_msgs/install/lgsvl_msgs/include/lgsvl_msgs
[10.152s] -- Up-to-date: /home/acclivis/lgsvl_msgs/install/lgsvl_msgs/include/lgsvl_msgs/msg
[10.152s] -- Installing: /home/acclivis/lgsvl_msgs/install/lgsvl_msgs/include/lgsvl_msgs/msg/rosidl_typesupport_fastrtps_cpp__visibility_control.h
[10.152s] -- Up-to-date: /home/acclivis/lgsvl_msgs/install/lgsvl_msgs/include/lgsvl_msgs/msg/detail
[10.152s] -- Installing: /home/acclivis/lgsvl_msgs/install/lgsvl_msgs/include/lgsvl_msgs/msg/detail/vehicle_control_data__rosidl_typesupport_fastrtps_cpp.hpp
[10.152s] -- Installing: /home/acclivis/lgsvl_msgs/install/lgsvl_msgs/include/lgsvl_msgs/msg/detail/signal_array__rosidl_typesupport_fastrtps_cpp.hpp
[10.152s] -- Installing: /home/acclivis/lgsvl_msgs/install/lgsvl_msgs/include/lgsvl_msgs/msg/detail/detection3_d__rosidl_typesupport_fastrtps_cpp.hpp
[10.153s] -- Installing: /home/acclivis/lgsvl_msgs/install/lgsvl_msgs/include/lgsvl_msgs/msg/detail/ultrasonic__rosidl_typesupport_fastrtps_cpp.hpp
[10.153s] -- Installing: /home/acclivis/lgsvl_msgs/install/lgsvl_msgs/include/lgsvl_msgs/msg/detail/bounding_box3_d__rosidl_typesupport_fastrtps_cpp.hpp
[10.153s] -- Installing: /home/acclivis/lgsvl_msgs/install/lgsvl_msgs/include/lgsvl_msgs/msg/detail/can_bus_data__rosidl_typesupport_fastrtps_cpp.hpp
[10.153s] -- Installing: /home/acclivis/lgsvl_msgs/install/lgsvl_msgs/include/lgsvl_msgs/msg/detail/detection2_d__rosidl_typesupport_fastrtps_cpp.hpp
[10.153s] -- Installing: /home/acclivis/lgsvl_msgs/install/lgsvl_msgs/include/lgsvl_msgs/msg/detail/bounding_box2_d__rosidl_typesupport_fastrtps_cpp.hpp
[10.153s] -- Installing: /home/acclivis/lgsvl_msgs/install/lgsvl_msgs/include/lgsvl_msgs/msg/detail/detected_radar_object__rosidl_typesupport_fastrtps_cpp.hpp
[10.153s] -- Installing: /home/acclivis/lgsvl_msgs/install/lgsvl_msgs/include/lgsvl_msgs/msg/detail/dds_fastrtps
[10.153s] -- Installing: /home/acclivis/lgsvl_msgs/install/lgsvl_msgs/include/lgsvl_msgs/msg/detail/detection2_d_array__rosidl_typesupport_fastrtps_cpp.hpp
[10.153s] -- Installing: /home/acclivis/lgsvl_msgs/install/lgsvl_msgs/include/lgsvl_msgs/msg/detail/detection3_d_array__rosidl_typesupport_fastrtps_cpp.hpp
[10.153s] -- Installing: /home/acclivis/lgsvl_msgs/install/lgsvl_msgs/include/lgsvl_msgs/msg/detail/vehicle_odometry__rosidl_typesupport_fastrtps_cpp.hpp
[10.153s] -- Installing: /home/acclivis/lgsvl_msgs/install/lgsvl_msgs/include/lgsvl_msgs/msg/detail/signal__rosidl_typesupport_fastrtps_cpp.hpp
[10.153s] -- Installing: /home/acclivis/lgsvl_msgs/install/lgsvl_msgs/include/lgsvl_msgs/msg/detail/vehicle_state_data__rosidl_typesupport_fastrtps_cpp.hpp
[10.153s] -- Installing: /home/acclivis/lgsvl_msgs/install/lgsvl_msgs/include/lgsvl_msgs/msg/detail/detected_radar_object_array__rosidl_typesupport_fastrtps_cpp.hpp
[10.153s] -- Installing: /home/acclivis/lgsvl_msgs/install/lgsvl_msgs/lib/liblgsvl_msgs__rosidl_typesupport_fastrtps_cpp.so
[10.154s] -- Set runtime path of "/home/acclivis/lgsvl_msgs/install/lgsvl_msgs/lib/liblgsvl_msgs__rosidl_typesupport_fastrtps_cpp.so" to ""
[10.154s] -- Up-to-date: /home/acclivis/lgsvl_msgs/install/lgsvl_msgs/include/lgsvl_msgs
[10.154s] -- Up-to-date: /home/acclivis/lgsvl_msgs/install/lgsvl_msgs/include/lgsvl_msgs/msg
[10.154s] -- Up-to-date: /home/acclivis/lgsvl_msgs/install/lgsvl_msgs/include/lgsvl_msgs/msg/detail
[10.154s] -- Installing: /home/acclivis/lgsvl_msgs/install/lgsvl_msgs/include/lgsvl_msgs/msg/detail/detected_radar_object_array__rosidl_typesupport_introspection_c.h
[10.154s] -- Installing: /home/acclivis/lgsvl_msgs/install/lgsvl_msgs/include/lgsvl_msgs/msg/detail/detection2_d__rosidl_typesupport_introspection_c.h
[10.154s] -- Installing: /home/acclivis/lgsvl_msgs/install/lgsvl_msgs/include/lgsvl_msgs/msg/detail/detection2_d__type_support.c
[10.154s] -- Installing: /home/acclivis/lgsvl_msgs/install/lgsvl_msgs/include/lgsvl_msgs/msg/detail/bounding_box3_d__rosidl_typesupport_introspection_c.h
[10.154s] -- Installing: /home/acclivis/lgsvl_msgs/install/lgsvl_msgs/include/lgsvl_msgs/msg/detail/signal_array__type_support.c
[10.154s] -- Installing: /home/acclivis/lgsvl_msgs/install/lgsvl_msgs/include/lgsvl_msgs/msg/detail/detection3_d_array__rosidl_typesupport_introspection_c.h
[10.154s] -- Installing: /home/acclivis/lgsvl_msgs/install/lgsvl_msgs/include/lgsvl_msgs/msg/detail/detected_radar_object__rosidl_typesupport_introspection_c.h
[10.154s] -- Installing: /home/acclivis/lgsvl_msgs/install/lgsvl_msgs/include/lgsvl_msgs/msg/detail/can_bus_data__rosidl_typesupport_introspection_c.h
[10.154s] -- Installing: /home/acclivis/lgsvl_msgs/install/lgsvl_msgs/include/lgsvl_msgs/msg/detail/signal_array__rosidl_typesupport_introspection_c.h
[10.154s] -- Installing: /home/acclivis/lgsvl_msgs/install/lgsvl_msgs/include/lgsvl_msgs/msg/detail/bounding_box2_d__type_support.c
[10.155s] -- Installing: /home/acclivis/lgsvl_msgs/install/lgsvl_msgs/include/lgsvl_msgs/msg/detail/vehicle_odometry__type_support.c
[10.155s] -- Installing: /home/acclivis/lgsvl_msgs/install/lgsvl_msgs/include/lgsvl_msgs/msg/detail/vehicle_control_data__rosidl_typesupport_introspection_c.h
[10.155s] -- Installing: /home/acclivis/lgsvl_msgs/install/lgsvl_msgs/include/lgsvl_msgs/msg/detail/detected_radar_object_array__type_support.c
[10.155s] -- Installing: /home/acclivis/lgsvl_msgs/install/lgsvl_msgs/include/lgsvl_msgs/msg/detail/signal__rosidl_typesupport_introspection_c.h
[10.155s] -- Installing: /home/acclivis/lgsvl_msgs/install/lgsvl_msgs/include/lgsvl_msgs/msg/detail/vehicle_odometry__rosidl_typesupport_introspection_c.h
[10.155s] -- Installing: /home/acclivis/lgsvl_msgs/install/lgsvl_msgs/include/lgsvl_msgs/msg/detail/ultrasonic__type_support.c
[10.155s] -- Installing: /home/acclivis/lgsvl_msgs/install/lgsvl_msgs/include/lgsvl_msgs/msg/detail/vehicle_state_data__rosidl_typesupport_introspection_c.h
[10.155s] -- Installing: /home/acclivis/lgsvl_msgs/install/lgsvl_msgs/include/lgsvl_msgs/msg/detail/detection3_d__type_support.c
[10.155s] -- Installing: /home/acclivis/lgsvl_msgs/install/lgsvl_msgs/include/lgsvl_msgs/msg/detail/vehicle_state_data__type_support.c
[10.155s] -- Installing: /home/acclivis/lgsvl_msgs/install/lgsvl_msgs/include/lgsvl_msgs/msg/detail/bounding_box2_d__rosidl_typesupport_introspection_c.h
[10.155s] -- Installing: /home/acclivis/lgsvl_msgs/install/lgsvl_msgs/include/lgsvl_msgs/msg/detail/can_bus_data__type_support.c
[10.155s] -- Installing: /home/acclivis/lgsvl_msgs/install/lgsvl_msgs/include/lgsvl_msgs/msg/detail/ultrasonic__rosidl_typesupport_introspection_c.h
[10.155s] -- Installing: /home/acclivis/lgsvl_msgs/install/lgsvl_msgs/include/lgsvl_msgs/msg/detail/detection2_d_array__rosidl_typesupport_introspection_c.h
[10.155s] -- Installing: /home/acclivis/lgsvl_msgs/install/lgsvl_msgs/include/lgsvl_msgs/msg/detail/signal__type_support.c
[10.155s] -- Installing: /home/acclivis/lgsvl_msgs/install/lgsvl_msgs/include/lgsvl_msgs/msg/detail/bounding_box3_d__type_support.c
[10.155s] -- Installing: /home/acclivis/lgsvl_msgs/install/lgsvl_msgs/include/lgsvl_msgs/msg/detail/detection3_d_array__type_support.c
[10.155s] -- Installing: /home/acclivis/lgsvl_msgs/install/lgsvl_msgs/include/lgsvl_msgs/msg/detail/detected_radar_object__type_support.c
[10.156s] -- Installing: /home/acclivis/lgsvl_msgs/install/lgsvl_msgs/include/lgsvl_msgs/msg/detail/detection3_d__rosidl_typesupport_introspection_c.h
[10.156s] -- Installing: /home/acclivis/lgsvl_msgs/install/lgsvl_msgs/include/lgsvl_msgs/msg/detail/vehicle_control_data__type_support.c
[10.156s] -- Installing: /home/acclivis/lgsvl_msgs/install/lgsvl_msgs/include/lgsvl_msgs/msg/detail/detection2_d_array__type_support.c
[10.156s] -- Installing: /home/acclivis/lgsvl_msgs/install/lgsvl_msgs/include/lgsvl_msgs/msg/rosidl_typesupport_introspection_c__visibility_control.h
[10.156s] -- Installing: /home/acclivis/lgsvl_msgs/install/lgsvl_msgs/lib/liblgsvl_msgs__rosidl_typesupport_introspection_c.so
[10.156s] -- Set runtime path of "/home/acclivis/lgsvl_msgs/install/lgsvl_msgs/lib/liblgsvl_msgs__rosidl_typesupport_introspection_c.so" to ""
[10.156s] -- Installing: /home/acclivis/lgsvl_msgs/install/lgsvl_msgs/lib/liblgsvl_msgs__rosidl_typesupport_c.so
[10.156s] -- Set runtime path of "/home/acclivis/lgsvl_msgs/install/lgsvl_msgs/lib/liblgsvl_msgs__rosidl_typesupport_c.so" to ""
[10.157s] -- Up-to-date: /home/acclivis/lgsvl_msgs/install/lgsvl_msgs/include/lgsvl_msgs
[10.157s] -- Up-to-date: /home/acclivis/lgsvl_msgs/install/lgsvl_msgs/include/lgsvl_msgs/msg
[10.157s] -- Installing: /home/acclivis/lgsvl_msgs/install/lgsvl_msgs/include/lgsvl_msgs/msg/vehicle_odometry.hpp
[10.157s] -- Installing: /home/acclivis/lgsvl_msgs/install/lgsvl_msgs/include/lgsvl_msgs/msg/detection2_d.hpp
[10.157s] -- Installing: /home/acclivis/lgsvl_msgs/install/lgsvl_msgs/include/lgsvl_msgs/msg/vehicle_state_data.hpp
[10.157s] -- Installing: /home/acclivis/lgsvl_msgs/install/lgsvl_msgs/include/lgsvl_msgs/msg/bounding_box2_d.hpp
[10.157s] -- Installing: /home/acclivis/lgsvl_msgs/install/lgsvl_msgs/include/lgsvl_msgs/msg/detection2_d_array.hpp
[10.157s] -- Installing: /home/acclivis/lgsvl_msgs/install/lgsvl_msgs/include/lgsvl_msgs/msg/bounding_box3_d.hpp
[10.157s] -- Installing: /home/acclivis/lgsvl_msgs/install/lgsvl_msgs/include/lgsvl_msgs/msg/ultrasonic.hpp
[10.157s] -- Installing: /home/acclivis/lgsvl_msgs/install/lgsvl_msgs/include/lgsvl_msgs/msg/detected_radar_object_array.hpp
[10.157s] -- Installing: /home/acclivis/lgsvl_msgs/install/lgsvl_msgs/include/lgsvl_msgs/msg/detection3_d_array.hpp
[10.157s] -- Installing: /home/acclivis/lgsvl_msgs/install/lgsvl_msgs/include/lgsvl_msgs/msg/signal_array.hpp
[10.157s] -- Installing: /home/acclivis/lgsvl_msgs/install/lgsvl_msgs/include/lgsvl_msgs/msg/vehicle_control_data.hpp
[10.157s] -- Up-to-date: /home/acclivis/lgsvl_msgs/install/lgsvl_msgs/include/lgsvl_msgs/msg/detail
[10.157s] -- Installing: /home/acclivis/lgsvl_msgs/install/lgsvl_msgs/include/lgsvl_msgs/msg/detail/signal_array__traits.hpp
[10.157s] -- Installing: /home/acclivis/lgsvl_msgs/install/lgsvl_msgs/include/lgsvl_msgs/msg/detail/detected_radar_object_array__traits.hpp
[10.158s] -- Installing: /home/acclivis/lgsvl_msgs/install/lgsvl_msgs/include/lgsvl_msgs/msg/detail/signal__traits.hpp
[10.158s] -- Installing: /home/acclivis/lgsvl_msgs/install/lgsvl_msgs/include/lgsvl_msgs/msg/detail/signal__struct.hpp
[10.158s] -- Installing: /home/acclivis/lgsvl_msgs/install/lgsvl_msgs/include/lgsvl_msgs/msg/detail/bounding_box3_d__struct.hpp
[10.158s] -- Installing: /home/acclivis/lgsvl_msgs/install/lgsvl_msgs/include/lgsvl_msgs/msg/detail/can_bus_data__traits.hpp
[10.158s] -- Installing: /home/acclivis/lgsvl_msgs/install/lgsvl_msgs/include/lgsvl_msgs/msg/detail/bounding_box2_d__traits.hpp
[10.158s] -- Installing: /home/acclivis/lgsvl_msgs/install/lgsvl_msgs/include/lgsvl_msgs/msg/detail/vehicle_control_data__struct.hpp
[10.158s] -- Installing: /home/acclivis/lgsvl_msgs/install/lgsvl_msgs/include/lgsvl_msgs/msg/detail/detected_radar_object__traits.hpp
[10.158s] -- Installing: /home/acclivis/lgsvl_msgs/install/lgsvl_msgs/include/lgsvl_msgs/msg/detail/vehicle_odometry__builder.hpp
[10.158s] -- Installing: /home/acclivis/lgsvl_msgs/install/lgsvl_msgs/include/lgsvl_msgs/msg/detail/detection3_d_array__builder.hpp
[10.158s] -- Installing: /home/acclivis/lgsvl_msgs/install/lgsvl_msgs/include/lgsvl_msgs/msg/detail/bounding_box3_d__traits.hpp
[10.158s] -- Installing: /home/acclivis/lgsvl_msgs/install/lgsvl_msgs/include/lgsvl_msgs/msg/detail/bounding_box2_d__struct.hpp
[10.158s] -- Installing: /home/acclivis/lgsvl_msgs/install/lgsvl_msgs/include/lgsvl_msgs/msg/detail/detection3_d__builder.hpp
[10.158s] -- Installing: /home/acclivis/lgsvl_msgs/install/lgsvl_msgs/include/lgsvl_msgs/msg/detail/can_bus_data__struct.hpp
[10.158s] -- Installing: /home/acclivis/lgsvl_msgs/install/lgsvl_msgs/include/lgsvl_msgs/msg/detail/detection3_d__struct.hpp
[10.158s] -- Installing: /home/acclivis/lgsvl_msgs/install/lgsvl_msgs/include/lgsvl_msgs/msg/detail/detection3_d_array__traits.hpp
[10.158s] -- Installing: /home/acclivis/lgsvl_msgs/install/lgsvl_msgs/include/lgsvl_msgs/msg/detail/bounding_box2_d__builder.hpp
[10.158s] -- Installing: /home/acclivis/lgsvl_msgs/install/lgsvl_msgs/include/lgsvl_msgs/msg/detail/bounding_box3_d__builder.hpp
[10.159s] -- Installing: /home/acclivis/lgsvl_msgs/install/lgsvl_msgs/include/lgsvl_msgs/msg/detail/signal_array__struct.hpp
[10.159s] -- Installing: /home/acclivis/lgsvl_msgs/install/lgsvl_msgs/include/lgsvl_msgs/msg/detail/detected_radar_object__builder.hpp
[10.159s] -- Installing: /home/acclivis/lgsvl_msgs/install/lgsvl_msgs/include/lgsvl_msgs/msg/detail/detection2_d_array__builder.hpp
[10.159s] -- Installing: /home/acclivis/lgsvl_msgs/install/lgsvl_msgs/include/lgsvl_msgs/msg/detail/vehicle_state_data__struct.hpp
[10.159s] -- Installing: /home/acclivis/lgsvl_msgs/install/lgsvl_msgs/include/lgsvl_msgs/msg/detail/signal__builder.hpp
[10.159s] -- Installing: /home/acclivis/lgsvl_msgs/install/lgsvl_msgs/include/lgsvl_msgs/msg/detail/can_bus_data__builder.hpp
[10.159s] -- Installing: /home/acclivis/lgsvl_msgs/install/lgsvl_msgs/include/lgsvl_msgs/msg/detail/vehicle_odometry__traits.hpp
[10.159s] -- Installing: /home/acclivis/lgsvl_msgs/install/lgsvl_msgs/include/lgsvl_msgs/msg/detail/detection2_d__builder.hpp
[10.159s] -- Installing: /home/acclivis/lgsvl_msgs/install/lgsvl_msgs/include/lgsvl_msgs/msg/detail/vehicle_odometry__struct.hpp
[10.159s] -- Installing: /home/acclivis/lgsvl_msgs/install/lgsvl_msgs/include/lgsvl_msgs/msg/detail/detection3_d__traits.hpp
[10.159s] -- Installing: /home/acclivis/lgsvl_msgs/install/lgsvl_msgs/include/lgsvl_msgs/msg/detail/ultrasonic__builder.hpp
[10.159s] -- Installing: /home/acclivis/lgsvl_msgs/install/lgsvl_msgs/include/lgsvl_msgs/msg/detail/detected_radar_object_array__builder.hpp
[10.159s] -- Installing: /home/acclivis/lgsvl_msgs/install/lgsvl_msgs/include/lgsvl_msgs/msg/detail/detection2_d_array__traits.hpp
[10.159s] -- Installing: /home/acclivis/lgsvl_msgs/install/lgsvl_msgs/include/lgsvl_msgs/msg/detail/detected_radar_object__struct.hpp
[10.159s] -- Installing: /home/acclivis/lgsvl_msgs/install/lgsvl_msgs/include/lgsvl_msgs/msg/detail/vehicle_control_data__traits.hpp
[10.159s] -- Installing: /home/acclivis/lgsvl_msgs/install/lgsvl_msgs/include/lgsvl_msgs/msg/detail/signal_array__builder.hpp
[10.160s] -- Installing: /home/acclivis/lgsvl_msgs/install/lgsvl_msgs/include/lgsvl_msgs/msg/detail/detection2_d_array__struct.hpp
[10.160s] -- Installing: /home/acclivis/lgsvl_msgs/install/lgsvl_msgs/include/lgsvl_msgs/msg/detail/vehicle_control_data__builder.hpp
[10.160s] -- Installing: /home/acclivis/lgsvl_msgs/install/lgsvl_msgs/include/lgsvl_msgs/msg/detail/ultrasonic__traits.hpp
[10.160s] -- Installing: /home/acclivis/lgsvl_msgs/install/lgsvl_msgs/include/lgsvl_msgs/msg/detail/detection3_d_array__struct.hpp
[10.160s] -- Installing: /home/acclivis/lgsvl_msgs/install/lgsvl_msgs/include/lgsvl_msgs/msg/detail/detection2_d__struct.hpp
[10.160s] -- Installing: /home/acclivis/lgsvl_msgs/install/lgsvl_msgs/include/lgsvl_msgs/msg/detail/vehicle_state_data__traits.hpp
[10.160s] -- Installing: /home/acclivis/lgsvl_msgs/install/lgsvl_msgs/include/lgsvl_msgs/msg/detail/detected_radar_object_array__struct.hpp
[10.160s] -- Installing: /home/acclivis/lgsvl_msgs/install/lgsvl_msgs/include/lgsvl_msgs/msg/detail/ultrasonic__struct.hpp
[10.160s] -- Installing: /home/acclivis/lgsvl_msgs/install/lgsvl_msgs/include/lgsvl_msgs/msg/detail/detection2_d__traits.hpp
[10.160s] -- Installing: /home/acclivis/lgsvl_msgs/install/lgsvl_msgs/include/lgsvl_msgs/msg/detail/vehicle_state_data__builder.hpp
[10.160s] -- Installing: /home/acclivis/lgsvl_msgs/install/lgsvl_msgs/include/lgsvl_msgs/msg/detection3_d.hpp
[10.160s] -- Installing: /home/acclivis/lgsvl_msgs/install/lgsvl_msgs/include/lgsvl_msgs/msg/can_bus_data.hpp
[10.160s] -- Installing: /home/acclivis/lgsvl_msgs/install/lgsvl_msgs/include/lgsvl_msgs/msg/detected_radar_object.hpp
[10.160s] -- Installing: /home/acclivis/lgsvl_msgs/install/lgsvl_msgs/include/lgsvl_msgs/msg/signal.hpp
[10.160s] -- Up-to-date: /home/acclivis/lgsvl_msgs/install/lgsvl_msgs/include/lgsvl_msgs
[10.160s] -- Up-to-date: /home/acclivis/lgsvl_msgs/install/lgsvl_msgs/include/lgsvl_msgs/msg
[10.161s] -- Up-to-date: /home/acclivis/lgsvl_msgs/install/lgsvl_msgs/include/lgsvl_msgs/msg/detail
[10.161s] -- Installing: /home/acclivis/lgsvl_msgs/install/lgsvl_msgs/include/lgsvl_msgs/msg/detail/vehicle_odometry__type_support.cpp
[10.161s] -- Installing: /home/acclivis/lgsvl_msgs/install/lgsvl_msgs/include/lgsvl_msgs/msg/detail/bounding_box3_d__rosidl_typesupport_introspection_cpp.hpp
[10.161s] -- Installing: /home/acclivis/lgsvl_msgs/install/lgsvl_msgs/include/lgsvl_msgs/msg/detail/vehicle_state_data__rosidl_typesupport_introspection_cpp.hpp
[10.161s] -- Installing: /home/acclivis/lgsvl_msgs/install/lgsvl_msgs/include/lgsvl_msgs/msg/detail/bounding_box3_d__type_support.cpp
[10.161s] -- Installing: /home/acclivis/lgsvl_msgs/install/lgsvl_msgs/include/lgsvl_msgs/msg/detail/ultrasonic__rosidl_typesupport_introspection_cpp.hpp
[10.161s] -- Installing: /home/acclivis/lgsvl_msgs/install/lgsvl_msgs/include/lgsvl_msgs/msg/detail/detection2_d_array__type_support.cpp
[10.161s] -- Installing: /home/acclivis/lgsvl_msgs/install/lgsvl_msgs/include/lgsvl_msgs/msg/detail/detection2_d__rosidl_typesupport_introspection_cpp.hpp
[10.161s] -- Installing: /home/acclivis/lgsvl_msgs/install/lgsvl_msgs/include/lgsvl_msgs/msg/detail/vehicle_control_data__rosidl_typesupport_introspection_cpp.hpp
[10.161s] -- Installing: /home/acclivis/lgsvl_msgs/install/lgsvl_msgs/include/lgsvl_msgs/msg/detail/detected_radar_object__rosidl_typesupport_introspection_cpp.hpp
[10.161s] -- Installing: /home/acclivis/lgsvl_msgs/install/lgsvl_msgs/include/lgsvl_msgs/msg/detail/ultrasonic__type_support.cpp
[10.161s] -- Installing: /home/acclivis/lgsvl_msgs/install/lgsvl_msgs/include/lgsvl_msgs/msg/detail/vehicle_odometry__rosidl_typesupport_introspection_cpp.hpp
[10.161s] -- Installing: /home/acclivis/lgsvl_msgs/install/lgsvl_msgs/include/lgsvl_msgs/msg/detail/detection3_d_array__type_support.cpp
[10.161s] -- Installing: /home/acclivis/lgsvl_msgs/install/lgsvl_msgs/include/lgsvl_msgs/msg/detail/can_bus_data__type_support.cpp
[10.161s] -- Installing: /home/acclivis/lgsvl_msgs/install/lgsvl_msgs/include/lgsvl_msgs/msg/detail/signal__type_support.cpp
[10.161s] -- Installing: /home/acclivis/lgsvl_msgs/install/lgsvl_msgs/include/lgsvl_msgs/msg/detail/can_bus_data__rosidl_typesupport_introspection_cpp.hpp
[10.161s] -- Installing: /home/acclivis/lgsvl_msgs/install/lgsvl_msgs/include/lgsvl_msgs/msg/detail/detected_radar_object_array__type_support.cpp
[10.162s] -- Installing: /home/acclivis/lgsvl_msgs/install/lgsvl_msgs/include/lgsvl_msgs/msg/detail/bounding_box2_d__type_support.cpp
[10.162s] -- Installing: /home/acclivis/lgsvl_msgs/install/lgsvl_msgs/include/lgsvl_msgs/msg/detail/detection2_d_array__rosidl_typesupport_introspection_cpp.hpp
[10.162s] -- Installing: /home/acclivis/lgsvl_msgs/install/lgsvl_msgs/include/lgsvl_msgs/msg/detail/detection3_d__type_support.cpp
[10.162s] -- Installing: /home/acclivis/lgsvl_msgs/install/lgsvl_msgs/include/lgsvl_msgs/msg/detail/bounding_box2_d__rosidl_typesupport_introspection_cpp.hpp
[10.162s] -- Installing: /home/acclivis/lgsvl_msgs/install/lgsvl_msgs/include/lgsvl_msgs/msg/detail/detection3_d_array__rosidl_typesupport_introspection_cpp.hpp
[10.162s] -- Installing: /home/acclivis/lgsvl_msgs/install/lgsvl_msgs/include/lgsvl_msgs/msg/detail/signal_array__rosidl_typesupport_introspection_cpp.hpp
[10.162s] -- Installing: /home/acclivis/lgsvl_msgs/install/lgsvl_msgs/include/lgsvl_msgs/msg/detail/detection2_d__type_support.cpp
[10.162s] -- Installing: /home/acclivis/lgsvl_msgs/install/lgsvl_msgs/include/lgsvl_msgs/msg/detail/signal__rosidl_typesupport_introspection_cpp.hpp
[10.162s] -- Installing: /home/acclivis/lgsvl_msgs/install/lgsvl_msgs/include/lgsvl_msgs/msg/detail/detected_radar_object__type_support.cpp
[10.162s] -- Installing: /home/acclivis/lgsvl_msgs/install/lgsvl_msgs/include/lgsvl_msgs/msg/detail/detected_radar_object_array__rosidl_typesupport_introspection_cpp.hpp
[10.162s] -- Installing: /home/acclivis/lgsvl_msgs/install/lgsvl_msgs/include/lgsvl_msgs/msg/detail/signal_array__type_support.cpp
[10.162s] -- Installing: /home/acclivis/lgsvl_msgs/install/lgsvl_msgs/include/lgsvl_msgs/msg/detail/detection3_d__rosidl_typesupport_introspection_cpp.hpp
[10.162s] -- Installing: /home/acclivis/lgsvl_msgs/install/lgsvl_msgs/include/lgsvl_msgs/msg/detail/vehicle_state_data__type_support.cpp
[10.162s] -- Installing: /home/acclivis/lgsvl_msgs/install/lgsvl_msgs/include/lgsvl_msgs/msg/detail/vehicle_control_data__type_support.cpp
[10.163s] -- Installing: /home/acclivis/lgsvl_msgs/install/lgsvl_msgs/lib/liblgsvl_msgs__rosidl_typesupport_introspection_cpp.so
[10.163s] -- Set runtime path of "/home/acclivis/lgsvl_msgs/install/lgsvl_msgs/lib/liblgsvl_msgs__rosidl_typesupport_introspection_cpp.so" to ""
[10.163s] -- Installing: /home/acclivis/lgsvl_msgs/install/lgsvl_msgs/lib/liblgsvl_msgs__rosidl_typesupport_cpp.so
[10.163s] -- Set runtime path of "/home/acclivis/lgsvl_msgs/install/lgsvl_msgs/lib/liblgsvl_msgs__rosidl_typesupport_cpp.so" to ""
[10.163s] -- Installing: /home/acclivis/lgsvl_msgs/install/lgsvl_msgs/share/lgsvl_msgs/environment/pythonpath.sh
[10.163s] -- Installing: /home/acclivis/lgsvl_msgs/install/lgsvl_msgs/share/lgsvl_msgs/environment/pythonpath.dsv
[10.164s] -- Installing: /home/acclivis/lgsvl_msgs/install/lgsvl_msgs/lib/python3.8/site-packages/lgsvl_msgs/__init__.py
[10.188s] Compiling '/home/acclivis/lgsvl_msgs/install/lgsvl_msgs/lib/python3.8/site-packages/lgsvl_msgs/__init__.py'...
[10.191s] -- Installing: /home/acclivis/lgsvl_msgs/install/lgsvl_msgs/lib/python3.8/site-packages/lgsvl_msgs/msg
[10.191s] -- Installing: /home/acclivis/lgsvl_msgs/install/lgsvl_msgs/lib/python3.8/site-packages/lgsvl_msgs/msg/_vehicle_state_data_s.c
[10.191s] -- Installing: /home/acclivis/lgsvl_msgs/install/lgsvl_msgs/lib/python3.8/site-packages/lgsvl_msgs/msg/_detection3_d_array_s.c
[10.191s] -- Installing: /home/acclivis/lgsvl_msgs/install/lgsvl_msgs/lib/python3.8/site-packages/lgsvl_msgs/msg/_detection3_d_array.py
[10.191s] -- Installing: /home/acclivis/lgsvl_msgs/install/lgsvl_msgs/lib/python3.8/site-packages/lgsvl_msgs/msg/_signal.py
[10.191s] -- Installing: /home/acclivis/lgsvl_msgs/install/lgsvl_msgs/lib/python3.8/site-packages/lgsvl_msgs/msg/_vehicle_control_data_s.c
[10.191s] -- Installing: /home/acclivis/lgsvl_msgs/install/lgsvl_msgs/lib/python3.8/site-packages/lgsvl_msgs/msg/_vehicle_odometry.py
[10.191s] -- Installing: /home/acclivis/lgsvl_msgs/install/lgsvl_msgs/lib/python3.8/site-packages/lgsvl_msgs/msg/_detected_radar_object.py
[10.191s] -- Installing: /home/acclivis/lgsvl_msgs/install/lgsvl_msgs/lib/python3.8/site-packages/lgsvl_msgs/msg/_signal_s.c
[10.191s] -- Installing: /home/acclivis/lgsvl_msgs/install/lgsvl_msgs/lib/python3.8/site-packages/lgsvl_msgs/msg/_detection3_d_s.c
[10.192s] -- Installing: /home/acclivis/lgsvl_msgs/install/lgsvl_msgs/lib/python3.8/site-packages/lgsvl_msgs/msg/_detected_radar_object_array.py
[10.192s] -- Installing: /home/acclivis/lgsvl_msgs/install/lgsvl_msgs/lib/python3.8/site-packages/lgsvl_msgs/msg/_vehicle_odometry_s.c
[10.192s] -- Installing: /home/acclivis/lgsvl_msgs/install/lgsvl_msgs/lib/python3.8/site-packages/lgsvl_msgs/msg/_signal_array.py
[10.192s] -- Installing: /home/acclivis/lgsvl_msgs/install/lgsvl_msgs/lib/python3.8/site-packages/lgsvl_msgs/msg/_detection2_d.py
[10.192s] -- Installing: /home/acclivis/lgsvl_msgs/install/lgsvl_msgs/lib/python3.8/site-packages/lgsvl_msgs/msg/_detected_radar_object_s.c
[10.192s] -- Installing: /home/acclivis/lgsvl_msgs/install/lgsvl_msgs/lib/python3.8/site-packages/lgsvl_msgs/msg/_ultrasonic.py
[10.192s] -- Installing: /home/acclivis/lgsvl_msgs/install/lgsvl_msgs/lib/python3.8/site-packages/lgsvl_msgs/msg/_detected_radar_object_array_s.c
[10.192s] -- Installing: /home/acclivis/lgsvl_msgs/install/lgsvl_msgs/lib/python3.8/site-packages/lgsvl_msgs/msg/__init__.py
[10.192s] -- Installing: /home/acclivis/lgsvl_msgs/install/lgsvl_msgs/lib/python3.8/site-packages/lgsvl_msgs/msg/_ultrasonic_s.c
[10.192s] -- Installing: /home/acclivis/lgsvl_msgs/install/lgsvl_msgs/lib/python3.8/site-packages/lgsvl_msgs/msg/_detection2_d_s.c
[10.192s] -- Installing: /home/acclivis/lgsvl_msgs/install/lgsvl_msgs/lib/python3.8/site-packages/lgsvl_msgs/msg/_detection3_d.py
[10.192s] -- Installing: /home/acclivis/lgsvl_msgs/install/lgsvl_msgs/lib/python3.8/site-packages/lgsvl_msgs/msg/_vehicle_state_data.py
[10.192s] -- Installing: /home/acclivis/lgsvl_msgs/install/lgsvl_msgs/lib/python3.8/site-packages/lgsvl_msgs/msg/_detection2_d_array.py
[10.193s] -- Installing: /home/acclivis/lgsvl_msgs/install/lgsvl_msgs/lib/python3.8/site-packages/lgsvl_msgs/msg/_can_bus_data_s.c
[10.193s] -- Installing: /home/acclivis/lgsvl_msgs/install/lgsvl_msgs/lib/python3.8/site-packages/lgsvl_msgs/msg/_detection2_d_array_s.c
[10.193s] -- Installing: /home/acclivis/lgsvl_msgs/install/lgsvl_msgs/lib/python3.8/site-packages/lgsvl_msgs/msg/_vehicle_control_data.py
[10.193s] -- Installing: /home/acclivis/lgsvl_msgs/install/lgsvl_msgs/lib/python3.8/site-packages/lgsvl_msgs/msg/_bounding_box2_d.py
[10.193s] -- Installing: /home/acclivis/lgsvl_msgs/install/lgsvl_msgs/lib/python3.8/site-packages/lgsvl_msgs/msg/_bounding_box3_d.py
[10.193s] -- Installing: /home/acclivis/lgsvl_msgs/install/lgsvl_msgs/lib/python3.8/site-packages/lgsvl_msgs/msg/_can_bus_data.py
[10.193s] -- Installing: /home/acclivis/lgsvl_msgs/install/lgsvl_msgs/lib/python3.8/site-packages/lgsvl_msgs/msg/_signal_array_s.c
[10.193s] -- Installing: /home/acclivis/lgsvl_msgs/install/lgsvl_msgs/lib/python3.8/site-packages/lgsvl_msgs/msg/_bounding_box2_d_s.c
[10.193s] -- Installing: /home/acclivis/lgsvl_msgs/install/lgsvl_msgs/lib/python3.8/site-packages/lgsvl_msgs/msg/_bounding_box3_d_s.c
[10.193s] -- Installing: /home/acclivis/lgsvl_msgs/install/lgsvl_msgs/lib/python3.8/site-packages/lgsvl_msgs/lgsvl_msgs_s__rosidl_typesupport_fastrtps_c.cpython-38-x86_64-linux-gnu.so
[10.193s] -- Set runtime path of "/home/acclivis/lgsvl_msgs/install/lgsvl_msgs/lib/python3.8/site-packages/lgsvl_msgs/lgsvl_msgs_s__rosidl_typesupport_fastrtps_c.cpython-38-x86_64-linux-gnu.so" to ""
[10.193s] -- Installing: /home/acclivis/lgsvl_msgs/install/lgsvl_msgs/lib/python3.8/site-packages/lgsvl_msgs/lgsvl_msgs_s__rosidl_typesupport_introspection_c.cpython-38-x86_64-linux-gnu.so
[10.194s] -- Set runtime path of "/home/acclivis/lgsvl_msgs/install/lgsvl_msgs/lib/python3.8/site-packages/lgsvl_msgs/lgsvl_msgs_s__rosidl_typesupport_introspection_c.cpython-38-x86_64-linux-gnu.so" to ""
[10.194s] -- Installing: /home/acclivis/lgsvl_msgs/install/lgsvl_msgs/lib/python3.8/site-packages/lgsvl_msgs/lgsvl_msgs_s__rosidl_typesupport_c.cpython-38-x86_64-linux-gnu.so
[10.194s] -- Set runtime path of "/home/acclivis/lgsvl_msgs/install/lgsvl_msgs/lib/python3.8/site-packages/lgsvl_msgs/lgsvl_msgs_s__rosidl_typesupport_c.cpython-38-x86_64-linux-gnu.so" to ""
[10.194s] -- Installing: /home/acclivis/lgsvl_msgs/install/lgsvl_msgs/lib/liblgsvl_msgs__python.so
[10.194s] -- Set runtime path of "/home/acclivis/lgsvl_msgs/install/lgsvl_msgs/lib/liblgsvl_msgs__python.so" to ""
[10.195s] -- Installing: /home/acclivis/lgsvl_msgs/install/lgsvl_msgs/share/lgsvl_msgs/msg/BoundingBox2D.idl
[10.195s] -- Installing: /home/acclivis/lgsvl_msgs/install/lgsvl_msgs/share/lgsvl_msgs/msg/BoundingBox3D.idl
[10.195s] -- Installing: /home/acclivis/lgsvl_msgs/install/lgsvl_msgs/share/lgsvl_msgs/msg/CanBusData.idl
[10.195s] -- Installing: /home/acclivis/lgsvl_msgs/install/lgsvl_msgs/share/lgsvl_msgs/msg/DetectedRadarObjectArray.idl
[10.195s] -- Installing: /home/acclivis/lgsvl_msgs/install/lgsvl_msgs/share/lgsvl_msgs/msg/DetectedRadarObject.idl
[10.195s] -- Installing: /home/acclivis/lgsvl_msgs/install/lgsvl_msgs/share/lgsvl_msgs/msg/Detection2D.idl
[10.195s] -- Installing: /home/acclivis/lgsvl_msgs/install/lgsvl_msgs/share/lgsvl_msgs/msg/Detection2DArray.idl
[10.195s] -- Installing: /home/acclivis/lgsvl_msgs/install/lgsvl_msgs/share/lgsvl_msgs/msg/Detection3D.idl
[10.195s] -- Installing: /home/acclivis/lgsvl_msgs/install/lgsvl_msgs/share/lgsvl_msgs/msg/Detection3DArray.idl
[10.195s] -- Installing: /home/acclivis/lgsvl_msgs/install/lgsvl_msgs/share/lgsvl_msgs/msg/Signal.idl
[10.195s] -- Installing: /home/acclivis/lgsvl_msgs/install/lgsvl_msgs/share/lgsvl_msgs/msg/SignalArray.idl
[10.196s] -- Installing: /home/acclivis/lgsvl_msgs/install/lgsvl_msgs/share/lgsvl_msgs/msg/Ultrasonic.idl
[10.196s] -- Installing: /home/acclivis/lgsvl_msgs/install/lgsvl_msgs/share/lgsvl_msgs/msg/VehicleControlData.idl
[10.196s] -- Installing: /home/acclivis/lgsvl_msgs/install/lgsvl_msgs/share/lgsvl_msgs/msg/VehicleStateData.idl
[10.196s] -- Installing: /home/acclivis/lgsvl_msgs/install/lgsvl_msgs/share/lgsvl_msgs/msg/VehicleOdometry.idl
[10.196s] -- Installing: /home/acclivis/lgsvl_msgs/install/lgsvl_msgs/share/lgsvl_msgs/msg/BoundingBox2D.msg
[10.196s] -- Installing: /home/acclivis/lgsvl_msgs/install/lgsvl_msgs/share/lgsvl_msgs/msg/BoundingBox3D.msg
[10.196s] -- Installing: /home/acclivis/lgsvl_msgs/install/lgsvl_msgs/share/lgsvl_msgs/msg/CanBusData.msg
[10.196s] -- Installing: /home/acclivis/lgsvl_msgs/install/lgsvl_msgs/share/lgsvl_msgs/msg/DetectedRadarObjectArray.msg
[10.196s] -- Installing: /home/acclivis/lgsvl_msgs/install/lgsvl_msgs/share/lgsvl_msgs/msg/DetectedRadarObject.msg
[10.196s] -- Installing: /home/acclivis/lgsvl_msgs/install/lgsvl_msgs/share/lgsvl_msgs/msg/Detection2D.msg
[10.196s] -- Installing: /home/acclivis/lgsvl_msgs/install/lgsvl_msgs/share/lgsvl_msgs/msg/Detection2DArray.msg
[10.197s] -- Installing: /home/acclivis/lgsvl_msgs/install/lgsvl_msgs/share/lgsvl_msgs/msg/Detection3D.msg
[10.197s] -- Installing: /home/acclivis/lgsvl_msgs/install/lgsvl_msgs/share/lgsvl_msgs/msg/Detection3DArray.msg
[10.197s] -- Installing: /home/acclivis/lgsvl_msgs/install/lgsvl_msgs/share/lgsvl_msgs/msg/Signal.msg
[10.197s] -- Installing: /home/acclivis/lgsvl_msgs/install/lgsvl_msgs/share/lgsvl_msgs/msg/SignalArray.msg
[10.197s] -- Installing: /home/acclivis/lgsvl_msgs/install/lgsvl_msgs/share/lgsvl_msgs/msg/Ultrasonic.msg
[10.197s] -- Installing: /home/acclivis/lgsvl_msgs/install/lgsvl_msgs/share/lgsvl_msgs/msg/VehicleControlData.msg
[10.197s] -- Installing: /home/acclivis/lgsvl_msgs/install/lgsvl_msgs/share/lgsvl_msgs/msg/VehicleStateData.msg
[10.197s] -- Installing: /home/acclivis/lgsvl_msgs/install/lgsvl_msgs/share/lgsvl_msgs/msg/VehicleOdometry.msg
[10.197s] -- Installing: /home/acclivis/lgsvl_msgs/install/lgsvl_msgs/share/ament_index/resource_index/package_run_dependencies/lgsvl_msgs
[10.197s] -- Installing: /home/acclivis/lgsvl_msgs/install/lgsvl_msgs/share/ament_index/resource_index/parent_prefix_path/lgsvl_msgs
[10.198s] -- Installing: /home/acclivis/lgsvl_msgs/install/lgsvl_msgs/share/lgsvl_msgs/environment/ament_prefix_path.sh
[10.198s] -- Installing: /home/acclivis/lgsvl_msgs/install/lgsvl_msgs/share/lgsvl_msgs/environment/ament_prefix_path.dsv
[10.198s] -- Installing: /home/acclivis/lgsvl_msgs/install/lgsvl_msgs/share/lgsvl_msgs/environment/path.sh
[10.198s] -- Installing: /home/acclivis/lgsvl_msgs/install/lgsvl_msgs/share/lgsvl_msgs/environment/path.dsv
[10.198s] -- Installing: /home/acclivis/lgsvl_msgs/install/lgsvl_msgs/share/lgsvl_msgs/local_setup.bash
[10.198s] -- Installing: /home/acclivis/lgsvl_msgs/install/lgsvl_msgs/share/lgsvl_msgs/local_setup.sh
[10.198s] -- Installing: /home/acclivis/lgsvl_msgs/install/lgsvl_msgs/share/lgsvl_msgs/local_setup.zsh
[10.198s] -- Installing: /home/acclivis/lgsvl_msgs/install/lgsvl_msgs/share/lgsvl_msgs/local_setup.dsv
[10.198s] -- Installing: /home/acclivis/lgsvl_msgs/install/lgsvl_msgs/share/lgsvl_msgs/package.dsv
[10.199s] -- Installing: /home/acclivis/lgsvl_msgs/install/lgsvl_msgs/share/ament_index/resource_index/packages/lgsvl_msgs
[10.199s] -- Installing: /home/acclivis/lgsvl_msgs/install/lgsvl_msgs/share/lgsvl_msgs/cmake/lgsvl_msgs__rosidl_generator_cExport.cmake
[10.199s] -- Installing: /home/acclivis/lgsvl_msgs/install/lgsvl_msgs/share/lgsvl_msgs/cmake/lgsvl_msgs__rosidl_generator_cExport-noconfig.cmake
[10.199s] -- Installing: /home/acclivis/lgsvl_msgs/install/lgsvl_msgs/share/lgsvl_msgs/cmake/lgsvl_msgs__rosidl_typesupport_introspection_cExport.cmake
[10.199s] -- Installing: /home/acclivis/lgsvl_msgs/install/lgsvl_msgs/share/lgsvl_msgs/cmake/lgsvl_msgs__rosidl_typesupport_introspection_cExport-noconfig.cmake
[10.199s] -- Installing: /home/acclivis/lgsvl_msgs/install/lgsvl_msgs/share/lgsvl_msgs/cmake/lgsvl_msgs__rosidl_typesupport_cExport.cmake
[10.199s] -- Installing: /home/acclivis/lgsvl_msgs/install/lgsvl_msgs/share/lgsvl_msgs/cmake/lgsvl_msgs__rosidl_typesupport_cExport-noconfig.cmake
[10.199s] -- Installing: /home/acclivis/lgsvl_msgs/install/lgsvl_msgs/share/lgsvl_msgs/cmake/lgsvl_msgs__rosidl_generator_cppExport.cmake
[10.200s] -- Installing: /home/acclivis/lgsvl_msgs/install/lgsvl_msgs/share/lgsvl_msgs/cmake/lgsvl_msgs__rosidl_typesupport_introspection_cppExport.cmake
[10.200s] -- Installing: /home/acclivis/lgsvl_msgs/install/lgsvl_msgs/share/lgsvl_msgs/cmake/lgsvl_msgs__rosidl_typesupport_introspection_cppExport-noconfig.cmake
[10.200s] -- Installing: /home/acclivis/lgsvl_msgs/install/lgsvl_msgs/share/lgsvl_msgs/cmake/lgsvl_msgs__rosidl_typesupport_cppExport.cmake
[10.200s] -- Installing: /home/acclivis/lgsvl_msgs/install/lgsvl_msgs/share/lgsvl_msgs/cmake/lgsvl_msgs__rosidl_typesupport_cppExport-noconfig.cmake
[10.200s] -- Installing: /home/acclivis/lgsvl_msgs/install/lgsvl_msgs/share/lgsvl_msgs/cmake/rosidl_cmake-extras.cmake
[10.200s] -- Installing: /home/acclivis/lgsvl_msgs/install/lgsvl_msgs/share/lgsvl_msgs/cmake/ament_cmake_export_dependencies-extras.cmake
[10.200s] -- Installing: /home/acclivis/lgsvl_msgs/install/lgsvl_msgs/share/lgsvl_msgs/cmake/ament_cmake_export_libraries-extras.cmake
[10.200s] -- Installing: /home/acclivis/lgsvl_msgs/install/lgsvl_msgs/share/lgsvl_msgs/cmake/ament_cmake_export_targets-extras.cmake
[10.200s] -- Installing: /home/acclivis/lgsvl_msgs/install/lgsvl_msgs/share/lgsvl_msgs/cmake/ament_cmake_export_include_directories-extras.cmake
[10.200s] -- Installing: /home/acclivis/lgsvl_msgs/install/lgsvl_msgs/share/lgsvl_msgs/cmake/rosidl_cmake_export_typesupport_libraries-extras.cmake
[10.201s] -- Installing: /home/acclivis/lgsvl_msgs/install/lgsvl_msgs/share/lgsvl_msgs/cmake/rosidl_cmake_export_typesupport_targets-extras.cmake
[10.201s] -- Installing: /home/acclivis/lgsvl_msgs/install/lgsvl_msgs/share/lgsvl_msgs/cmake/lgsvl_msgsConfig.cmake
[10.201s] -- Installing: /home/acclivis/lgsvl_msgs/install/lgsvl_msgs/share/lgsvl_msgs/cmake/lgsvl_msgsConfig-version.cmake
[10.201s] -- Installing: /home/acclivis/lgsvl_msgs/install/lgsvl_msgs/share/lgsvl_msgs/package.xml
[10.203s] Invoked command in '/home/acclivis/lgsvl_msgs/build/lgsvl_msgs' returned '0': CMAKE_PREFIX_PATH=${CMAKE_PREFIX_PATH}:/home/acclivis/Node/Node_path_planner_validation_ws/install/path_planner_validation:/home/acclivis/Node/Node_localization_validation_ws/install/localization_validation:/home/acclivis/Node/Node_control_validation_ws/install/control_validation:/home/acclivis/Node/Node_perception_validation_ws/install/perception_validation:/opt/ros/foxy /usr/bin/cmake --install /home/acclivis/lgsvl_msgs/build/lgsvl_msgs
