-- The C compiler identification is GNU 11.4.0
-- The CXX compiler identification is GNU 11.4.0
-- Detecting C compiler ABI info
-- Detecting C compiler ABI info - done
-- Check for working C compiler: /usr/bin/cc - skipped
-- Detecting C compile features
-- Detecting C compile features - done
-- Detecting CXX compiler ABI info
-- Detecting CXX compiler ABI info - done
-- Check for working CXX compiler: /usr/bin/c++ - skipped
-- Detecting CXX compile features
-- Detecting CXX compile features - done
-- Found ament_cmake_auto: 1.3.7 (/opt/ros/humble/share/ament_cmake_auto/cmake)
-- Found Python3: /usr/bin/python3.10 (found version "3.10.12") found components: Interpreter 
-- Found ament_lint_auto: 0.12.10 (/opt/ros/humble/share/ament_lint_auto/cmake)
-- Found python_cmake_module: 0.10.0 (/opt/ros/humble/share/python_cmake_module/cmake)
-- Found PythonInterp: /usr/bin/python3 (found suitable version "3.10.12", minimum required is "3.6") 
-- Found PythonLibs: /usr/lib/x86_64-linux-gnu/libpython3.10.so (found suitable version "3.10.12", minimum required is "3.5") 
-- Using PYTHON_EXECUTABLE: /usr/bin/python3
-- Using PYTHON_INCLUDE_DIRS: /usr/include/python3.10
-- Using PYTHON_LIBRARIES: /usr/lib/x86_64-linux-gnu/libpython3.10.so
-- Found PythonExtra: .so  
-- Added test 'copyright' to check source files copyright and LICENSE
-- Added test 'cppcheck' to perform static code analysis on C / C++ code
-- Configured cppcheck include dirs: 
-- Configured cppcheck exclude dirs and/or files: 
-- Added test 'cpplint' to check C / C++ code against the Google style
-- Configured cpplint exclude dirs and/or files: 
-- Added test 'flake8' to check Python code syntax and style conventions
-- Added test 'lint_cmake' to check CMake code style
-- Added test 'pep257' to check Python code against some of the docstring style conventions in PEP 257
-- Added test 'uncrustify' to check C / C++ code style
-- Configured uncrustify additional arguments: 
-- Added test 'xmllint' to check XML markup files
-- Configuring done
-- Generating done
-- Build files have been written to: /home/shoukat/adehome/build/avp_demo
-- Install configuration: ""
-- Installing: /home/shoukat/adehome/install/avp_demo/share/avp_demo/config
-- Installing: /home/shoukat/adehome/install/avp_demo/share/avp_demo/config/recordreplay_planner_demo.rviz
-- Installing: /home/shoukat/adehome/install/avp_demo/share/avp_demo/config/ms2.rviz
-- Installing: /home/shoukat/adehome/install/avp_demo/share/avp_demo/config/ms3.rviz
-- Installing: /home/shoukat/adehome/install/avp_demo/share/avp_demo/data
-- Installing: /home/shoukat/adehome/install/avp_demo/share/avp_demo/data/JTA_R1.pcd
-- Installing: /home/shoukat/adehome/install/avp_demo/share/avp_demo/data/my_autonomoustuff_parking_lot.osm
-- Installing: /home/shoukat/adehome/install/avp_demo/share/avp_demo/data/autonomoustuff_parking_lot_lgsvl.forward.path
-- Installing: /home/shoukat/adehome/install/avp_demo/share/avp_demo/data/JTA_R2.osm
-- Installing: /home/shoukat/adehome/install/avp_demo/share/avp_demo/data/Taltech.osm
-- Installing: /home/shoukat/adehome/install/avp_demo/share/avp_demo/data/autonomoustuff_parking_lot2.osm
-- Installing: /home/shoukat/adehome/install/avp_demo/share/avp_demo/data/autonomoustuff_parking_lot.osm
-- Installing: /home/shoukat/adehome/install/avp_demo/share/avp_demo/data/autonomoustuff_parking_lot.yaml
-- Installing: /home/shoukat/adehome/install/avp_demo/share/avp_demo/data/omy_autonomoustuff_parking_lot.osm
-- Installing: /home/shoukat/adehome/install/avp_demo/share/avp_demo/data/taltech.pcd
-- Installing: /home/shoukat/adehome/install/avp_demo/share/avp_demo/data/autonomoustuff_parking_lot_lgsvl.yaml
-- Installing: /home/shoukat/adehome/install/avp_demo/share/avp_demo/data/Taltech_original.osm
-- Installing: /home/shoukat/adehome/install/avp_demo/share/avp_demo/data/Taltech_new.osm
-- Installing: /home/shoukat/adehome/install/avp_demo/share/avp_demo/data/JTA_R1.osm
-- Installing: /home/shoukat/adehome/install/avp_demo/share/avp_demo/data/map.osm
-- Installing: /home/shoukat/adehome/install/avp_demo/share/avp_demo/data/autonomoustuff_parking_lot_lgsvl.reverse.path
-- Installing: /home/shoukat/adehome/install/avp_demo/share/avp_demo/launch
-- Installing: /home/shoukat/adehome/install/avp_demo/share/avp_demo/launch/recordreplay_planner_demo.launch.py
-- Installing: /home/shoukat/adehome/install/avp_demo/share/avp_demo/launch/__pycache__
-- Installing: /home/shoukat/adehome/install/avp_demo/share/avp_demo/launch/__pycache__/ms3_sim.launch.cpython-38.pyc
-- Installing: /home/shoukat/adehome/install/avp_demo/share/avp_demo/launch/ms3_vehicle.launch.py
-- Installing: /home/shoukat/adehome/install/avp_demo/share/avp_demo/launch/ms3_sim.launch.py
-- Installing: /home/shoukat/adehome/install/avp_demo/share/avp_demo/launch/ms3_core.launch.py
-- Installing: /home/shoukat/adehome/install/avp_demo/share/avp_demo/launch/ms2.launch.py
-- Installing: /home/shoukat/adehome/install/avp_demo/share/avp_demo/param
-- Installing: /home/shoukat/adehome/install/avp_demo/share/avp_demo/param/odom_state_estimator.param.yaml
-- Installing: /home/shoukat/adehome/install/avp_demo/share/avp_demo/param/mpc_vehicle.param.yaml
-- Installing: /home/shoukat/adehome/install/avp_demo/share/avp_demo/param/lanelet2_map_provider.param.yaml
-- Installing: /home/shoukat/adehome/install/avp_demo/share/avp_demo/param/vlp16_front_vehicle.param.yaml
-- Installing: /home/shoukat/adehome/install/avp_demo/share/avp_demo/param/vlp16_rear_vehicle.param.yaml
-- Installing: /home/shoukat/adehome/install/avp_demo/share/avp_demo/param/scan_downsampler_ms3.param.yaml
-- Installing: /home/shoukat/adehome/install/avp_demo/share/avp_demo/param/off_map_obstacles_filter.param.yaml
-- Installing: /home/shoukat/adehome/install/avp_demo/share/avp_demo/param/parking_planner.param.yaml
-- Installing: /home/shoukat/adehome/install/avp_demo/share/avp_demo/param/ssc_interface.param.yaml
-- Installing: /home/shoukat/adehome/install/avp_demo/share/avp_demo/param/lane_planner.param.yaml
-- Installing: /home/shoukat/adehome/install/avp_demo/share/avp_demo/param/ray_ground_classifier.param.yaml
-- Installing: /home/shoukat/adehome/install/avp_demo/share/avp_demo/param/mpc.param.yaml
-- Installing: /home/shoukat/adehome/install/avp_demo/share/avp_demo/param/map_publisher_vehicle.param.yaml
-- Installing: /home/shoukat/adehome/install/avp_demo/share/avp_demo/param/map_publisher.param.yaml
-- Installing: /home/shoukat/adehome/install/avp_demo/share/avp_demo/param/object_collision_estimator.param.yaml
-- Installing: /home/shoukat/adehome/install/avp_demo/share/avp_demo/param/recordreplay_planner.param.yaml
-- Installing: /home/shoukat/adehome/install/avp_demo/share/avp_demo/param/pc_filter_transform.param.yaml
-- Installing: /home/shoukat/adehome/install/avp_demo/share/avp_demo/param/lgsvl_interface.param.yaml
-- Installing: /home/shoukat/adehome/install/avp_demo/share/avp_demo/param/object_collision_estimator_rrp.param.yaml
-- Installing: /home/shoukat/adehome/install/avp_demo/share/avp_demo/param/ndt_localizer.param.yaml
-- Installing: /home/shoukat/adehome/install/avp_demo/share/avp_demo/param/scan_downsampler.param.yaml
-- Installing: /home/shoukat/adehome/install/avp_demo/share/avp_demo/param/ndt_localizer_vehicle.param.yaml
-- Installing: /home/shoukat/adehome/install/avp_demo/share/avp_demo/param/euclidean_cluster.param.yaml
-- Installing: /home/shoukat/adehome/install/avp_demo/share/avp_demo/param/behavior_planner.param.yaml
-- Installing: /home/shoukat/adehome/install/avp_demo/share/ament_index/resource_index/package_run_dependencies/avp_demo
-- Installing: /home/shoukat/adehome/install/avp_demo/share/ament_index/resource_index/parent_prefix_path/avp_demo
-- Installing: /home/shoukat/adehome/install/avp_demo/share/avp_demo/environment/ament_prefix_path.sh
-- Installing: /home/shoukat/adehome/install/avp_demo/share/avp_demo/environment/ament_prefix_path.dsv
-- Installing: /home/shoukat/adehome/install/avp_demo/share/avp_demo/environment/path.sh
-- Installing: /home/shoukat/adehome/install/avp_demo/share/avp_demo/environment/path.dsv
-- Installing: /home/shoukat/adehome/install/avp_demo/share/avp_demo/local_setup.bash
-- Installing: /home/shoukat/adehome/install/avp_demo/share/avp_demo/local_setup.sh
-- Installing: /home/shoukat/adehome/install/avp_demo/share/avp_demo/local_setup.zsh
-- Installing: /home/shoukat/adehome/install/avp_demo/share/avp_demo/local_setup.dsv
-- Installing: /home/shoukat/adehome/install/avp_demo/share/avp_demo/package.dsv
-- Installing: /home/shoukat/adehome/install/avp_demo/share/ament_index/resource_index/packages/avp_demo
-- Installing: /home/shoukat/adehome/install/avp_demo/share/avp_demo/cmake/avp_demoConfig.cmake
-- Installing: /home/shoukat/adehome/install/avp_demo/share/avp_demo/cmake/avp_demoConfig-version.cmake
-- Installing: /home/shoukat/adehome/install/avp_demo/share/avp_demo/package.xml
