[0.868s] Invoking command in '/home/acclivis/script/Node_lg_groundtruth_data_ws/lg_groundtruth_data_ws/src/lg_sub_groundtruth': PYTHONPATH=/home/acclivis/script/Node_lg_groundtruth_data_ws/lg_groundtruth_data_ws/install/lg_sub_groundtruth/lib/python3.6/site-packages:${PYTHONPATH} /usr/bin/python3 setup.py egg_info --egg-base /home/acclivis/script/Node_lg_groundtruth_data_ws/lg_groundtruth_data_ws/build/lg_sub_groundtruth build --build-base /home/acclivis/script/Node_lg_groundtruth_data_ws/lg_groundtruth_data_ws/build/lg_sub_groundtruth/build install --prefix /home/acclivis/script/Node_lg_groundtruth_data_ws/lg_groundtruth_data_ws/install/lg_sub_groundtruth --record /home/acclivis/script/Node_lg_groundtruth_data_ws/lg_groundtruth_data_ws/build/lg_sub_groundtruth/install.log --single-version-externally-managed
[1.466s] running egg_info
[1.469s] writing /home/acclivis/script/Node_lg_groundtruth_data_ws/lg_groundtruth_data_ws/build/lg_sub_groundtruth/lg_sub_groundtruth.egg-info/PKG-INFO
[1.469s] writing dependency_links to /home/acclivis/script/Node_lg_groundtruth_data_ws/lg_groundtruth_data_ws/build/lg_sub_groundtruth/lg_sub_groundtruth.egg-info/dependency_links.txt
[1.471s] writing entry points to /home/acclivis/script/Node_lg_groundtruth_data_ws/lg_groundtruth_data_ws/build/lg_sub_groundtruth/lg_sub_groundtruth.egg-info/entry_points.txt
[1.471s] writing requirements to /home/acclivis/script/Node_lg_groundtruth_data_ws/lg_groundtruth_data_ws/build/lg_sub_groundtruth/lg_sub_groundtruth.egg-info/requires.txt
[1.471s] writing top-level names to /home/acclivis/script/Node_lg_groundtruth_data_ws/lg_groundtruth_data_ws/build/lg_sub_groundtruth/lg_sub_groundtruth.egg-info/top_level.txt
[1.615s] reading manifest file '/home/acclivis/script/Node_lg_groundtruth_data_ws/lg_groundtruth_data_ws/build/lg_sub_groundtruth/lg_sub_groundtruth.egg-info/SOURCES.txt'
[1.620s] writing manifest file '/home/acclivis/script/Node_lg_groundtruth_data_ws/lg_groundtruth_data_ws/build/lg_sub_groundtruth/lg_sub_groundtruth.egg-info/SOURCES.txt'
[1.620s] running build
[1.620s] running build_py
[1.621s] running install
[1.622s] running install_lib
[1.624s] running install_data
[1.625s] running install_egg_info
[1.629s] removing '/home/acclivis/script/Node_lg_groundtruth_data_ws/lg_groundtruth_data_ws/install/lg_sub_groundtruth/lib/python3.6/site-packages/lg_sub_groundtruth-0.0.0-py3.6.egg-info' (and everything under it)
[1.629s] Copying /home/acclivis/script/Node_lg_groundtruth_data_ws/lg_groundtruth_data_ws/build/lg_sub_groundtruth/lg_sub_groundtruth.egg-info to /home/acclivis/script/Node_lg_groundtruth_data_ws/lg_groundtruth_data_ws/install/lg_sub_groundtruth/lib/python3.6/site-packages/lg_sub_groundtruth-0.0.0-py3.6.egg-info
[1.631s] running install_scripts
[1.664s] Installing lg_gt3d_subscriber script to /home/acclivis/script/Node_lg_groundtruth_data_ws/lg_groundtruth_data_ws/install/lg_sub_groundtruth/lib/lg_sub_groundtruth
[1.665s] writing list of installed files to '/home/acclivis/script/Node_lg_groundtruth_data_ws/lg_groundtruth_data_ws/build/lg_sub_groundtruth/install.log'
[1.710s] Invoked command in '/home/acclivis/script/Node_lg_groundtruth_data_ws/lg_groundtruth_data_ws/src/lg_sub_groundtruth' returned '0': PYTHONPATH=/home/acclivis/script/Node_lg_groundtruth_data_ws/lg_groundtruth_data_ws/install/lg_sub_groundtruth/lib/python3.6/site-packages:${PYTHONPATH} /usr/bin/python3 setup.py egg_info --egg-base /home/acclivis/script/Node_lg_groundtruth_data_ws/lg_groundtruth_data_ws/build/lg_sub_groundtruth build --build-base /home/acclivis/script/Node_lg_groundtruth_data_ws/lg_groundtruth_data_ws/build/lg_sub_groundtruth/build install --prefix /home/acclivis/script/Node_lg_groundtruth_data_ws/lg_groundtruth_data_ws/install/lg_sub_groundtruth --record /home/acclivis/script/Node_lg_groundtruth_data_ws/lg_groundtruth_data_ws/build/lg_sub_groundtruth/install.log --single-version-externally-managed
