[0.209s] DEBUG:colcon:Command line arguments: ['/usr/bin/colcon', 'build']
[0.209s] DEBUG:colcon:Parsed command line arguments: Namespace(ament_cmake_args=None, base_paths=['.'], build_base='build', catkin_cmake_args=None, catkin_skip_building_tests=False, cmake_args=None, cmake_clean_cache=False, cmake_clean_first=False, cmake_force_configure=False, cmake_target=None, cmake_target_skip_unavailable=False, continue_on_error=False, event_handlers=None, executor='parallel', ignore_user_meta=False, install_base='install', log_base=None, log_level=None, main=<bound method BuildVerb.main of <colcon_core.verb.build.BuildVerb object at 0x7f4e26bc6390>>, merge_install=False, metas=['./colcon.meta'], mixin=None, mixin_files=None, mixin_verb=('build',), packages_above=None, packages_above_and_dependencies=None, packages_above_depth=None, packages_end=None, packages_ignore=None, packages_ignore_regex=None, packages_select=None, packages_select_build_failed=False, packages_select_by_dep=None, packages_select_regex=None, packages_select_test_failures=False, packages_skip=None, packages_skip_build_finished=False, packages_skip_by_dep=None, packages_skip_regex=None, packages_skip_test_passed=False, packages_skip_up_to=None, packages_start=None, packages_up_to=None, packages_up_to_regex=None, parallel_workers=6, paths=None, symlink_install=False, test_result_base=None, verb_extension=<colcon_core.verb.build.BuildVerb object at 0x7f4e26bc6390>, verb_name='build', verb_parser=<colcon_mixin.mixin.mixin_argument.MixinArgumentDecorator object at 0x7f4e26bc6748>)
[0.214s] Level 1:colcon.colcon_core.package_discovery:discover_packages(colcon_meta) check parameters
[0.214s] Level 1:colcon.colcon_core.package_discovery:discover_packages(recursive) check parameters
[0.214s] Level 1:colcon.colcon_core.package_discovery:discover_packages(ignore) check parameters
[0.215s] Level 1:colcon.colcon_core.package_discovery:discover_packages(path) check parameters
[0.215s] Level 1:colcon.colcon_core.package_discovery:discover_packages(colcon_meta) discover
[0.215s] Level 1:colcon.colcon_core.package_discovery:discover_packages(recursive) discover
[0.215s] INFO:colcon.colcon_core.package_discovery:Crawling recursively for packages in '/home/acclivis_linux2/script/lg_groundtruth_data_ws/src'
[0.215s] Level 1:colcon.colcon_core.package_identification:_identify(.) by extensions ['ignore', 'ignore_ament_install']
[0.215s] Level 1:colcon.colcon_core.package_identification:_identify(.) by extension 'ignore'
[0.215s] Level 1:colcon.colcon_core.package_identification:_identify(.) by extension 'ignore_ament_install'
[0.215s] Level 1:colcon.colcon_core.package_identification:_identify(.) by extensions ['colcon_pkg']
[0.215s] Level 1:colcon.colcon_core.package_identification:_identify(.) by extension 'colcon_pkg'
[0.215s] Level 1:colcon.colcon_core.package_identification:_identify(.) by extensions ['colcon_meta']
[0.215s] Level 1:colcon.colcon_core.package_identification:_identify(.) by extension 'colcon_meta'
[0.215s] Level 1:colcon.colcon_core.package_identification:_identify(.) by extensions ['ros']
[0.215s] Level 1:colcon.colcon_core.package_identification:_identify(.) by extension 'ros'
[0.227s] Level 1:colcon.colcon_core.package_identification:_identify(.) by extensions ['cmake', 'python']
[0.227s] Level 1:colcon.colcon_core.package_identification:_identify(.) by extension 'cmake'
[0.227s] Level 1:colcon.colcon_core.package_identification:_identify(.) by extension 'python'
[0.227s] Level 1:colcon.colcon_core.package_identification:_identify(.) by extensions ['python_setup_py']
[0.227s] Level 1:colcon.colcon_core.package_identification:_identify(.) by extension 'python_setup_py'
[0.227s] Level 1:colcon.colcon_core.package_identification:_identify(build) by extensions ['ignore', 'ignore_ament_install']
[0.227s] Level 1:colcon.colcon_core.package_identification:_identify(build) by extension 'ignore'
[0.227s] Level 1:colcon.colcon_core.package_identification:_identify(build) ignored
[0.227s] Level 1:colcon.colcon_core.package_identification:_identify(install) by extensions ['ignore', 'ignore_ament_install']
[0.228s] Level 1:colcon.colcon_core.package_identification:_identify(install) by extension 'ignore'
[0.228s] Level 1:colcon.colcon_core.package_identification:_identify(install) ignored
[0.228s] Level 1:colcon.colcon_core.package_identification:_identify(lg_sub_groundtruth) by extensions ['ignore', 'ignore_ament_install']
[0.228s] Level 1:colcon.colcon_core.package_identification:_identify(lg_sub_groundtruth) by extension 'ignore'
[0.228s] Level 1:colcon.colcon_core.package_identification:_identify(lg_sub_groundtruth) by extension 'ignore_ament_install'
[0.228s] Level 1:colcon.colcon_core.package_identification:_identify(lg_sub_groundtruth) by extensions ['colcon_pkg']
[0.228s] Level 1:colcon.colcon_core.package_identification:_identify(lg_sub_groundtruth) by extension 'colcon_pkg'
[0.228s] Level 1:colcon.colcon_core.package_identification:_identify(lg_sub_groundtruth) by extensions ['colcon_meta']
[0.228s] Level 1:colcon.colcon_core.package_identification:_identify(lg_sub_groundtruth) by extension 'colcon_meta'
[0.228s] Level 1:colcon.colcon_core.package_identification:_identify(lg_sub_groundtruth) by extensions ['ros']
[0.228s] Level 1:colcon.colcon_core.package_identification:_identify(lg_sub_groundtruth) by extension 'ros'
[0.230s] DEBUG:colcon.colcon_core.package_identification:Package 'lg_sub_groundtruth' with type 'ros.ament_python' and name 'lg_sub_groundtruth'
[0.230s] Level 1:colcon.colcon_core.package_identification:_identify(log) by extensions ['ignore', 'ignore_ament_install']
[0.230s] Level 1:colcon.colcon_core.package_identification:_identify(log) by extension 'ignore'
[0.231s] Level 1:colcon.colcon_core.package_identification:_identify(log) ignored
[0.231s] Level 1:colcon.colcon_core.package_discovery:discover_packages(recursive) using defaults
[0.231s] Level 1:colcon.colcon_core.package_discovery:discover_packages(ignore) discover
[0.231s] Level 1:colcon.colcon_core.package_discovery:discover_packages(ignore) using defaults
[0.231s] Level 1:colcon.colcon_core.package_discovery:discover_packages(path) discover
[0.231s] Level 1:colcon.colcon_core.package_discovery:discover_packages(path) using defaults
[0.252s] Level 5:colcon.colcon_core.verb:set package 'lg_sub_groundtruth' build argument 'cmake_args' from command line to 'None'
[0.252s] Level 5:colcon.colcon_core.verb:set package 'lg_sub_groundtruth' build argument 'cmake_target' from command line to 'None'
[0.252s] Level 5:colcon.colcon_core.verb:set package 'lg_sub_groundtruth' build argument 'cmake_target_skip_unavailable' from command line to 'False'
[0.252s] Level 5:colcon.colcon_core.verb:set package 'lg_sub_groundtruth' build argument 'cmake_clean_cache' from command line to 'False'
[0.253s] Level 5:colcon.colcon_core.verb:set package 'lg_sub_groundtruth' build argument 'cmake_clean_first' from command line to 'False'
[0.253s] Level 5:colcon.colcon_core.verb:set package 'lg_sub_groundtruth' build argument 'cmake_force_configure' from command line to 'False'
[0.253s] Level 5:colcon.colcon_core.verb:set package 'lg_sub_groundtruth' build argument 'ament_cmake_args' from command line to 'None'
[0.253s] Level 5:colcon.colcon_core.verb:set package 'lg_sub_groundtruth' build argument 'catkin_cmake_args' from command line to 'None'
[0.253s] Level 5:colcon.colcon_core.verb:set package 'lg_sub_groundtruth' build argument 'catkin_skip_building_tests' from command line to 'False'
[0.253s] DEBUG:colcon.colcon_core.verb:Building package 'lg_sub_groundtruth' with the following arguments: {'ament_cmake_args': None, 'build_base': '/home/acclivis_linux2/script/lg_groundtruth_data_ws/src/build/lg_sub_groundtruth', 'catkin_cmake_args': None, 'catkin_skip_building_tests': False, 'cmake_args': None, 'cmake_clean_cache': False, 'cmake_clean_first': False, 'cmake_force_configure': False, 'cmake_target': None, 'cmake_target_skip_unavailable': False, 'install_base': '/home/acclivis_linux2/script/lg_groundtruth_data_ws/src/install/lg_sub_groundtruth', 'merge_install': False, 'path': '/home/acclivis_linux2/script/lg_groundtruth_data_ws/src/lg_sub_groundtruth', 'symlink_install': False, 'test_result_base': None}
[0.253s] INFO:colcon.colcon_core.executor:Executing jobs using 'parallel' executor
[0.255s] DEBUG:colcon.colcon_parallel_executor.executor.parallel:run_until_complete
[0.255s] INFO:colcon.colcon_ros.task.ament_python.build:Building ROS package in '/home/acclivis_linux2/script/lg_groundtruth_data_ws/src/lg_sub_groundtruth' with build type 'ament_python'
[0.255s] Level 1:colcon.colcon_core.shell:create_environment_hook('lg_sub_groundtruth', 'ament_prefix_path')
[0.259s] INFO:colcon.colcon_core.plugin_system:Skipping extension 'colcon_core.shell.bat': Not used on non-Windows systems
[0.259s] INFO:colcon.colcon_core.shell:Creating environment hook '/home/acclivis_linux2/script/lg_groundtruth_data_ws/src/install/lg_sub_groundtruth/share/lg_sub_groundtruth/hook/ament_prefix_path.ps1'
[0.259s] INFO:colcon.colcon_core.shell:Creating environment descriptor '/home/acclivis_linux2/script/lg_groundtruth_data_ws/src/install/lg_sub_groundtruth/share/lg_sub_groundtruth/hook/ament_prefix_path.dsv'
[0.260s] INFO:colcon.colcon_core.shell:Creating environment hook '/home/acclivis_linux2/script/lg_groundtruth_data_ws/src/install/lg_sub_groundtruth/share/lg_sub_groundtruth/hook/ament_prefix_path.sh'
[0.261s] INFO:colcon.colcon_core.shell:Skip shell extension 'powershell' for command environment: Not usable outside of PowerShell
[0.261s] DEBUG:colcon.colcon_core.shell:Skip shell extension 'dsv' for command environment
[0.270s] DEBUG:colcon.colcon_core.shell:Ignoring prefix path '/opt/ros/dashing'
[0.487s] INFO:colcon.colcon_core.task.python.build:Building Python package in '/home/acclivis_linux2/script/lg_groundtruth_data_ws/src/lg_sub_groundtruth'
[0.488s] INFO:colcon.colcon_core.shell:Skip shell extension 'powershell' for command environment: Not usable outside of PowerShell
[0.488s] DEBUG:colcon.colcon_core.shell:Skip shell extension 'dsv' for command environment
[0.496s] DEBUG:colcon.colcon_core.shell:Ignoring prefix path '/opt/ros/dashing'
[0.503s] DEBUG:colcon.colcon_core.event_handler.log_command:Invoking command in '/home/acclivis_linux2/script/lg_groundtruth_data_ws/src/lg_sub_groundtruth': PYTHONPATH=/home/acclivis_linux2/script/lg_groundtruth_data_ws/src/install/lg_sub_groundtruth/lib/python3.6/site-packages:${PYTHONPATH} /usr/bin/python3 setup.py egg_info --egg-base ../build/lg_sub_groundtruth build --build-base /home/acclivis_linux2/script/lg_groundtruth_data_ws/src/build/lg_sub_groundtruth/build install --prefix /home/acclivis_linux2/script/lg_groundtruth_data_ws/src/install/lg_sub_groundtruth --record /home/acclivis_linux2/script/lg_groundtruth_data_ws/src/build/lg_sub_groundtruth/install.log --single-version-externally-managed
[0.770s] DEBUG:colcon.colcon_core.event_handler.log_command:Invoked command in '/home/acclivis_linux2/script/lg_groundtruth_data_ws/src/lg_sub_groundtruth' returned '0': PYTHONPATH=/home/acclivis_linux2/script/lg_groundtruth_data_ws/src/install/lg_sub_groundtruth/lib/python3.6/site-packages:${PYTHONPATH} /usr/bin/python3 setup.py egg_info --egg-base ../build/lg_sub_groundtruth build --build-base /home/acclivis_linux2/script/lg_groundtruth_data_ws/src/build/lg_sub_groundtruth/build install --prefix /home/acclivis_linux2/script/lg_groundtruth_data_ws/src/install/lg_sub_groundtruth --record /home/acclivis_linux2/script/lg_groundtruth_data_ws/src/build/lg_sub_groundtruth/install.log --single-version-externally-managed
[0.782s] Level 1:colcon.colcon_core.environment:checking '/home/acclivis_linux2/script/lg_groundtruth_data_ws/src/install/lg_sub_groundtruth' for CMake module files
[0.783s] Level 1:colcon.colcon_core.environment:checking '/home/acclivis_linux2/script/lg_groundtruth_data_ws/src/install/lg_sub_groundtruth' for CMake config files
[0.784s] Level 1:colcon.colcon_core.environment:checking '/home/acclivis_linux2/script/lg_groundtruth_data_ws/src/install/lg_sub_groundtruth/lib'
[0.784s] Level 1:colcon.colcon_core.environment:checking '/home/acclivis_linux2/script/lg_groundtruth_data_ws/src/install/lg_sub_groundtruth/bin'
[0.784s] Level 1:colcon.colcon_core.environment:checking '/home/acclivis_linux2/script/lg_groundtruth_data_ws/src/install/lg_sub_groundtruth/lib/pkgconfig/lg_sub_groundtruth.pc'
[0.785s] Level 1:colcon.colcon_core.environment:checking '/home/acclivis_linux2/script/lg_groundtruth_data_ws/src/install/lg_sub_groundtruth/lib/python3.6/site-packages'
[0.785s] Level 1:colcon.colcon_core.shell:create_environment_hook('lg_sub_groundtruth', 'pythonpath')
[0.785s] INFO:colcon.colcon_core.shell:Creating environment hook '/home/acclivis_linux2/script/lg_groundtruth_data_ws/src/install/lg_sub_groundtruth/share/lg_sub_groundtruth/hook/pythonpath.ps1'
[0.786s] INFO:colcon.colcon_core.shell:Creating environment descriptor '/home/acclivis_linux2/script/lg_groundtruth_data_ws/src/install/lg_sub_groundtruth/share/lg_sub_groundtruth/hook/pythonpath.dsv'
[0.786s] INFO:colcon.colcon_core.shell:Creating environment hook '/home/acclivis_linux2/script/lg_groundtruth_data_ws/src/install/lg_sub_groundtruth/share/lg_sub_groundtruth/hook/pythonpath.sh'
[0.786s] Level 1:colcon.colcon_core.environment:create_environment_scripts_only(lg_sub_groundtruth)
[0.787s] INFO:colcon.colcon_core.shell:Creating package script '/home/acclivis_linux2/script/lg_groundtruth_data_ws/src/install/lg_sub_groundtruth/share/lg_sub_groundtruth/package.ps1'
[0.787s] INFO:colcon.colcon_core.shell:Creating package descriptor '/home/acclivis_linux2/script/lg_groundtruth_data_ws/src/install/lg_sub_groundtruth/share/lg_sub_groundtruth/package.dsv'
[0.788s] INFO:colcon.colcon_core.shell:Creating package script '/home/acclivis_linux2/script/lg_groundtruth_data_ws/src/install/lg_sub_groundtruth/share/lg_sub_groundtruth/package.sh'
[0.788s] INFO:colcon.colcon_core.shell:Creating package script '/home/acclivis_linux2/script/lg_groundtruth_data_ws/src/install/lg_sub_groundtruth/share/lg_sub_groundtruth/package.bash'
[0.789s] INFO:colcon.colcon_core.shell:Creating package script '/home/acclivis_linux2/script/lg_groundtruth_data_ws/src/install/lg_sub_groundtruth/share/lg_sub_groundtruth/package.zsh'
[0.790s] Level 1:colcon.colcon_core.environment:create_file_with_runtime_dependencies(/home/acclivis_linux2/script/lg_groundtruth_data_ws/src/install/lg_sub_groundtruth/share/colcon-core/packages/lg_sub_groundtruth)
[0.790s] DEBUG:colcon.colcon_parallel_executor.executor.parallel:closing loop
[0.790s] DEBUG:colcon.colcon_parallel_executor.executor.parallel:loop closed
[0.790s] DEBUG:colcon.colcon_parallel_executor.executor.parallel:run_until_complete finished with '0'
[0.790s] DEBUG:colcon.colcon_core.event_reactor:joining thread
[0.796s] INFO:colcon.colcon_core.plugin_system:Skipping extension 'colcon_notification.desktop_notification.notify_send': Could not find 'notify-send'
[0.796s] INFO:colcon.colcon_core.plugin_system:Skipping extension 'colcon_notification.desktop_notification.terminal_notifier': Not used on non-Darwin systems
[0.796s] INFO:colcon.colcon_core.plugin_system:Skipping extension 'colcon_notification.desktop_notification.win32': Not used on non-Windows systems
[0.796s] INFO:colcon.colcon_notification.desktop_notification:Sending desktop notification using 'notify2'
[0.798s] DEBUG:colcon.colcon_notification.desktop_notification.notify2:Failed to initialize notify2: org.freedesktop.DBus.Error.Spawn.ExecFailed: /usr/bin/dbus-launch terminated abnormally without any error message
[0.798s] DEBUG:colcon.colcon_core.event_reactor:joined thread
[0.799s] INFO:colcon.colcon_core.shell:Creating prefix script '/home/acclivis_linux2/script/lg_groundtruth_data_ws/src/install/local_setup.ps1'
[0.800s] INFO:colcon.colcon_core.shell:Creating prefix util module '/home/acclivis_linux2/script/lg_groundtruth_data_ws/src/install/_local_setup_util_ps1.py'
[0.801s] INFO:colcon.colcon_core.shell:Creating prefix chain script '/home/acclivis_linux2/script/lg_groundtruth_data_ws/src/install/setup.ps1'
[0.807s] INFO:colcon.colcon_core.shell:Creating prefix script '/home/acclivis_linux2/script/lg_groundtruth_data_ws/src/install/local_setup.sh'
[0.808s] INFO:colcon.colcon_core.shell:Creating prefix util module '/home/acclivis_linux2/script/lg_groundtruth_data_ws/src/install/_local_setup_util_sh.py'
[0.808s] INFO:colcon.colcon_core.shell:Creating prefix chain script '/home/acclivis_linux2/script/lg_groundtruth_data_ws/src/install/setup.sh'
[0.814s] INFO:colcon.colcon_core.shell:Creating prefix script '/home/acclivis_linux2/script/lg_groundtruth_data_ws/src/install/local_setup.bash'
[0.814s] INFO:colcon.colcon_core.shell:Creating prefix chain script '/home/acclivis_linux2/script/lg_groundtruth_data_ws/src/install/setup.bash'
[0.820s] INFO:colcon.colcon_core.shell:Creating prefix script '/home/acclivis_linux2/script/lg_groundtruth_data_ws/src/install/local_setup.zsh'
[0.820s] INFO:colcon.colcon_core.shell:Creating prefix chain script '/home/acclivis_linux2/script/lg_groundtruth_data_ws/src/install/setup.zsh'
