[0.440s] Invoking command in '/home/acclivis_linux2/script/lg_groundtruth_data_ws/src/lg_sub_groundtruth': PYTHONPATH=/home/acclivis_linux2/script/lg_groundtruth_data_ws/src/install/lg_sub_groundtruth/lib/python3.6/site-packages:${PYTHONPATH} /usr/bin/python3 setup.py egg_info --egg-base ../build/lg_sub_groundtruth build --build-base /home/acclivis_linux2/script/lg_groundtruth_data_ws/src/build/lg_sub_groundtruth/build install --prefix /home/acclivis_linux2/script/lg_groundtruth_data_ws/src/install/lg_sub_groundtruth --record /home/acclivis_linux2/script/lg_groundtruth_data_ws/src/build/lg_sub_groundtruth/install.log --single-version-externally-managed
[0.752s] running egg_info
[0.752s] creating ../build/lg_sub_groundtruth/lg_sub_groundtruth.egg-info
[0.752s] writing ../build/lg_sub_groundtruth/lg_sub_groundtruth.egg-info/PKG-INFO
[0.753s] writing dependency_links to ../build/lg_sub_groundtruth/lg_sub_groundtruth.egg-info/dependency_links.txt
[0.753s] writing entry points to ../build/lg_sub_groundtruth/lg_sub_groundtruth.egg-info/entry_points.txt
[0.753s] writing requirements to ../build/lg_sub_groundtruth/lg_sub_groundtruth.egg-info/requires.txt
[0.753s] writing top-level names to ../build/lg_sub_groundtruth/lg_sub_groundtruth.egg-info/top_level.txt
[0.754s] writing manifest file '../build/lg_sub_groundtruth/lg_sub_groundtruth.egg-info/SOURCES.txt'
[0.788s] reading manifest file '../build/lg_sub_groundtruth/lg_sub_groundtruth.egg-info/SOURCES.txt'
[0.788s] writing manifest file '../build/lg_sub_groundtruth/lg_sub_groundtruth.egg-info/SOURCES.txt'
[0.789s] running build
[0.789s] running build_py
[0.789s] creating /home/acclivis_linux2/script/lg_groundtruth_data_ws/src/build/lg_sub_groundtruth/build
[0.789s] creating /home/acclivis_linux2/script/lg_groundtruth_data_ws/src/build/lg_sub_groundtruth/build/lib
[0.789s] creating /home/acclivis_linux2/script/lg_groundtruth_data_ws/src/build/lg_sub_groundtruth/build/lib/lg_sub_groundtruth
[0.789s] copying lg_sub_groundtruth/lg_gt3d_subscriber.py -> /home/acclivis_linux2/script/lg_groundtruth_data_ws/src/build/lg_sub_groundtruth/build/lib/lg_sub_groundtruth
[0.789s] copying lg_sub_groundtruth/__init__.py -> /home/acclivis_linux2/script/lg_groundtruth_data_ws/src/build/lg_sub_groundtruth/build/lib/lg_sub_groundtruth
[0.789s] running install
[0.789s] running install_lib
[0.790s] creating /home/acclivis_linux2/script/lg_groundtruth_data_ws/src/install/lg_sub_groundtruth/lib/python3.6/site-packages/lg_sub_groundtruth
[0.790s] copying /home/acclivis_linux2/script/lg_groundtruth_data_ws/src/build/lg_sub_groundtruth/build/lib/lg_sub_groundtruth/lg_gt3d_subscriber.py -> /home/acclivis_linux2/script/lg_groundtruth_data_ws/src/install/lg_sub_groundtruth/lib/python3.6/site-packages/lg_sub_groundtruth
[0.790s] copying /home/acclivis_linux2/script/lg_groundtruth_data_ws/src/build/lg_sub_groundtruth/build/lib/lg_sub_groundtruth/__init__.py -> /home/acclivis_linux2/script/lg_groundtruth_data_ws/src/install/lg_sub_groundtruth/lib/python3.6/site-packages/lg_sub_groundtruth
[0.790s] byte-compiling /home/acclivis_linux2/script/lg_groundtruth_data_ws/src/install/lg_sub_groundtruth/lib/python3.6/site-packages/lg_sub_groundtruth/lg_gt3d_subscriber.py to lg_gt3d_subscriber.cpython-36.pyc
[0.791s] byte-compiling /home/acclivis_linux2/script/lg_groundtruth_data_ws/src/install/lg_sub_groundtruth/lib/python3.6/site-packages/lg_sub_groundtruth/__init__.py to __init__.cpython-36.pyc
[0.791s] running install_data
[0.791s] creating /home/acclivis_linux2/script/lg_groundtruth_data_ws/src/install/lg_sub_groundtruth/share/ament_index
[0.791s] creating /home/acclivis_linux2/script/lg_groundtruth_data_ws/src/install/lg_sub_groundtruth/share/ament_index/resource_index
[0.791s] creating /home/acclivis_linux2/script/lg_groundtruth_data_ws/src/install/lg_sub_groundtruth/share/ament_index/resource_index/packages
[0.791s] copying resource/lg_sub_groundtruth -> /home/acclivis_linux2/script/lg_groundtruth_data_ws/src/install/lg_sub_groundtruth/share/ament_index/resource_index/packages
[0.791s] copying package.xml -> /home/acclivis_linux2/script/lg_groundtruth_data_ws/src/install/lg_sub_groundtruth/share/lg_sub_groundtruth
[0.792s] running install_egg_info
[0.793s] Copying ../build/lg_sub_groundtruth/lg_sub_groundtruth.egg-info to /home/acclivis_linux2/script/lg_groundtruth_data_ws/src/install/lg_sub_groundtruth/lib/python3.6/site-packages/lg_sub_groundtruth-0.0.0-py3.6.egg-info
[0.794s] running install_scripts
[0.820s] Installing lg_gt3d_subscriber script to /home/acclivis_linux2/script/lg_groundtruth_data_ws/src/install/lg_sub_groundtruth/lib/lg_sub_groundtruth
[0.820s] writing list of installed files to '/home/acclivis_linux2/script/lg_groundtruth_data_ws/src/build/lg_sub_groundtruth/install.log'
[0.852s] Invoked command in '/home/acclivis_linux2/script/lg_groundtruth_data_ws/src/lg_sub_groundtruth' returned '0': PYTHONPATH=/home/acclivis_linux2/script/lg_groundtruth_data_ws/src/install/lg_sub_groundtruth/lib/python3.6/site-packages:${PYTHONPATH} /usr/bin/python3 setup.py egg_info --egg-base ../build/lg_sub_groundtruth build --build-base /home/acclivis_linux2/script/lg_groundtruth_data_ws/src/build/lg_sub_groundtruth/build install --prefix /home/acclivis_linux2/script/lg_groundtruth_data_ws/src/install/lg_sub_groundtruth --record /home/acclivis_linux2/script/lg_groundtruth_data_ws/src/build/lg_sub_groundtruth/install.log --single-version-externally-managed
